+++ DATA: "S_XYZ:5"
+++ parseResponse:  "S_XYZ:5"
+++ S_XYZ:  "5"
+++ RESPONSE: ""
+++ DATA: "echo:busy: processing"
+++ parseResponse:  "echo:busy: processing"
+++ ECHO:  "busy" ,  1
+++ RESPONSE: ""
+++ DATA: "X:0.00 Y:0.00 Z:6.34 Count X:0 Y:0 Z:25377"
+++ parseResponse:  "X:0.00 Y:0.00 Z:6.34 Count X:0 Y:0 Z:25377"
+++ X:Y:Z:  "0.00" ,  "0.00" ,  "6.34"
+++ RESPONSE: ""
+++ DATA: "S_XYZ:5"
+++ parseResponse:  "S_XYZ:5"
+++ S_XYZ:  "5"
+++ RESPONSE: ""
+++ DATA: "echo:busy: processing"
+++ parseResponse:  "echo:busy: processing"
+++ ECHO:  "busy" ,  1
+++ RESPONSE: ""
+++ DATA: "X:0.00 Y:0.00 Z:5.35 Count X:0 Y:0 Z:21381"
+++ parseResponse:  "X:0.00 Y:0.00 Z:5.35 Count X:0 Y:0 Z:21381"
+++ X:Y:Z:  "0.00" ,  "0.00" ,  "5.35"
+++ RESPONSE: ""
+++ DATA: "S_XYZ:5"
+++ parseResponse:  "S_XYZ:5"
+++ S_XYZ:  "5"
+++ RESPONSE: ""
+++ DATA: "echo:busy: processing"
+++ parseResponse:  "echo:busy: processing"
+++ ECHO:  "busy" ,  1
+++ RESPONSE: ""
+++ DATA: "X:0.00 Y:0.00 Z:4.35 Count X:0 Y:0 Z:17385"
+++ parseResponse:  "X:0.00 Y:0.00 Z:4.35 Count X:0 Y:0 Z:17385"
+++ X:Y:Z:  "0.00" ,  "0.00" ,  "4.35"
+++ RESPONSE: ""
+++ DATA: "S_XYZ:5"
+++ parseResponse:  "S_XYZ:5"
+++ S_XYZ:  "5"
+++ RESPONSE: ""
+++ DATA: "echo:busy: processing"
+++ parseResponse:  "echo:busy: processing"
+++ ECHO:  "busy" ,  1
+++ RESPONSE: ""
+++ DATA: "X:0.00 Y:0.00 Z:3.35 Count X:0 Y:0 Z:13389"
+++ parseResponse:  "X:0.00 Y:0.00 Z:3.35 Count X:0 Y:0 Z:13389"
+++ X:Y:Z:  "0.00" ,  "0.00" ,  "3.35"
+++ RESPONSE: ""
+++ DATA: "S_XYZ:5"
+++ parseResponse:  "S_XYZ:5"
+++ S_XYZ:  "5"
+++ RESPONSE: ""
+++ DATA: "echo:busy: processing"
+++ parseResponse:  "echo:busy: processing"
+++ ECHO:  "busy" ,  1
+++ RESPONSE: ""
+++ DATA: "X:0.00 Y:0.00 Z:2.35 Count X:0 Y:0 Z:9393"
+++ parseResponse:  "X:0.00 Y:0.00 Z:2.35 Count X:0 Y:0 Z:9393"
+++ X:Y:Z:  "0.00" ,  "0.00" ,  "2.35"
+++ RESPONSE: ""
+++ DATA: "S_XYZ:5"
+++ parseResponse:  "S_XYZ:5"
+++ S_XYZ:  "5"
+++ RESPONSE: ""
+++ DATA: "echo:busy: processing"
+++ parseResponse:  "echo:busy: processing"
+++ ECHO:  "busy" ,  1
+++ RESPONSE: ""
+++ DATA: "X:0.00 Y:0.00 Z:1.35 Count X:0 Y:0 Z:5397"
+++ parseResponse:  "X:0.00 Y:0.00 Z:1.35 Count X:0 Y:0 Z:5397"
+++ X:Y:Z:  "0.00" ,  "0.00" ,  "1.35"
+++ RESPONSE: ""
+++ DATA: "S_XYZ:5"
+++ parseResponse:  "S_XYZ:5"
+++ S_XYZ:  "5"
+++ RESPONSE: ""
+++ DATA: "echo:busy: processing"
+++ parseResponse:  "echo:busy: processing"
+++ ECHO:  "busy" ,  1
+++ RESPONSE: ""
+++ DATA: "X:0.00 Y:0.00 Z:0.35 Count X:0 Y:0 Z:1401"
+++ parseResponse:  "X:0.00 Y:0.00 Z:0.35 Count X:0 Y:0 Z:1401"
+++ X:Y:Z:  "0.00" ,  "0.00" ,  "0.35"
+++ RESPONSE: ""
+++ DATA: "S_XYZ:5"
+++ parseResponse:  "S_XYZ:5"
+++ S_XYZ:  "5"
+++ RESPONSE: ""
+++ DATA: "echo:busy: processing"
+++ parseResponse:  "echo:busy: processing"
+++ ECHO:  "busy" ,  1
+++ RESPONSE: ""
+++ DATA: "X:0.00 Y:0.00 Z:-0.65 Count X:0 Y:0 Z:-2595"
+++ parseResponse:  "X:0.00 Y:0.00 Z:-0.65 Count X:0 Y:0 Z:-2595"
+++ X:Y:Z:  "0.00" ,  "0.00" ,  "-0.65"
+++ RESPONSE: ""
+++ DATA: "S_XYZ:5"
+++ parseResponse:  "S_XYZ:5"
+++ S_XYZ:  "5"
+++ RESPONSE: ""
+++ DATA: "Bed X: 0.00 Y: 0.00 Z: -0.89"
+++ parseResponse:  "Bed X: 0.00 Y: 0.00 Z: -0.89"
+++ RESPONSE: "Bed X: 0.00 Y: 0.00 Z: -0.89;"
+++ DATA: "X:0.00 Y:0.00 Z:-0.89 Count X:0 Y:0 Z:-3565"
+++ parseResponse:  "X:0.00 Y:0.00 Z:-0.89 Count X:0 Y:0 Z:-3565"
+++ X:Y:Z:  "0.00" ,  "0.00" ,  "-0.89"
+++ RESPONSE: "Bed X: 0.00 Y: 0.00 Z: -0.89;"
+++ DATA: "ok"
+++ COMMAND: "G30" , ca.tableIndex: 5
tool missed: 5 3 5
+++ command: "G30"
CandleConnection::write() : "G30\r"
+++ DATA: "S_XYZ:5"
+++ parseResponse:  "S_XYZ:5"
+++ S_XYZ:  "5"
+++ RESPONSE: ""
+++ DATA: "S_XYZ:5"
+++ parseResponse:  "S_XYZ:5"
+++ S_XYZ:  "5"
+++ RESPONSE: ""
+++ DATA: "ok"
+++ COMMAND: "G0Z2" , ca.tableIndex: 6
tool missed: 6 4 6
+++ command: "G0Z2"
CandleConnection::write() : "G0Z2\r"
+++ DATA: "S_XYZ:5"
+++ parseResponse:  "S_XYZ:5"
+++ S_XYZ:  "5"
+++ RESPONSE: ""
+++ DATA: "S_XYZ:5"
+++ parseResponse:  "S_XYZ:5"
+++ S_XYZ:  "5"
+++ RESPONSE: ""
+++ DATA: "ok"
+++ COMMAND: "G0X37.160Y0.000" , ca.tableIndex: 7
tool missed: 7 5 7
+++ command: "G0X0.000Y71.150"
CandleConnection::write() : "G0X0.000Y71.150\r"
+++ DATA: "echo:busy: processing"
+++ parseResponse:  "echo:busy: processing"
+++ ECHO:  "busy" ,  1
+++ RESPONSE: ""
+++ DATA: "X:35.57 Y:0.00 Z:2.00 Count X:56918 Y:0 Z:8000"
+++ parseResponse:  "X:35.57 Y:0.00 Z:2.00 Count X:56918 Y:0 Z:8000"
+++ X:Y:Z:  "35.57" ,  "0.00" ,  "2.00"
+++ RESPONSE: ""
+++ DATA: "S_XYZ:5"
+++ parseResponse:  "S_XYZ:5"
+++ S_XYZ:  "5"
+++ RESPONSE: ""
+++ DATA: "echo:busy: processing"
+++ parseResponse:  "echo:busy: processing"
+++ ECHO:  "busy" ,  1
+++ RESPONSE: ""
+++ DATA: "X:37.16 Y:0.00 Z:3.71 Count X:59456 Y:0 Z:14856"
+++ parseResponse:  "X:37.16 Y:0.00 Z:3.71 Count X:59456 Y:0 Z:14856"
+++ X:Y:Z:  "37.16" ,  "0.00" ,  "3.71"
+++ RESPONSE: ""
+++ DATA: "S_XYZ:5"
+++ parseResponse:  "S_XYZ:5"
+++ S_XYZ:  "5"
+++ RESPONSE: ""
+++ DATA: "echo:busy: processing"
+++ parseResponse:  "echo:busy: processing"
+++ ECHO:  "busy" ,  1
+++ RESPONSE: ""
+++ DATA: "X:37.16 Y:0.00 Z:5.71 Count X:59456 Y:0 Z:22840"
+++ parseResponse:  "X:37.16 Y:0.00 Z:5.71 Count X:59456 Y:0 Z:22840"
+++ X:Y:Z:  "37.16" ,  "0.00" ,  "5.71"
+++ RESPONSE: ""
+++ DATA: "S_XYZ:5"
+++ parseResponse:  "S_XYZ:5"
+++ S_XYZ:  "5"
+++ RESPONSE: ""
+++ DATA: "echo:busy: processing"
+++ parseResponse:  "echo:busy: processing"
+++ ECHO:  "busy" ,  1
+++ RESPONSE: ""
+++ DATA: "X:37.16 Y:0.00 Z:7.71 Count X:59456 Y:0 Z:30824"
+++ parseResponse:  "X:37.16 Y:0.00 Z:7.71 Count X:59456 Y:0 Z:30824"
+++ X:Y:Z:  "37.16" ,  "0.00" ,  "7.71"
+++ RESPONSE: ""
+++ DATA: "S_XYZ:5"
+++ parseResponse:  "S_XYZ:5"
+++ S_XYZ:  "5"
+++ RESPONSE: ""
+++ DATA: "echo:busy: processing"
+++ parseResponse:  "echo:busy: processing"
+++ ECHO:  "busy" ,  1
+++ RESPONSE: ""
+++ DATA: "X:37.16 Y:0.00 Z:9.70 Count X:59456 Y:0 Z:38808"
+++ parseResponse:  "X:37.16 Y:0.00 Z:9.70 Count X:59456 Y:0 Z:38808"
+++ X:Y:Z:  "37.16" ,  "0.00" ,  "9.70"
+++ RESPONSE: ""
+++ DATA: "S_XYZ:5"
+++ parseResponse:  "S_XYZ:5"
+++ S_XYZ:  "5"
+++ RESPONSE: ""
+++ DATA: "echo:busy: processing"
+++ parseResponse:  "echo:busy: processing"
+++ ECHO:  "busy" ,  1
+++ RESPONSE: ""
+++ DATA: "X:37.16 Y:0.00 Z:9.21 Count X:59456 Y:0 Z:36824"
+++ parseResponse:  "X:37.16 Y:0.00 Z:9.21 Count X:59456 Y:0 Z:36824"
+++ X:Y:Z:  "37.16" ,  "0.00" ,  "9.21"
+++ RESPONSE: ""
+++ DATA: "S_XYZ:5"
+++ parseResponse:  "S_XYZ:5"
+++ S_XYZ:  "5"
+++ RESPONSE: ""
+++ DATA: "echo:busy: processing"
+++ parseResponse:  "echo:busy: processing"
+++ ECHO:  "busy" ,  1
+++ RESPONSE: ""
+++ DATA: "X:37.16 Y:0.00 Z:8.21 Count X:59456 Y:0 Z:32828"
+++ parseResponse:  "X:37.16 Y:0.00 Z:8.21 Count X:59456 Y:0 Z:32828"
+++ X:Y:Z:  "37.16" ,  "0.00" ,  "8.21"
+++ RESPONSE: ""
+++ DATA: "S_XYZ:5"
+++ parseResponse:  "S_XYZ:5"
+++ S_XYZ:  "5"
+++ RESPONSE: ""
+++ DATA: "echo:busy: processing"
+++ parseResponse:  "echo:busy: processing"
+++ ECHO:  "busy" ,  1
+++ RESPONSE: ""
+++ DATA: "X:37.16 Y:0.00 Z:7.21 Count X:59456 Y:0 Z:28832"
+++ parseResponse:  "X:37.16 Y:0.00 Z:7.21 Count X:59456 Y:0 Z:28832"
+++ X:Y:Z:  "37.16" ,  "0.00" ,  "7.21"
+++ RESPONSE: ""
+++ DATA: "S_XYZ:5"
+++ parseResponse:  "S_XYZ:5"
+++ S_XYZ:  "5"
+++ RESPONSE: ""
+++ DATA: "echo:busy: processing"
+++ parseResponse:  "echo:busy: processing"
+++ ECHO:  "busy" ,  1
+++ RESPONSE: ""
+++ DATA: "X:37.16 Y:0.00 Z:6.21 Count X:59456 Y:0 Z:24836"
+++ parseResponse:  "X:37.16 Y:0.00 Z:6.21 Count X:59456 Y:0 Z:24836"
+++ X:Y:Z:  "37.16" ,  "0.00" ,  "6.21"
+++ RESPONSE: ""
+++ DATA: "S_XYZ:5"
+++ parseResponse:  "S_XYZ:5"
+++ S_XYZ:  "5"
+++ RESPONSE: ""
+++ DATA: "echo:busy: processing"
+++ parseResponse:  "echo:busy: processing"
+++ ECHO:  "busy" ,  1
+++ RESPONSE: ""
+++ DATA: "X:37.16 Y:0.00 Z:5.21 Count X:59456 Y:0 Z:20840"
+++ parseResponse:  "X:37.16 Y:0.00 Z:5.21 Count X:59456 Y:0 Z:20840"
+++ X:Y:Z:  "37.16" ,  "0.00" ,  "5.21"
+++ RESPONSE: ""
+++ DATA: "S_XYZ:5"
+++ parseResponse:  "S_XYZ:5"
+++ S_XYZ:  "5"
+++ RESPONSE: ""
+++ DATA: "echo:busy: processing"
+++ parseResponse:  "echo:busy: processing"
+++ ECHO:  "busy" ,  1
+++ RESPONSE: ""
+++ DATA: "X:37.16 Y:0.00 Z:4.21 Count X:59456 Y:0 Z:16844"
+++ parseResponse:  "X:37.16 Y:0.00 Z:4.21 Count X:59456 Y:0 Z:16844"
+++ X:Y:Z:  "37.16" ,  "0.00" ,  "4.21"
+++ RESPONSE: ""
+++ DATA: "S_XYZ:5"
+++ parseResponse:  "S_XYZ:5"
+++ S_XYZ:  "5"
+++ RESPONSE: ""
+++ DATA: "echo:busy: processing"
+++ parseResponse:  "echo:busy: processing"
+++ ECHO:  "busy" ,  1
+++ RESPONSE: ""
+++ DATA: "X:37.16 Y:0.00 Z:3.21 Count X:59456 Y:0 Z:12848"
+++ parseResponse:  "X:37.16 Y:0.00 Z:3.21 Count X:59456 Y:0 Z:12848"
+++ X:Y:Z:  "37.16" ,  "0.00" ,  "3.21"
+++ RESPONSE: ""
+++ DATA: "S_XYZ:5"
+++ parseResponse:  "S_XYZ:5"
+++ S_XYZ:  "5"
+++ RESPONSE: ""
+++ DATA: "echo:busy: processing"
+++ parseResponse:  "echo:busy: processing"
+++ ECHO:  "busy" ,  1
+++ RESPONSE: ""
+++ DATA: "X:37.16 Y:0.00 Z:2.21 Count X:59456 Y:0 Z:8852"
+++ parseResponse:  "X:37.16 Y:0.00 Z:2.21 Count X:59456 Y:0 Z:8852"
+++ X:Y:Z:  "37.16" ,  "0.00" ,  "2.21"
+++ RESPONSE: ""
+++ DATA: "S_XYZ:5"
+++ parseResponse:  "S_XYZ:5"
+++ S_XYZ:  "5"
+++ RESPONSE: ""
+++ DATA: "echo:busy: processing"
+++ parseResponse:  "echo:busy: processing"
+++ ECHO:  "busy" ,  1
+++ RESPONSE: ""
+++ DATA: "X:37.16 Y:0.00 Z:1.21 Count X:59456 Y:0 Z:4856"
+++ parseResponse:  "X:37.16 Y:0.00 Z:1.21 Count X:59456 Y:0 Z:4856"
+++ X:Y:Z:  "37.16" ,  "0.00" ,  "1.21"
+++ RESPONSE: ""
+++ DATA: "S_XYZ:5"
+++ parseResponse:  "S_XYZ:5"
+++ S_XYZ:  "5"
+++ RESPONSE: ""
+++ DATA: "echo:busy: processing"
+++ parseResponse:  "echo:busy: processing"
+++ ECHO:  "busy" ,  1
+++ RESPONSE: ""
+++ DATA: "X:37.16 Y:0.00 Z:0.22 Count X:59456 Y:0 Z:860"
+++ parseResponse:  "X:37.16 Y:0.00 Z:0.22 Count X:59456 Y:0 Z:860"
+++ X:Y:Z:  "37.16" ,  "0.00" ,  "0.22"
+++ RESPONSE: ""
+++ DATA: "S_XYZ:5"
+++ parseResponse:  "S_XYZ:5"
+++ S_XYZ:  "5"
+++ RESPONSE: ""
+++ DATA: "Bed X: 37.16 Y: 0.00 Z: -0.68"
+++ parseResponse:  "Bed X: 37.16 Y: 0.00 Z: -0.68"
+++ RESPONSE: "Bed X: 37.16 Y: 0.00 Z: -0.68;"
+++ DATA: "X:37.16 Y:0.00 Z:-0.68 Count X:59456 Y:0 Z:-2721"
+++ parseResponse:  "X:37.16 Y:0.00 Z:-0.68 Count X:59456 Y:0 Z:-2721"
+++ X:Y:Z:  "37.16" ,  "0.00" ,  "-0.68"
+++ RESPONSE: "Bed X: 37.16 Y: 0.00 Z: -0.68;"
+++ DATA: "ok"
+++ COMMAND: "G30" , ca.tableIndex: 8
tool missed: 8 5 8
+++ command: "G30"
CandleConnection::write() : "G30\r"
+++ DATA: "S_XYZ:5"
+++ parseResponse:  "S_XYZ:5"
+++ S_XYZ:  "5"
+++ RESPONSE: ""
+++ DATA: "S_XYZ:5"
+++ parseResponse:  "S_XYZ:5"
+++ S_XYZ:  "5"
+++ RESPONSE: ""
+++ DATA: "ok"
+++ COMMAND: "G0Z2" , ca.tableIndex: 9
tool missed: 9 6 9
+++ command: "G0Z2"
CandleConnection::write() : "G0Z2\r"
+++ DATA: "S_XYZ:5"
+++ parseResponse:  "S_XYZ:5"
+++ S_XYZ:  "5"
+++ RESPONSE: ""
+++ DATA: "S_XYZ:5"
+++ parseResponse:  "S_XYZ:5"
+++ S_XYZ:  "5"
+++ RESPONSE: ""
+++ DATA: "ok"
+++ COMMAND: "G0X74.320Y0.000" , ca.tableIndex: 10
tool missed: 10 7 10
+++ DATA: "echo:busy: processing"
+++ parseResponse:  "echo:busy: processing"
+++ ECHO:  "busy" ,  1
+++ RESPONSE: ""
+++ DATA: "X:72.99 Y:0.00 Z:2.00 Count X:116788 Y:0 Z:8000"
+++ parseResponse:  "X:72.99 Y:0.00 Z:2.00 Count X:116788 Y:0 Z:8000"
+++ X:Y:Z:  "72.99" ,  "0.00" ,  "2.00"
+++ RESPONSE: ""
+++ DATA: "S_XYZ:5"
+++ parseResponse:  "S_XYZ:5"
+++ S_XYZ:  "5"
+++ RESPONSE: ""
+++ DATA: "echo:busy: processing"
+++ parseResponse:  "echo:busy: processing"
+++ ECHO:  "busy" ,  1
+++ RESPONSE: ""
+++ DATA: "X:74.32 Y:0.00 Z:3.73 Count X:118912 Y:0 Z:14917"
+++ parseResponse:  "X:74.32 Y:0.00 Z:3.73 Count X:118912 Y:0 Z:14917"
+++ X:Y:Z:  "74.32" ,  "0.00" ,  "3.73"
+++ RESPONSE: ""
+++ DATA: "S_XYZ:5"
+++ parseResponse:  "S_XYZ:5"
+++ S_XYZ:  "5"
+++ RESPONSE: ""
+++ DATA: "echo:busy: processing"
+++ parseResponse:  "echo:busy: processing"
+++ ECHO:  "busy" ,  1
+++ RESPONSE: ""
+++ DATA: "X:74.32 Y:0.00 Z:5.73 Count X:118912 Y:0 Z:22901"
+++ parseResponse:  "X:74.32 Y:0.00 Z:5.73 Count X:118912 Y:0 Z:22901"
+++ X:Y:Z:  "74.32" ,  "0.00" ,  "5.73"
+++ RESPONSE: ""
+++ DATA: "S_XYZ:5"
+++ parseResponse:  "S_XYZ:5"
+++ S_XYZ:  "5"
+++ RESPONSE: ""
+++ DATA: "echo:busy: processing"
+++ parseResponse:  "echo:busy: processing"
+++ ECHO:  "busy" ,  1
+++ RESPONSE: ""
+++ DATA: "X:74.32 Y:0.00 Z:7.72 Count X:118912 Y:0 Z:30885"
+++ parseResponse:  "X:74.32 Y:0.00 Z:7.72 Count X:118912 Y:0 Z:30885"
+++ X:Y:Z:  "74.32" ,  "0.00" ,  "7.72"
+++ RESPONSE: ""
+++ DATA: "S_XYZ:5"
+++ parseResponse:  "S_XYZ:5"
+++ S_XYZ:  "5"
+++ RESPONSE: ""
+++ DATA: "echo:busy: processing"
+++ parseResponse:  "echo:busy: processing"
+++ ECHO:  "busy" ,  1
+++ RESPONSE: ""
+++ DATA: "X:74.32 Y:0.00 Z:9.72 Count X:118912 Y:0 Z:38869"
+++ parseResponse:  "X:74.32 Y:0.00 Z:9.72 Count X:118912 Y:0 Z:38869"
+++ X:Y:Z:  "74.32" ,  "0.00" ,  "9.72"
+++ RESPONSE: ""
+++ DATA: "S_XYZ:5"
+++ parseResponse:  "S_XYZ:5"
+++ S_XYZ:  "5"
+++ RESPONSE: ""
+++ DATA: "echo:busy: processing"
+++ parseResponse:  "echo:busy: processing"
+++ ECHO:  "busy" ,  1
+++ RESPONSE: ""
+++ DATA: "X:74.32 Y:0.00 Z:9.20 Count X:118912 Y:0 Z:36794"
+++ parseResponse:  "X:74.32 Y:0.00 Z:9.20 Count X:118912 Y:0 Z:36794"
+++ X:Y:Z:  "74.32" ,  "0.00" ,  "9.20"
+++ RESPONSE: ""
+++ DATA: "S_XYZ:5"
+++ parseResponse:  "S_XYZ:5"
+++ S_XYZ:  "5"
+++ RESPONSE: ""
+++ DATA: "echo:busy: processing"
+++ parseResponse:  "echo:busy: processing"
+++ ECHO:  "busy" ,  1
+++ RESPONSE: ""
+++ DATA: "X:74.32 Y:0.00 Z:8.20 Count X:118912 Y:0 Z:32798"
+++ parseResponse:  "X:74.32 Y:0.00 Z:8.20 Count X:118912 Y:0 Z:32798"
+++ X:Y:Z:  "74.32" ,  "0.00" ,  "8.20"
+++ RESPONSE: ""
+++ DATA: "S_XYZ:5"
+++ parseResponse:  "S_XYZ:5"
+++ S_XYZ:  "5"
+++ RESPONSE: ""
+++ DATA: "echo:busy: processing"
+++ parseResponse:  "echo:busy: processing"
+++ ECHO:  "busy" ,  1
+++ RESPONSE: ""
+++ DATA: "X:74.32 Y:0.00 Z:7.20 Count X:118912 Y:0 Z:28802"
+++ parseResponse:  "X:74.32 Y:0.00 Z:7.20 Count X:118912 Y:0 Z:28802"
+++ X:Y:Z:  "74.32" ,  "0.00" ,  "7.20"
+++ RESPONSE: ""
+++ DATA: "S_XYZ:5"
+++ parseResponse:  "S_XYZ:5"
+++ S_XYZ:  "5"
+++ RESPONSE: ""
+++ DATA: "echo:busy: processing"
+++ parseResponse:  "echo:busy: processing"
+++ ECHO:  "busy" ,  1
+++ RESPONSE: ""
+++ DATA: "X:74.32 Y:0.00 Z:6.20 Count X:118912 Y:0 Z:24806"
+++ parseResponse:  "X:74.32 Y:0.00 Z:6.20 Count X:118912 Y:0 Z:24806"
+++ X:Y:Z:  "74.32" ,  "0.00" ,  "6.20"
+++ RESPONSE: ""
+++ DATA: "S_XYZ:5"
+++ parseResponse:  "S_XYZ:5"
+++ S_XYZ:  "5"
+++ RESPONSE: ""
+++ DATA: "echo:busy: processing"
+++ parseResponse:  "echo:busy: processing"
+++ ECHO:  "busy" ,  1
+++ RESPONSE: ""
+++ DATA: "X:74.32 Y:0.00 Z:5.20 Count X:118912 Y:0 Z:20810"
+++ parseResponse:  "X:74.32 Y:0.00 Z:5.20 Count X:118912 Y:0 Z:20810"
+++ X:Y:Z:  "74.32" ,  "0.00" ,  "5.20"
+++ RESPONSE: ""
+++ DATA: "S_XYZ:5"
+++ parseResponse:  "S_XYZ:5"
+++ S_XYZ:  "5"
+++ RESPONSE: ""
+++ DATA: "echo:busy: processing"
+++ parseResponse:  "echo:busy: processing"
+++ ECHO:  "busy" ,  1
+++ RESPONSE: ""
+++ DATA: "X:74.32 Y:0.00 Z:4.20 Count X:118912 Y:0 Z:16814"
+++ parseResponse:  "X:74.32 Y:0.00 Z:4.20 Count X:118912 Y:0 Z:16814"
+++ X:Y:Z:  "74.32" ,  "0.00" ,  "4.20"
+++ RESPONSE: ""
+++ DATA: "S_XYZ:5"
+++ parseResponse:  "S_XYZ:5"
+++ S_XYZ:  "5"
+++ RESPONSE: ""
+++ DATA: "echo:busy: processing"
+++ parseResponse:  "echo:busy: processing"
+++ ECHO:  "busy" ,  1
+++ RESPONSE: ""
+++ DATA: "X:74.32 Y:0.00 Z:3.20 Count X:118912 Y:0 Z:12818"
+++ parseResponse:  "X:74.32 Y:0.00 Z:3.20 Count X:118912 Y:0 Z:12818"
+++ X:Y:Z:  "74.32" ,  "0.00" ,  "3.20"
+++ RESPONSE: ""
+++ DATA: "S_XYZ:5"
+++ parseResponse:  "S_XYZ:5"
+++ S_XYZ:  "5"
+++ RESPONSE: ""
+++ DATA: "echo:busy: processing"
+++ parseResponse:  "echo:busy: processing"
+++ ECHO:  "busy" ,  1
+++ RESPONSE: ""
+++ DATA: "X:74.32 Y:0.00 Z:2.21 Count X:118912 Y:0 Z:8822"
+++ parseResponse:  "X:74.32 Y:0.00 Z:2.21 Count X:118912 Y:0 Z:8822"
+++ X:Y:Z:  "74.32" ,  "0.00" ,  "2.21"
+++ RESPONSE: ""
+++ DATA: "S_XYZ:5"
+++ parseResponse:  "S_XYZ:5"
+++ S_XYZ:  "5"
+++ RESPONSE: ""
+++ DATA: "echo:busy: processing"
+++ parseResponse:  "echo:busy: processing"
+++ ECHO:  "busy" ,  1
+++ RESPONSE: ""
+++ DATA: "X:74.32 Y:0.00 Z:1.21 Count X:118912 Y:0 Z:4826"
+++ parseResponse:  "X:74.32 Y:0.00 Z:1.21 Count X:118912 Y:0 Z:4826"
+++ X:Y:Z:  "74.32" ,  "0.00" ,  "1.21"
+++ RESPONSE: ""
+++ DATA: "S_XYZ:5"
+++ parseResponse:  "S_XYZ:5"
+++ S_XYZ:  "5"
+++ RESPONSE: ""
+++ DATA: "echo:busy: processing"
+++ parseResponse:  "echo:busy: processing"
+++ ECHO:  "busy" ,  1
+++ RESPONSE: ""
+++ DATA: "X:74.32 Y:0.00 Z:0.21 Count X:118912 Y:0 Z:830"
+++ parseResponse:  "X:74.32 Y:0.00 Z:0.21 Count X:118912 Y:0 Z:830"
+++ X:Y:Z:  "74.32" ,  "0.00" ,  "0.21"
+++ RESPONSE: ""
+++ DATA: "S_XYZ:5"
+++ parseResponse:  "S_XYZ:5"
+++ S_XYZ:  "5"
+++ RESPONSE: ""
+++ DATA: "Bed X: 74.32 Y: 0.00 Z: -0.56"
+++ parseResponse:  "Bed X: 74.32 Y: 0.00 Z: -0.56"
+++ RESPONSE: "Bed X: 74.32 Y: 0.00 Z: -0.56;"
+++ DATA: "X:74.32 Y:0.00 Z:-0.56 Count X:118912 Y:0 Z:-2234"
+++ parseResponse:  "X:74.32 Y:0.00 Z:-0.56 Count X:118912 Y:0 Z:-2234"
+++ X:Y:Z:  "74.32" ,  "0.00" ,  "-0.56"
+++ RESPONSE: "Bed X: 74.32 Y: 0.00 Z: -0.56;"
+++ DATA: "ok"
+++ COMMAND: "G30" , ca.tableIndex: 11
tool missed: 11 7 11
+++ command: "G0X37.160Y71.150"
CandleConnection::write() : "G0X37.160Y71.150\r"
+++ DATA: "S_XYZ:5"
+++ parseResponse:  "S_XYZ:5"
+++ S_XYZ:  "5"
+++ RESPONSE: ""
+++ DATA: "S_XYZ:5"
+++ parseResponse:  "S_XYZ:5"
+++ S_XYZ:  "5"
+++ RESPONSE: ""
+++ DATA: "ok"
+++ COMMAND: "G0Z2" , ca.tableIndex: 12
tool missed: 12 8 12
+++ command: "G30"
CandleConnection::write() : "G30\r"
+++ DATA: "S_XYZ:5"
+++ parseResponse:  "S_XYZ:5"
+++ S_XYZ:  "5"
+++ RESPONSE: ""
+++ DATA: "S_XYZ:5"
+++ parseResponse:  "S_XYZ:5"
+++ S_XYZ:  "5"
+++ RESPONSE: ""
+++ DATA: "ok"
+++ COMMAND: "G0X74.320Y35.575" , ca.tableIndex: 13
tool missed: 13 9 13
+++ command: "G0Z2"
CandleConnection::write() : "G0Z2\r"
+++ DATA: "S_XYZ:5"
+++ parseResponse:  "S_XYZ:5"
+++ S_XYZ:  "5"
+++ RESPONSE: ""
+++ DATA: "S_XYZ:5"
+++ parseResponse:  "S_XYZ:5"
+++ S_XYZ:  "5"
+++ RESPONSE: ""
+++ DATA: "ok"
+++ COMMAND: "G30" , ca.tableIndex: 14
tool missed: 14 9 14
+++ command: "G0X74.320Y71.150"
CandleConnection::write() : "G0X74.320Y71.150\r"
+++ DATA: "S_XYZ:5"
+++ parseResponse:  "S_XYZ:5"
+++ S_XYZ:  "5"
+++ RESPONSE: ""
+++ DATA: "S_XYZ:5"
+++ parseResponse:  "S_XYZ:5"
+++ S_XYZ:  "5"
+++ RESPONSE: ""
+++ DATA: "ok"
+++ COMMAND: "G0Z2" , ca.tableIndex: 15
tool missed: 15 10 15
+++ command: "G30"
CandleConnection::write() : "G30\r"
+++ DATA: "echo:busy: processing"
+++ parseResponse:  "echo:busy: processing"
+++ ECHO:  "busy" ,  1
+++ RESPONSE: ""
+++ DATA: "X:41.11 Y:15.90 Z:2.00 Count X:65775 Y:25435 Z:8000"
+++ parseResponse:  "X:41.11 Y:15.90 Z:2.00 Count X:65775 Y:25435 Z:8000"
+++ X:Y:Z:  "41.11" ,  "15.90" ,  "2.00"
+++ RESPONSE: ""
+++ DATA: "S_XYZ:5"
+++ parseResponse:  "S_XYZ:5"
+++ S_XYZ:  "5"
+++ RESPONSE: ""
+++ DATA: "echo:busy: processing"
+++ parseResponse:  "echo:busy: processing"
+++ ECHO:  "busy" ,  1
+++ RESPONSE: ""
+++ DATA: "X:0.04 Y:35.56 Z:2.00 Count X:65 Y:56889 Z:8000"
+++ parseResponse:  "X:0.04 Y:35.56 Z:2.00 Count X:65 Y:56889 Z:8000"
+++ X:Y:Z:  "0.04" ,  "35.56" ,  "2.00"
+++ RESPONSE: ""
+++ DATA: "S_XYZ:5"
+++ parseResponse:  "S_XYZ:5"
+++ S_XYZ:  "5"
+++ RESPONSE: ""
+++ DATA: "echo:busy: processing"
+++ parseResponse:  "echo:busy: processing"
+++ ECHO:  "busy" ,  1
+++ RESPONSE: ""
+++ DATA: "X:0.04 Y:35.56 Z:3.95 Count X:65 Y:56889 Z:15796"
+++ parseResponse:  "X:0.04 Y:35.56 Z:3.95 Count X:65 Y:56889 Z:15796"
+++ X:Y:Z:  "0.04" ,  "35.56" ,  "3.95"
+++ RESPONSE: ""
+++ DATA: "S_XYZ:5"
+++ parseResponse:  "S_XYZ:5"
+++ S_XYZ:  "5"
+++ RESPONSE: ""
+++ DATA: "echo:busy: processing"
+++ parseResponse:  "echo:busy: processing"
+++ ECHO:  "busy" ,  1
+++ RESPONSE: ""
+++ DATA: "X:0.04 Y:35.56 Z:5.95 Count X:65 Y:56889 Z:23780"
+++ parseResponse:  "X:0.04 Y:35.56 Z:5.95 Count X:65 Y:56889 Z:23780"
+++ X:Y:Z:  "0.04" ,  "35.56" ,  "5.95"
+++ RESPONSE: ""
+++ DATA: "S_XYZ:5"
+++ parseResponse:  "S_XYZ:5"
+++ S_XYZ:  "5"
+++ RESPONSE: ""
+++ DATA: "echo:busy: processing"
+++ parseResponse:  "echo:busy: processing"
+++ ECHO:  "busy" ,  1
+++ RESPONSE: ""
+++ DATA: "X:0.04 Y:35.56 Z:7.94 Count X:65 Y:56889 Z:31764"
+++ parseResponse:  "X:0.04 Y:35.56 Z:7.94 Count X:65 Y:56889 Z:31764"
+++ X:Y:Z:  "0.04" ,  "35.56" ,  "7.94"
+++ RESPONSE: ""
+++ DATA: "S_XYZ:5"
+++ parseResponse:  "S_XYZ:5"
+++ S_XYZ:  "5"
+++ RESPONSE: ""
+++ DATA: "echo:busy: processing"
+++ parseResponse:  "echo:busy: processing"
+++ ECHO:  "busy" ,  1
+++ RESPONSE: ""
+++ DATA: "X:0.04 Y:35.56 Z:9.94 Count X:65 Y:56889 Z:39748"
+++ parseResponse:  "X:0.04 Y:35.56 Z:9.94 Count X:65 Y:56889 Z:39748"
+++ X:Y:Z:  "0.04" ,  "35.56" ,  "9.94"
+++ RESPONSE: ""
+++ DATA: "S_XYZ:5"
+++ parseResponse:  "S_XYZ:5"
+++ S_XYZ:  "5"
+++ RESPONSE: ""
+++ DATA: "echo:busy: processing"
+++ parseResponse:  "echo:busy: processing"
+++ ECHO:  "busy" ,  1
+++ RESPONSE: ""
+++ DATA: "X:0.04 Y:35.56 Z:9.09 Count X:65 Y:56889 Z:36356"
+++ parseResponse:  "X:0.04 Y:35.56 Z:9.09 Count X:65 Y:56889 Z:36356"
+++ X:Y:Z:  "0.04" ,  "35.56" ,  "9.09"
+++ RESPONSE: ""
+++ DATA: "S_XYZ:5"
+++ parseResponse:  "S_XYZ:5"
+++ S_XYZ:  "5"
+++ RESPONSE: ""
+++ DATA: "echo:busy: processing"
+++ parseResponse:  "echo:busy: processing"
+++ ECHO:  "busy" ,  1
+++ RESPONSE: ""
+++ DATA: "X:0.04 Y:35.56 Z:8.09 Count X:65 Y:56889 Z:32360"
+++ parseResponse:  "X:0.04 Y:35.56 Z:8.09 Count X:65 Y:56889 Z:32360"
+++ X:Y:Z:  "0.04" ,  "35.56" ,  "8.09"
+++ RESPONSE: ""
+++ DATA: "S_XYZ:5"
+++ parseResponse:  "S_XYZ:5"
+++ S_XYZ:  "5"
+++ RESPONSE: ""
+++ DATA: "echo:busy: processing"
+++ parseResponse:  "echo:busy: processing"
+++ ECHO:  "busy" ,  1
+++ RESPONSE: ""
+++ DATA: "X:0.04 Y:35.56 Z:7.09 Count X:65 Y:56889 Z:28364"
+++ parseResponse:  "X:0.04 Y:35.56 Z:7.09 Count X:65 Y:56889 Z:28364"
+++ X:Y:Z:  "0.04" ,  "35.56" ,  "7.09"
+++ RESPONSE: ""
+++ DATA: "S_XYZ:5"
+++ parseResponse:  "S_XYZ:5"
+++ S_XYZ:  "5"
+++ RESPONSE: ""
+++ DATA: "echo:busy: processing"
+++ parseResponse:  "echo:busy: processing"
+++ ECHO:  "busy" ,  1
+++ RESPONSE: ""
+++ DATA: "X:0.04 Y:35.56 Z:6.09 Count X:65 Y:56889 Z:24368"
+++ parseResponse:  "X:0.04 Y:35.56 Z:6.09 Count X:65 Y:56889 Z:24368"
+++ X:Y:Z:  "0.04" ,  "35.56" ,  "6.09"
+++ RESPONSE: ""
+++ DATA: "S_XYZ:5"
+++ parseResponse:  "S_XYZ:5"
+++ S_XYZ:  "5"
+++ RESPONSE: ""
+++ DATA: "echo:busy: processing"
+++ parseResponse:  "echo:busy: processing"
+++ ECHO:  "busy" ,  1
+++ RESPONSE: ""
+++ DATA: "X:0.04 Y:35.56 Z:5.09 Count X:65 Y:56889 Z:20372"
+++ parseResponse:  "X:0.04 Y:35.56 Z:5.09 Count X:65 Y:56889 Z:20372"
+++ X:Y:Z:  "0.04" ,  "35.56" ,  "5.09"
+++ RESPONSE: ""
+++ DATA: "S_XYZ:5"
+++ parseResponse:  "S_XYZ:5"
+++ S_XYZ:  "5"
+++ RESPONSE: ""
+++ DATA: "echo:busy: processing"
+++ parseResponse:  "echo:busy: processing"
+++ ECHO:  "busy" ,  1
+++ RESPONSE: ""
+++ DATA: "X:0.04 Y:35.56 Z:4.09 Count X:65 Y:56889 Z:16376"
+++ parseResponse:  "X:0.04 Y:35.56 Z:4.09 Count X:65 Y:56889 Z:16376"
+++ X:Y:Z:  "0.04" ,  "35.56" ,  "4.09"
+++ RESPONSE: ""
+++ DATA: "S_XYZ:5"
+++ parseResponse:  "S_XYZ:5"
+++ S_XYZ:  "5"
+++ RESPONSE: ""
+++ DATA: "echo:busy: processing"
+++ parseResponse:  "echo:busy: processing"
+++ ECHO:  "busy" ,  1
+++ RESPONSE: ""
+++ DATA: "X:0.04 Y:35.56 Z:3.10 Count X:65 Y:56889 Z:12380"
+++ parseResponse:  "X:0.04 Y:35.56 Z:3.10 Count X:65 Y:56889 Z:12380"
+++ X:Y:Z:  "0.04" ,  "35.56" ,  "3.10"
+++ RESPONSE: ""
+++ DATA: "S_XYZ:5"
+++ parseResponse:  "S_XYZ:5"
+++ S_XYZ:  "5"
+++ RESPONSE: ""
+++ DATA: "echo:busy: processing"
+++ parseResponse:  "echo:busy: processing"
+++ ECHO:  "busy" ,  1
+++ RESPONSE: ""
+++ DATA: "X:0.04 Y:35.56 Z:2.10 Count X:65 Y:56889 Z:8384"
+++ parseResponse:  "X:0.04 Y:35.56 Z:2.10 Count X:65 Y:56889 Z:8384"
+++ X:Y:Z:  "0.04" ,  "35.56" ,  "2.10"
+++ RESPONSE: ""
+++ DATA: "S_XYZ:5"
+++ parseResponse:  "S_XYZ:5"
+++ S_XYZ:  "5"
+++ RESPONSE: ""
+++ DATA: "echo:busy: processing"
+++ parseResponse:  "echo:busy: processing"
+++ ECHO:  "busy" ,  1
+++ RESPONSE: ""
+++ DATA: "X:0.04 Y:35.56 Z:1.10 Count X:65 Y:56889 Z:4388"
+++ parseResponse:  "X:0.04 Y:35.56 Z:1.10 Count X:65 Y:56889 Z:4388"
+++ X:Y:Z:  "0.04" ,  "35.56" ,  "1.10"
+++ RESPONSE: ""
+++ DATA: "S_XYZ:5"
+++ parseResponse:  "S_XYZ:5"
+++ S_XYZ:  "5"
+++ RESPONSE: ""
+++ DATA: "echo:busy: processing"
+++ parseResponse:  "echo:busy: processing"
+++ ECHO:  "busy" ,  1
+++ RESPONSE: ""
+++ DATA: "X:0.04 Y:35.56 Z:0.10 Count X:65 Y:56889 Z:392"
+++ parseResponse:  "X:0.04 Y:35.56 Z:0.10 Count X:65 Y:56889 Z:392"
+++ X:Y:Z:  "0.04" ,  "35.56" ,  "0.10"
+++ RESPONSE: ""
+++ DATA: "S_XYZ:5"
+++ parseResponse:  "S_XYZ:5"
+++ S_XYZ:  "5"
+++ RESPONSE: ""
+++ DATA: "Bed X: 0.00 Y: 35.58 Z: -0.85"
+++ parseResponse:  "Bed X: 0.00 Y: 35.58 Z: -0.85"
+++ RESPONSE: "Bed X: 0.00 Y: 35.58 Z: -0.85;"
+++ DATA: "X:0.00 Y:35.58 Z:-0.85 Count X:0 Y:56920 Z:-3409"
+++ parseResponse:  "X:0.00 Y:35.58 Z:-0.85 Count X:0 Y:56920 Z:-3409"
+++ X:Y:Z:  "0.00" ,  "35.58" ,  "-0.85"
+++ RESPONSE: "Bed X: 0.00 Y: 35.58 Z: -0.85;"
+++ DATA: "ok"
+++ COMMAND: "G0X37.160Y35.575" , ca.tableIndex: 16
tool missed: 16 11 16
+++ command: "G0Z2"
CandleConnection::write() : "G0Z2\r"
+++ DATA: "S_XYZ:5"
+++ parseResponse:  "S_XYZ:5"
+++ S_XYZ:  "5"
+++ RESPONSE: ""
+++ DATA: "S_XYZ:5"
+++ parseResponse:  "S_XYZ:5"
+++ S_XYZ:  "5"
+++ RESPONSE: ""
+++ DATA: "ok"
+++ COMMAND: "G30" , ca.tableIndex: 17
tool missed: 17 11 17
+++ DATA: "S_XYZ:5"
+++ parseResponse:  "S_XYZ:5"
+++ S_XYZ:  "5"
+++ RESPONSE: ""
+++ DATA: "S_XYZ:5"
+++ parseResponse:  "S_XYZ:5"
+++ S_XYZ:  "5"
+++ RESPONSE: ""
+++ DATA: "ok"
+++ COMMAND: "G0Z2" , ca.tableIndex: 18
tool missed: 18 12 18
+++ DATA: "echo:busy: processing"
+++ parseResponse:  "echo:busy: processing"
+++ ECHO:  "busy" ,  1
+++ RESPONSE: ""
+++ DATA: "X:0.00 Y:70.54 Z:2.00 Count X:0 Y:112867 Z:8000"
+++ parseResponse:  "X:0.00 Y:70.54 Z:2.00 Count X:0 Y:112867 Z:8000"
+++ X:Y:Z:  "0.00" ,  "70.54" ,  "2.00"
+++ RESPONSE: ""
+++ DATA: "S_XYZ:5"
+++ parseResponse:  "S_XYZ:5"
+++ S_XYZ:  "5"
+++ RESPONSE: ""
+++ DATA: "echo:busy: processing"
+++ parseResponse:  "echo:busy: processing"
+++ ECHO:  "busy" ,  1
+++ RESPONSE: ""
+++ DATA: "X:0.00 Y:71.15 Z:3.78 Count X:0 Y:113840 Z:15129"
+++ parseResponse:  "X:0.00 Y:71.15 Z:3.78 Count X:0 Y:113840 Z:15129"
+++ X:Y:Z:  "0.00" ,  "71.15" ,  "3.78"
+++ RESPONSE: ""
+++ DATA: "S_XYZ:5"
+++ parseResponse:  "S_XYZ:5"
+++ S_XYZ:  "5"
+++ RESPONSE: ""
+++ DATA: "echo:busy: processing"
+++ parseResponse:  "echo:busy: processing"
+++ ECHO:  "busy" ,  1
+++ RESPONSE: ""
+++ DATA: "X:0.00 Y:71.15 Z:5.78 Count X:0 Y:113840 Z:23113"
+++ parseResponse:  "X:0.00 Y:71.15 Z:5.78 Count X:0 Y:113840 Z:23113"
+++ X:Y:Z:  "0.00" ,  "71.15" ,  "5.78"
+++ RESPONSE: ""
+++ DATA: "S_XYZ:5"
+++ parseResponse:  "S_XYZ:5"
+++ S_XYZ:  "5"
+++ RESPONSE: ""
+++ DATA: "echo:busy: processing"
+++ parseResponse:  "echo:busy: processing"
+++ ECHO:  "busy" ,  1
+++ RESPONSE: ""
+++ DATA: "X:0.00 Y:71.15 Z:7.77 Count X:0 Y:113840 Z:31097"
+++ parseResponse:  "X:0.00 Y:71.15 Z:7.77 Count X:0 Y:113840 Z:31097"
+++ X:Y:Z:  "0.00" ,  "71.15" ,  "7.77"
+++ RESPONSE: ""
+++ DATA: "S_XYZ:5"
+++ parseResponse:  "S_XYZ:5"
+++ S_XYZ:  "5"
+++ RESPONSE: ""
+++ DATA: "echo:busy: processing"
+++ parseResponse:  "echo:busy: processing"
+++ ECHO:  "busy" ,  1
+++ RESPONSE: ""
+++ DATA: "X:0.00 Y:71.15 Z:9.78 Count X:0 Y:113840 Z:39104"
+++ parseResponse:  "X:0.00 Y:71.15 Z:9.78 Count X:0 Y:113840 Z:39104"
+++ X:Y:Z:  "0.00" ,  "71.15" ,  "9.78"
+++ RESPONSE: ""
+++ DATA: "S_XYZ:5"
+++ parseResponse:  "S_XYZ:5"
+++ S_XYZ:  "5"
+++ RESPONSE: ""
+++ DATA: "echo:busy: processing"
+++ parseResponse:  "echo:busy: processing"
+++ ECHO:  "busy" ,  1
+++ RESPONSE: ""
+++ DATA: "X:0.00 Y:71.15 Z:9.17 Count X:0 Y:113840 Z:36678"
+++ parseResponse:  "X:0.00 Y:71.15 Z:9.17 Count X:0 Y:113840 Z:36678"
+++ X:Y:Z:  "0.00" ,  "71.15" ,  "9.17"
+++ RESPONSE: ""
+++ DATA: "S_XYZ:5"
+++ parseResponse:  "S_XYZ:5"
+++ S_XYZ:  "5"
+++ RESPONSE: ""
+++ DATA: "echo:busy: processing"
+++ parseResponse:  "echo:busy: processing"
+++ ECHO:  "busy" ,  1
+++ RESPONSE: ""
+++ DATA: "X:0.00 Y:71.15 Z:8.17 Count X:0 Y:113840 Z:32682"
+++ parseResponse:  "X:0.00 Y:71.15 Z:8.17 Count X:0 Y:113840 Z:32682"
+++ X:Y:Z:  "0.00" ,  "71.15" ,  "8.17"
+++ RESPONSE: ""
+++ DATA: "S_XYZ:5"
+++ parseResponse:  "S_XYZ:5"
+++ S_XYZ:  "5"
+++ RESPONSE: ""
+++ DATA: "echo:busy: processing"
+++ parseResponse:  "echo:busy: processing"
+++ ECHO:  "busy" ,  1
+++ RESPONSE: ""
+++ DATA: "X:0.00 Y:71.15 Z:7.17 Count X:0 Y:113840 Z:28686"
+++ parseResponse:  "X:0.00 Y:71.15 Z:7.17 Count X:0 Y:113840 Z:28686"
+++ X:Y:Z:  "0.00" ,  "71.15" ,  "7.17"
+++ RESPONSE: ""
+++ DATA: "S_XYZ:5"
+++ parseResponse:  "S_XYZ:5"
+++ S_XYZ:  "5"
+++ RESPONSE: ""
+++ DATA: "echo:busy: processing"
+++ parseResponse:  "echo:busy: processing"
+++ ECHO:  "busy" ,  1
+++ RESPONSE: ""
+++ DATA: "X:0.00 Y:71.15 Z:6.17 Count X:0 Y:113840 Z:24690"
+++ parseResponse:  "X:0.00 Y:71.15 Z:6.17 Count X:0 Y:113840 Z:24690"
+++ X:Y:Z:  "0.00" ,  "71.15" ,  "6.17"
+++ RESPONSE: ""
+++ DATA: "S_XYZ:5"
+++ parseResponse:  "S_XYZ:5"
+++ S_XYZ:  "5"
+++ RESPONSE: ""
+++ DATA: "echo:busy: processing"
+++ parseResponse:  "echo:busy: processing"
+++ ECHO:  "busy" ,  1
+++ RESPONSE: ""
+++ DATA: "X:0.00 Y:71.15 Z:5.17 Count X:0 Y:113840 Z:20694"
+++ parseResponse:  "X:0.00 Y:71.15 Z:5.17 Count X:0 Y:113840 Z:20694"
+++ X:Y:Z:  "0.00" ,  "71.15" ,  "5.17"
+++ RESPONSE: ""
+++ DATA: "S_XYZ:5"
+++ parseResponse:  "S_XYZ:5"
+++ S_XYZ:  "5"
+++ RESPONSE: ""
+++ DATA: "echo:busy: processing"
+++ parseResponse:  "echo:busy: processing"
+++ ECHO:  "busy" ,  1
+++ RESPONSE: ""
+++ DATA: "X:0.00 Y:71.15 Z:4.17 Count X:0 Y:113840 Z:16698"
+++ parseResponse:  "X:0.00 Y:71.15 Z:4.17 Count X:0 Y:113840 Z:16698"
+++ X:Y:Z:  "0.00" ,  "71.15" ,  "4.17"
+++ RESPONSE: ""
+++ DATA: "S_XYZ:5"
+++ parseResponse:  "S_XYZ:5"
+++ S_XYZ:  "5"
+++ RESPONSE: ""
+++ DATA: "echo:busy: processing"
+++ parseResponse:  "echo:busy: processing"
+++ ECHO:  "busy" ,  1
+++ RESPONSE: ""
+++ DATA: "X:0.00 Y:71.15 Z:3.18 Count X:0 Y:113840 Z:12702"
+++ parseResponse:  "X:0.00 Y:71.15 Z:3.18 Count X:0 Y:113840 Z:12702"
+++ X:Y:Z:  "0.00" ,  "71.15" ,  "3.18"
+++ RESPONSE: ""
+++ DATA: "S_XYZ:5"
+++ parseResponse:  "S_XYZ:5"
+++ S_XYZ:  "5"
+++ RESPONSE: ""
+++ DATA: "echo:busy: processing"
+++ parseResponse:  "echo:busy: processing"
+++ ECHO:  "busy" ,  1
+++ RESPONSE: ""
+++ DATA: "X:0.00 Y:71.15 Z:2.18 Count X:0 Y:113840 Z:8706"
+++ parseResponse:  "X:0.00 Y:71.15 Z:2.18 Count X:0 Y:113840 Z:8706"
+++ X:Y:Z:  "0.00" ,  "71.15" ,  "2.18"
+++ RESPONSE: ""
+++ DATA: "S_XYZ:5"
+++ parseResponse:  "S_XYZ:5"
+++ S_XYZ:  "5"
+++ RESPONSE: ""
+++ DATA: "echo:busy: processing"
+++ parseResponse:  "echo:busy: processing"
+++ ECHO:  "busy" ,  1
+++ RESPONSE: ""
+++ DATA: "X:0.00 Y:71.15 Z:1.18 Count X:0 Y:113840 Z:4710"
+++ parseResponse:  "X:0.00 Y:71.15 Z:1.18 Count X:0 Y:113840 Z:4710"
+++ X:Y:Z:  "0.00" ,  "71.15" ,  "1.18"
+++ RESPONSE: ""
+++ DATA: "S_XYZ:5"
+++ parseResponse:  "S_XYZ:5"
+++ S_XYZ:  "5"
+++ RESPONSE: ""
+++ DATA: "echo:busy: processing"
+++ parseResponse:  "echo:busy: processing"
+++ ECHO:  "busy" ,  1
+++ RESPONSE: ""
+++ DATA: "X:0.00 Y:71.15 Z:0.18 Count X:0 Y:113840 Z:714"
+++ parseResponse:  "X:0.00 Y:71.15 Z:0.18 Count X:0 Y:113840 Z:714"
+++ X:Y:Z:  "0.00" ,  "71.15" ,  "0.18"
+++ RESPONSE: ""
+++ DATA: "S_XYZ:5"
+++ parseResponse:  "S_XYZ:5"
+++ S_XYZ:  "5"
+++ RESPONSE: ""
+++ DATA: "echo:busy: processing"
+++ parseResponse:  "echo:busy: processing"
+++ ECHO:  "busy" ,  1
+++ RESPONSE: ""
+++ DATA: "X:0.00 Y:71.15 Z:-0.82 Count X:0 Y:113840 Z:-3282"
+++ parseResponse:  "X:0.00 Y:71.15 Z:-0.82 Count X:0 Y:113840 Z:-3282"
+++ X:Y:Z:  "0.00" ,  "71.15" ,  "-0.82"
+++ RESPONSE: ""
+++ DATA: "S_XYZ:5"
+++ parseResponse:  "S_XYZ:5"
+++ S_XYZ:  "5"
+++ RESPONSE: ""
+++ DATA: "Bed X: 0.00 Y: 71.15 Z: -0.86"
+++ parseResponse:  "Bed X: 0.00 Y: 71.15 Z: -0.86"
+++ RESPONSE: "Bed X: 0.00 Y: 71.15 Z: -0.86;"
+++ DATA: "X:0.00 Y:71.15 Z:-0.86 Count X:0 Y:113840 Z:-3438"
+++ parseResponse:  "X:0.00 Y:71.15 Z:-0.86 Count X:0 Y:113840 Z:-3438"
+++ X:Y:Z:  "0.00" ,  "71.15" ,  "-0.86"
+++ RESPONSE: "Bed X: 0.00 Y: 71.15 Z: -0.86;"
+++ DATA: "ok"
+++ COMMAND: "G0X0.000Y35.575" , ca.tableIndex: 19
tool missed: 19 13 19
+++ DATA: "S_XYZ:5"
+++ parseResponse:  "S_XYZ:5"
+++ S_XYZ:  "5"
+++ RESPONSE: ""
+++ DATA: "S_XYZ:5"
+++ parseResponse:  "S_XYZ:5"
+++ S_XYZ:  "5"
+++ RESPONSE: ""
+++ DATA: "ok"
+++ COMMAND: "G30" , ca.tableIndex: 20
tool missed: 20 13 20
+++ DATA: "S_XYZ:5"
+++ parseResponse:  "S_XYZ:5"
+++ S_XYZ:  "5"
+++ RESPONSE: ""
+++ DATA: "S_XYZ:5"
+++ parseResponse:  "S_XYZ:5"
+++ S_XYZ:  "5"
+++ RESPONSE: ""
+++ DATA: "ok"
+++ COMMAND: "G0Z2" , ca.tableIndex: 21
ASSERT failure in QList<T>::at: "index out of range", file ../../Qt/5.15.2/gcc_64/include/QtCore/qlist.h, line 571
Press <RETURN> to close this window...



