+++ S_XYZ:  "7"
+++ RESPONSE: "G29 Auto Bed Leveling;Probing mesh point 1/9.;Probing mesh point 2/9.;"
+++ DATA: "echo:busy: processing"
+++ parseResponse:  "echo:busy: processing"
+++ ECHO:  "busy" ,  1
+++ RESPONSE: "G29 Auto Bed Leveling;Probing mesh point 1/9.;Probing mesh point 2/9.;"
+++ DATA: "X:37.16 Y:71.15 Z:3.59 Count X:59456 Y:113840 Z:14379"
+++ parseResponse:  "X:37.16 Y:71.15 Z:3.59 Count X:59456 Y:113840 Z:14379"
+++ X:Y:Z:  "37.16" ,  "71.15" ,  "3.59"
+++ RESPONSE: "G29 Auto Bed Leveling;Probing mesh point 1/9.;Probing mesh point 2/9.;"
+++ DATA: "S_XYZ:7"
+++ parseResponse:  "S_XYZ:7"
+++ S_XYZ:  "7"
+++ RESPONSE: "G29 Auto Bed Leveling;Probing mesh point 1/9.;Probing mesh point 2/9.;"
+++ DATA: "Bed X: 37.16 Y: 71.15 Z: 0.09"
+++ parseResponse:  "Bed X: 37.16 Y: 71.15 Z: 0.09"
+++ Bed X:Y:Z:  "37.16" ,  "71.15" ,  "0.09"
Updating interpolation
+++ RESPONSE: "G29 Auto Bed Leveling;Probing mesh point 1/9.;Probing mesh point 2/9.;"
+++ DATA: "Probing mesh point 3/9."
+++ parseResponse:  "Probing mesh point 3/9."
+++ RESPONSE: "G29 Auto Bed Leveling;Probing mesh point 1/9.;Probing mesh point 2/9.;Probing mesh point 3/9.;"
+++ DATA: "echo:busy: processing"
+++ parseResponse:  "echo:busy: processing"
+++ ECHO:  "busy" ,  1
+++ RESPONSE: "G29 Auto Bed Leveling;Probing mesh point 1/9.;Probing mesh point 2/9.;Probing mesh point 3/9.;"
+++ DATA: "X:44.61 Y:71.15 Z:5.09 Count X:71379 Y:113840 Z:20376"
+++ parseResponse:  "X:44.61 Y:71.15 Z:5.09 Count X:71379 Y:113840 Z:20376"
+++ X:Y:Z:  "44.61" ,  "71.15" ,  "5.09"
+++ RESPONSE: "G29 Auto Bed Leveling;Probing mesh point 1/9.;Probing mesh point 2/9.;Probing mesh point 3/9.;"
+++ DATA: "S_XYZ:7"
+++ parseResponse:  "S_XYZ:7"
+++ S_XYZ:  "7"
+++ RESPONSE: "G29 Auto Bed Leveling;Probing mesh point 1/9.;Probing mesh point 2/9.;Probing mesh point 3/9.;"
+++ DATA: "echo:busy: processing"
+++ parseResponse:  "echo:busy: processing"
+++ ECHO:  "busy" ,  1
+++ RESPONSE: "G29 Auto Bed Leveling;Probing mesh point 1/9.;Probing mesh point 2/9.;Probing mesh point 3/9.;"
+++ DATA: "X:74.32 Y:71.15 Z:4.58 Count X:118912 Y:113840 Z:18328"
+++ parseResponse:  "X:74.32 Y:71.15 Z:4.58 Count X:118912 Y:113840 Z:18328"
+++ X:Y:Z:  "74.32" ,  "71.15" ,  "4.58"
+++ RESPONSE: "G29 Auto Bed Leveling;Probing mesh point 1/9.;Probing mesh point 2/9.;Probing mesh point 3/9.;"
+++ DATA: "S_XYZ:7"
+++ parseResponse:  "S_XYZ:7"
+++ S_XYZ:  "7"
+++ RESPONSE: "G29 Auto Bed Leveling;Probing mesh point 1/9.;Probing mesh point 2/9.;Probing mesh point 3/9.;"
+++ DATA: "echo:busy: processing"
+++ parseResponse:  "echo:busy: processing"
+++ ECHO:  "busy" ,  1
+++ RESPONSE: "G29 Auto Bed Leveling;Probing mesh point 1/9.;Probing mesh point 2/9.;Probing mesh point 3/9.;"
+++ DATA: "X:74.32 Y:71.15 Z:3.58 Count X:118912 Y:113840 Z:14332"
+++ parseResponse:  "X:74.32 Y:71.15 Z:3.58 Count X:118912 Y:113840 Z:14332"
+++ X:Y:Z:  "74.32" ,  "71.15" ,  "3.58"
+++ RESPONSE: "G29 Auto Bed Leveling;Probing mesh point 1/9.;Probing mesh point 2/9.;Probing mesh point 3/9.;"
+++ DATA: "S_XYZ:7"
+++ parseResponse:  "S_XYZ:7"
+++ S_XYZ:  "7"
+++ RESPONSE: "G29 Auto Bed Leveling;Probing mesh point 1/9.;Probing mesh point 2/9.;Probing mesh point 3/9.;"
+++ DATA: "echo:busy: processing"
+++ parseResponse:  "echo:busy: processing"
+++ ECHO:  "busy" ,  1
+++ RESPONSE: "G29 Auto Bed Leveling;Probing mesh point 1/9.;Probing mesh point 2/9.;Probing mesh point 3/9.;"
+++ DATA: "X:74.32 Y:71.15 Z:2.58 Count X:118912 Y:113840 Z:10336"
+++ parseResponse:  "X:74.32 Y:71.15 Z:2.58 Count X:118912 Y:113840 Z:10336"
+++ X:Y:Z:  "74.32" ,  "71.15" ,  "2.58"
+++ RESPONSE: "G29 Auto Bed Leveling;Probing mesh point 1/9.;Probing mesh point 2/9.;Probing mesh point 3/9.;"
+++ DATA: "S_XYZ:7"
+++ parseResponse:  "S_XYZ:7"
+++ S_XYZ:  "7"
+++ RESPONSE: "G29 Auto Bed Leveling;Probing mesh point 1/9.;Probing mesh point 2/9.;Probing mesh point 3/9.;"
+++ DATA: "echo:busy: processing"
+++ parseResponse:  "echo:busy: processing"
+++ ECHO:  "busy" ,  1
+++ RESPONSE: "G29 Auto Bed Leveling;Probing mesh point 1/9.;Probing mesh point 2/9.;Probing mesh point 3/9.;"
+++ DATA: "X:74.32 Y:71.15 Z:1.59 Count X:118912 Y:113840 Z:6340"
+++ parseResponse:  "X:74.32 Y:71.15 Z:1.59 Count X:118912 Y:113840 Z:6340"
+++ X:Y:Z:  "74.32" ,  "71.15" ,  "1.59"
+++ RESPONSE: "G29 Auto Bed Leveling;Probing mesh point 1/9.;Probing mesh point 2/9.;Probing mesh point 3/9.;"
+++ DATA: "S_XYZ:7"
+++ parseResponse:  "S_XYZ:7"
+++ S_XYZ:  "7"
+++ RESPONSE: "G29 Auto Bed Leveling;Probing mesh point 1/9.;Probing mesh point 2/9.;Probing mesh point 3/9.;"
+++ DATA: "echo:busy: processing"
+++ parseResponse:  "echo:busy: processing"
+++ ECHO:  "busy" ,  1
+++ RESPONSE: "G29 Auto Bed Leveling;Probing mesh point 1/9.;Probing mesh point 2/9.;Probing mesh point 3/9.;"
+++ DATA: "X:74.32 Y:71.15 Z:0.59 Count X:118912 Y:113840 Z:2344"
+++ parseResponse:  "X:74.32 Y:71.15 Z:0.59 Count X:118912 Y:113840 Z:2344"
+++ X:Y:Z:  "74.32" ,  "71.15" ,  "0.59"
+++ RESPONSE: "G29 Auto Bed Leveling;Probing mesh point 1/9.;Probing mesh point 2/9.;Probing mesh point 3/9.;"
+++ DATA: "S_XYZ:7"
+++ parseResponse:  "S_XYZ:7"
+++ S_XYZ:  "7"
+++ RESPONSE: "G29 Auto Bed Leveling;Probing mesh point 1/9.;Probing mesh point 2/9.;Probing mesh point 3/9.;"
+++ DATA: "echo:busy: processing"
+++ parseResponse:  "echo:busy: processing"
+++ ECHO:  "busy" ,  1
+++ RESPONSE: "G29 Auto Bed Leveling;Probing mesh point 1/9.;Probing mesh point 2/9.;Probing mesh point 3/9.;"
+++ DATA: "X:74.32 Y:71.15 Z:1.08 Count X:118912 Y:113840 Z:4329"
+++ parseResponse:  "X:74.32 Y:71.15 Z:1.08 Count X:118912 Y:113840 Z:4329"
+++ X:Y:Z:  "74.32" ,  "71.15" ,  "1.08"
+++ RESPONSE: "G29 Auto Bed Leveling;Probing mesh point 1/9.;Probing mesh point 2/9.;Probing mesh point 3/9.;"
+++ DATA: "S_XYZ:7"
+++ parseResponse:  "S_XYZ:7"
+++ S_XYZ:  "7"
+++ RESPONSE: "G29 Auto Bed Leveling;Probing mesh point 1/9.;Probing mesh point 2/9.;Probing mesh point 3/9.;"
+++ DATA: "echo:busy: processing"
+++ parseResponse:  "echo:busy: processing"
+++ ECHO:  "busy" ,  1
+++ RESPONSE: "G29 Auto Bed Leveling;Probing mesh point 1/9.;Probing mesh point 2/9.;Probing mesh point 3/9.;"
+++ DATA: "X:74.32 Y:71.15 Z:3.08 Count X:118912 Y:113840 Z:12314"
+++ parseResponse:  "X:74.32 Y:71.15 Z:3.08 Count X:118912 Y:113840 Z:12314"
+++ X:Y:Z:  "74.32" ,  "71.15" ,  "3.08"
+++ RESPONSE: "G29 Auto Bed Leveling;Probing mesh point 1/9.;Probing mesh point 2/9.;Probing mesh point 3/9.;"
+++ DATA: "S_XYZ:7"
+++ parseResponse:  "S_XYZ:7"
+++ S_XYZ:  "7"
+++ RESPONSE: "G29 Auto Bed Leveling;Probing mesh point 1/9.;Probing mesh point 2/9.;Probing mesh point 3/9.;"
+++ DATA: "echo:busy: processing"
+++ parseResponse:  "echo:busy: processing"
+++ ECHO:  "busy" ,  1
+++ RESPONSE: "G29 Auto Bed Leveling;Probing mesh point 1/9.;Probing mesh point 2/9.;Probing mesh point 3/9.;"
+++ DATA: "X:74.32 Y:71.15 Z:5.07 Count X:118912 Y:113840 Z:20298"
+++ parseResponse:  "X:74.32 Y:71.15 Z:5.07 Count X:118912 Y:113840 Z:20298"
+++ X:Y:Z:  "74.32" ,  "71.15" ,  "5.07"
+++ RESPONSE: "G29 Auto Bed Leveling;Probing mesh point 1/9.;Probing mesh point 2/9.;Probing mesh point 3/9.;"
+++ DATA: "S_XYZ:7"
+++ parseResponse:  "S_XYZ:7"
+++ S_XYZ:  "7"
+++ RESPONSE: "G29 Auto Bed Leveling;Probing mesh point 1/9.;Probing mesh point 2/9.;Probing mesh point 3/9.;"
+++ DATA: "Bed X: 74.32 Y: 71.15 Z: 0.12"
+++ parseResponse:  "Bed X: 74.32 Y: 71.15 Z: 0.12"
+++ Bed X:Y:Z:  "74.32" ,  "71.15" ,  "0.12"
Updating interpolation
+++ RESPONSE: "G29 Auto Bed Leveling;Probing mesh point 1/9.;Probing mesh point 2/9.;Probing mesh point 3/9.;"
+++ DATA: "Probing mesh point 4/9."
+++ parseResponse:  "Probing mesh point 4/9."
+++ RESPONSE: "G29 Auto Bed Leveling;Probing mesh point 1/9.;Probing mesh point 2/9.;Probing mesh point 3/9.;Probing mesh point 4/9.;"
+++ DATA: "echo:busy: processing"
+++ parseResponse:  "echo:busy: processing"
+++ ECHO:  "busy" ,  1
+++ RESPONSE: "G29 Auto Bed Leveling;Probing mesh point 1/9.;Probing mesh point 2/9.;Probing mesh point 3/9.;Probing mesh point 4/9.;"
+++ DATA: "X:74.32 Y:35.58 Z:4.87 Count X:118912 Y:56920 Z:19471"
+++ parseResponse:  "X:74.32 Y:35.58 Z:4.87 Count X:118912 Y:56920 Z:19471"
+++ X:Y:Z:  "74.32" ,  "35.58" ,  "4.87"
+++ RESPONSE: "G29 Auto Bed Leveling;Probing mesh point 1/9.;Probing mesh point 2/9.;Probing mesh point 3/9.;Probing mesh point 4/9.;"
+++ DATA: "S_XYZ:7"
+++ parseResponse:  "S_XYZ:7"
+++ S_XYZ:  "7"
+++ RESPONSE: "G29 Auto Bed Leveling;Probing mesh point 1/9.;Probing mesh point 2/9.;Probing mesh point 3/9.;Probing mesh point 4/9.;"
+++ DATA: "echo:busy: processing"
+++ parseResponse:  "echo:busy: processing"
+++ ECHO:  "busy" ,  1
+++ RESPONSE: "G29 Auto Bed Leveling;Probing mesh point 1/9.;Probing mesh point 2/9.;Probing mesh point 3/9.;Probing mesh point 4/9.;"
+++ DATA: "X:74.32 Y:35.58 Z:3.87 Count X:118912 Y:56920 Z:15475"
+++ parseResponse:  "X:74.32 Y:35.58 Z:3.87 Count X:118912 Y:56920 Z:15475"
+++ X:Y:Z:  "74.32" ,  "35.58" ,  "3.87"
+++ RESPONSE: "G29 Auto Bed Leveling;Probing mesh point 1/9.;Probing mesh point 2/9.;Probing mesh point 3/9.;Probing mesh point 4/9.;"
+++ DATA: "S_XYZ:7"
+++ parseResponse:  "S_XYZ:7"
+++ S_XYZ:  "7"
+++ RESPONSE: "G29 Auto Bed Leveling;Probing mesh point 1/9.;Probing mesh point 2/9.;Probing mesh point 3/9.;Probing mesh point 4/9.;"
+++ DATA: "echo:busy: processing"
+++ parseResponse:  "echo:busy: processing"
+++ ECHO:  "busy" ,  1
+++ RESPONSE: "G29 Auto Bed Leveling;Probing mesh point 1/9.;Probing mesh point 2/9.;Probing mesh point 3/9.;Probing mesh point 4/9.;"
+++ DATA: "X:74.32 Y:35.58 Z:2.87 Count X:118912 Y:56920 Z:11479"
+++ parseResponse:  "X:74.32 Y:35.58 Z:2.87 Count X:118912 Y:56920 Z:11479"
+++ X:Y:Z:  "74.32" ,  "35.58" ,  "2.87"
+++ RESPONSE: "G29 Auto Bed Leveling;Probing mesh point 1/9.;Probing mesh point 2/9.;Probing mesh point 3/9.;Probing mesh point 4/9.;"
+++ DATA: "S_XYZ:7"
+++ parseResponse:  "S_XYZ:7"
+++ S_XYZ:  "7"
+++ RESPONSE: "G29 Auto Bed Leveling;Probing mesh point 1/9.;Probing mesh point 2/9.;Probing mesh point 3/9.;Probing mesh point 4/9.;"
+++ DATA: "echo:busy: processing"
+++ parseResponse:  "echo:busy: processing"
+++ ECHO:  "busy" ,  1
+++ RESPONSE: "G29 Auto Bed Leveling;Probing mesh point 1/9.;Probing mesh point 2/9.;Probing mesh point 3/9.;Probing mesh point 4/9.;"
+++ DATA: "X:74.32 Y:35.58 Z:1.87 Count X:118912 Y:56920 Z:7483"
+++ parseResponse:  "X:74.32 Y:35.58 Z:1.87 Count X:118912 Y:56920 Z:7483"
+++ X:Y:Z:  "74.32" ,  "35.58" ,  "1.87"
+++ RESPONSE: "G29 Auto Bed Leveling;Probing mesh point 1/9.;Probing mesh point 2/9.;Probing mesh point 3/9.;Probing mesh point 4/9.;"
+++ DATA: "S_XYZ:7"
+++ parseResponse:  "S_XYZ:7"
+++ S_XYZ:  "7"
+++ RESPONSE: "G29 Auto Bed Leveling;Probing mesh point 1/9.;Probing mesh point 2/9.;Probing mesh point 3/9.;Probing mesh point 4/9.;"
+++ DATA: "echo:busy: processing"
+++ parseResponse:  "echo:busy: processing"
+++ ECHO:  "busy" ,  1
+++ RESPONSE: "G29 Auto Bed Leveling;Probing mesh point 1/9.;Probing mesh point 2/9.;Probing mesh point 3/9.;Probing mesh point 4/9.;"
+++ DATA: "X:74.32 Y:35.58 Z:0.87 Count X:118912 Y:56920 Z:3487"
+++ parseResponse:  "X:74.32 Y:35.58 Z:0.87 Count X:118912 Y:56920 Z:3487"
+++ X:Y:Z:  "74.32" ,  "35.58" ,  "0.87"
+++ RESPONSE: "G29 Auto Bed Leveling;Probing mesh point 1/9.;Probing mesh point 2/9.;Probing mesh point 3/9.;Probing mesh point 4/9.;"
+++ DATA: "S_XYZ:7"
+++ parseResponse:  "S_XYZ:7"
+++ S_XYZ:  "7"
+++ RESPONSE: "G29 Auto Bed Leveling;Probing mesh point 1/9.;Probing mesh point 2/9.;Probing mesh point 3/9.;Probing mesh point 4/9.;"
+++ DATA: "echo:busy: processing"
+++ parseResponse:  "echo:busy: processing"
+++ ECHO:  "busy" ,  1
+++ RESPONSE: "G29 Auto Bed Leveling;Probing mesh point 1/9.;Probing mesh point 2/9.;Probing mesh point 3/9.;Probing mesh point 4/9.;"
+++ DATA: "X:74.32 Y:35.58 Z:0.77 Count X:118912 Y:56920 Z:3084"
+++ parseResponse:  "X:74.32 Y:35.58 Z:0.77 Count X:118912 Y:56920 Z:3084"
+++ X:Y:Z:  "74.32" ,  "35.58" ,  "0.77"
+++ RESPONSE: "G29 Auto Bed Leveling;Probing mesh point 1/9.;Probing mesh point 2/9.;Probing mesh point 3/9.;Probing mesh point 4/9.;"
+++ DATA: "S_XYZ:7"
+++ parseResponse:  "S_XYZ:7"
+++ S_XYZ:  "7"
+++ RESPONSE: "G29 Auto Bed Leveling;Probing mesh point 1/9.;Probing mesh point 2/9.;Probing mesh point 3/9.;Probing mesh point 4/9.;"
+++ DATA: "echo:busy: processing"
+++ parseResponse:  "echo:busy: processing"
+++ ECHO:  "busy" ,  1
+++ RESPONSE: "G29 Auto Bed Leveling;Probing mesh point 1/9.;Probing mesh point 2/9.;Probing mesh point 3/9.;Probing mesh point 4/9.;"
+++ DATA: "X:74.32 Y:35.58 Z:2.77 Count X:118912 Y:56920 Z:11068"
+++ parseResponse:  "X:74.32 Y:35.58 Z:2.77 Count X:118912 Y:56920 Z:11068"
+++ X:Y:Z:  "74.32" ,  "35.58" ,  "2.77"
+++ RESPONSE: "G29 Auto Bed Leveling;Probing mesh point 1/9.;Probing mesh point 2/9.;Probing mesh point 3/9.;Probing mesh point 4/9.;"
+++ DATA: "S_XYZ:7"
+++ parseResponse:  "S_XYZ:7"
+++ S_XYZ:  "7"
+++ RESPONSE: "G29 Auto Bed Leveling;Probing mesh point 1/9.;Probing mesh point 2/9.;Probing mesh point 3/9.;Probing mesh point 4/9.;"
+++ DATA: "echo:busy: processing"
+++ parseResponse:  "echo:busy: processing"
+++ ECHO:  "busy" ,  1
+++ RESPONSE: "G29 Auto Bed Leveling;Probing mesh point 1/9.;Probing mesh point 2/9.;Probing mesh point 3/9.;Probing mesh point 4/9.;"
+++ DATA: "X:74.32 Y:35.58 Z:4.76 Count X:118912 Y:56920 Z:19052"
+++ parseResponse:  "X:74.32 Y:35.58 Z:4.76 Count X:118912 Y:56920 Z:19052"
+++ X:Y:Z:  "74.32" ,  "35.58" ,  "4.76"
+++ RESPONSE: "G29 Auto Bed Leveling;Probing mesh point 1/9.;Probing mesh point 2/9.;Probing mesh point 3/9.;Probing mesh point 4/9.;"
+++ DATA: "S_XYZ:7"
+++ parseResponse:  "S_XYZ:7"
+++ S_XYZ:  "7"
+++ RESPONSE: "G29 Auto Bed Leveling;Probing mesh point 1/9.;Probing mesh point 2/9.;Probing mesh point 3/9.;Probing mesh point 4/9.;"
+++ DATA: "Bed X: 74.32 Y: 35.58 Z: 0.21"
+++ parseResponse:  "Bed X: 74.32 Y: 35.58 Z: 0.21"
+++ Bed X:Y:Z:  "74.32" ,  "35.58" ,  "0.21"
Updating interpolation
+++ RESPONSE: "G29 Auto Bed Leveling;Probing mesh point 1/9.;Probing mesh point 2/9.;Probing mesh point 3/9.;Probing mesh point 4/9.;"
+++ DATA: "Probing mesh point 5/9."
+++ parseResponse:  "Probing mesh point 5/9."
+++ RESPONSE: "G29 Auto Bed Leveling;Probing mesh point 1/9.;Probing mesh point 2/9.;Probing mesh point 3/9.;Probing mesh point 4/9.;Probing mesh point 5/9.;"
+++ DATA: "echo:busy: processing"
+++ parseResponse:  "echo:busy: processing"
+++ ECHO:  "busy" ,  1
+++ RESPONSE: "G29 Auto Bed Leveling;Probing mesh point 1/9.;Probing mesh point 2/9.;Probing mesh point 3/9.;Probing mesh point 4/9.;Probing mesh point 5/9.;"
+++ DATA: "X:37.16 Y:35.58 Z:5.17 Count X:59456 Y:56920 Z:20679"
+++ parseResponse:  "X:37.16 Y:35.58 Z:5.17 Count X:59456 Y:56920 Z:20679"
+++ X:Y:Z:  "37.16" ,  "35.58" ,  "5.17"
+++ RESPONSE: "G29 Auto Bed Leveling;Probing mesh point 1/9.;Probing mesh point 2/9.;Probing mesh point 3/9.;Probing mesh point 4/9.;Probing mesh point 5/9.;"
+++ DATA: "S_XYZ:7"
+++ parseResponse:  "S_XYZ:7"
+++ S_XYZ:  "7"
+++ RESPONSE: "G29 Auto Bed Leveling;Probing mesh point 1/9.;Probing mesh point 2/9.;Probing mesh point 3/9.;Probing mesh point 4/9.;Probing mesh point 5/9.;"
+++ DATA: "echo:busy: processing"
+++ parseResponse:  "echo:busy: processing"
+++ ECHO:  "busy" ,  1
+++ RESPONSE: "G29 Auto Bed Leveling;Probing mesh point 1/9.;Probing mesh point 2/9.;Probing mesh point 3/9.;Probing mesh point 4/9.;Probing mesh point 5/9.;"
+++ DATA: "X:37.16 Y:35.58 Z:4.17 Count X:59456 Y:56920 Z:16683"
+++ parseResponse:  "X:37.16 Y:35.58 Z:4.17 Count X:59456 Y:56920 Z:16683"
+++ X:Y:Z:  "37.16" ,  "35.58" ,  "4.17"
+++ RESPONSE: "G29 Auto Bed Leveling;Probing mesh point 1/9.;Probing mesh point 2/9.;Probing mesh point 3/9.;Probing mesh point 4/9.;Probing mesh point 5/9.;"
+++ DATA: "S_XYZ:7"
+++ parseResponse:  "S_XYZ:7"
+++ S_XYZ:  "7"
+++ RESPONSE: "G29 Auto Bed Leveling;Probing mesh point 1/9.;Probing mesh point 2/9.;Probing mesh point 3/9.;Probing mesh point 4/9.;Probing mesh point 5/9.;"
+++ DATA: "echo:busy: processing"
+++ parseResponse:  "echo:busy: processing"
+++ ECHO:  "busy" ,  1
+++ RESPONSE: "G29 Auto Bed Leveling;Probing mesh point 1/9.;Probing mesh point 2/9.;Probing mesh point 3/9.;Probing mesh point 4/9.;Probing mesh point 5/9.;"
+++ DATA: "X:37.16 Y:35.58 Z:3.17 Count X:59456 Y:56920 Z:12687"
+++ parseResponse:  "X:37.16 Y:35.58 Z:3.17 Count X:59456 Y:56920 Z:12687"
+++ X:Y:Z:  "37.16" ,  "35.58" ,  "3.17"
+++ RESPONSE: "G29 Auto Bed Leveling;Probing mesh point 1/9.;Probing mesh point 2/9.;Probing mesh point 3/9.;Probing mesh point 4/9.;Probing mesh point 5/9.;"
+++ DATA: "S_XYZ:7"
+++ parseResponse:  "S_XYZ:7"
+++ S_XYZ:  "7"
+++ RESPONSE: "G29 Auto Bed Leveling;Probing mesh point 1/9.;Probing mesh point 2/9.;Probing mesh point 3/9.;Probing mesh point 4/9.;Probing mesh point 5/9.;"
+++ DATA: "echo:busy: processing"
+++ parseResponse:  "echo:busy: processing"
+++ ECHO:  "busy" ,  1
+++ RESPONSE: "G29 Auto Bed Leveling;Probing mesh point 1/9.;Probing mesh point 2/9.;Probing mesh point 3/9.;Probing mesh point 4/9.;Probing mesh point 5/9.;"
+++ DATA: "X:37.16 Y:35.58 Z:2.17 Count X:59456 Y:56920 Z:8691"
+++ parseResponse:  "X:37.16 Y:35.58 Z:2.17 Count X:59456 Y:56920 Z:8691"
+++ X:Y:Z:  "37.16" ,  "35.58" ,  "2.17"
+++ RESPONSE: "G29 Auto Bed Leveling;Probing mesh point 1/9.;Probing mesh point 2/9.;Probing mesh point 3/9.;Probing mesh point 4/9.;Probing mesh point 5/9.;"
+++ DATA: "S_XYZ:7"
+++ parseResponse:  "S_XYZ:7"
+++ S_XYZ:  "7"
+++ RESPONSE: "G29 Auto Bed Leveling;Probing mesh point 1/9.;Probing mesh point 2/9.;Probing mesh point 3/9.;Probing mesh point 4/9.;Probing mesh point 5/9.;"
+++ DATA: "echo:busy: processing"
+++ parseResponse:  "echo:busy: processing"
+++ ECHO:  "busy" ,  1
+++ RESPONSE: "G29 Auto Bed Leveling;Probing mesh point 1/9.;Probing mesh point 2/9.;Probing mesh point 3/9.;Probing mesh point 4/9.;Probing mesh point 5/9.;"
+++ DATA: "X:37.16 Y:35.58 Z:1.17 Count X:59456 Y:56920 Z:4695"
+++ parseResponse:  "X:37.16 Y:35.58 Z:1.17 Count X:59456 Y:56920 Z:4695"
+++ X:Y:Z:  "37.16" ,  "35.58" ,  "1.17"
+++ RESPONSE: "G29 Auto Bed Leveling;Probing mesh point 1/9.;Probing mesh point 2/9.;Probing mesh point 3/9.;Probing mesh point 4/9.;Probing mesh point 5/9.;"
+++ DATA: "S_XYZ:7"
+++ parseResponse:  "S_XYZ:7"
+++ S_XYZ:  "7"
+++ RESPONSE: "G29 Auto Bed Leveling;Probing mesh point 1/9.;Probing mesh point 2/9.;Probing mesh point 3/9.;Probing mesh point 4/9.;Probing mesh point 5/9.;"
+++ DATA: "echo:busy: processing"
+++ parseResponse:  "echo:busy: processing"
+++ ECHO:  "busy" ,  1
+++ RESPONSE: "G29 Auto Bed Leveling;Probing mesh point 1/9.;Probing mesh point 2/9.;Probing mesh point 3/9.;Probing mesh point 4/9.;Probing mesh point 5/9.;"
+++ DATA: "X:37.16 Y:35.58 Z:0.17 Count X:59456 Y:56920 Z:699"
+++ parseResponse:  "X:37.16 Y:35.58 Z:0.17 Count X:59456 Y:56920 Z:699"
+++ X:Y:Z:  "37.16" ,  "35.58" ,  "0.17"
+++ RESPONSE: "G29 Auto Bed Leveling;Probing mesh point 1/9.;Probing mesh point 2/9.;Probing mesh point 3/9.;Probing mesh point 4/9.;Probing mesh point 5/9.;"
+++ DATA: "S_XYZ:7"
+++ parseResponse:  "S_XYZ:7"
+++ S_XYZ:  "7"
+++ RESPONSE: "G29 Auto Bed Leveling;Probing mesh point 1/9.;Probing mesh point 2/9.;Probing mesh point 3/9.;Probing mesh point 4/9.;Probing mesh point 5/9.;"
+++ DATA: "echo:busy: processing"
+++ parseResponse:  "echo:busy: processing"
+++ ECHO:  "busy" ,  1
+++ RESPONSE: "G29 Auto Bed Leveling;Probing mesh point 1/9.;Probing mesh point 2/9.;Probing mesh point 3/9.;Probing mesh point 4/9.;Probing mesh point 5/9.;"
+++ DATA: "X:37.16 Y:35.58 Z:1.99 Count X:59456 Y:56920 Z:7964"
+++ parseResponse:  "X:37.16 Y:35.58 Z:1.99 Count X:59456 Y:56920 Z:7964"
+++ X:Y:Z:  "37.16" ,  "35.58" ,  "1.99"
+++ RESPONSE: "G29 Auto Bed Leveling;Probing mesh point 1/9.;Probing mesh point 2/9.;Probing mesh point 3/9.;Probing mesh point 4/9.;Probing mesh point 5/9.;"
+++ DATA: "S_XYZ:7"
+++ parseResponse:  "S_XYZ:7"
+++ S_XYZ:  "7"
+++ RESPONSE: "G29 Auto Bed Leveling;Probing mesh point 1/9.;Probing mesh point 2/9.;Probing mesh point 3/9.;Probing mesh point 4/9.;Probing mesh point 5/9.;"
+++ DATA: "echo:busy: processing"
+++ parseResponse:  "echo:busy: processing"
+++ ECHO:  "busy" ,  1
+++ RESPONSE: "G29 Auto Bed Leveling;Probing mesh point 1/9.;Probing mesh point 2/9.;Probing mesh point 3/9.;Probing mesh point 4/9.;Probing mesh point 5/9.;"
+++ DATA: "X:37.16 Y:35.58 Z:3.99 Count X:59456 Y:56920 Z:15948"
+++ parseResponse:  "X:37.16 Y:35.58 Z:3.99 Count X:59456 Y:56920 Z:15948"
+++ X:Y:Z:  "37.16" ,  "35.58" ,  "3.99"
+++ RESPONSE: "G29 Auto Bed Leveling;Probing mesh point 1/9.;Probing mesh point 2/9.;Probing mesh point 3/9.;Probing mesh point 4/9.;Probing mesh point 5/9.;"
+++ DATA: "S_XYZ:7"
+++ parseResponse:  "S_XYZ:7"
+++ S_XYZ:  "7"
+++ RESPONSE: "G29 Auto Bed Leveling;Probing mesh point 1/9.;Probing mesh point 2/9.;Probing mesh point 3/9.;Probing mesh point 4/9.;Probing mesh point 5/9.;"
+++ DATA: "Bed X: 37.16 Y: 35.58 Z: 0.15"
+++ parseResponse:  "Bed X: 37.16 Y: 35.58 Z: 0.15"
+++ Bed X:Y:Z:  "37.16" ,  "35.58" ,  "0.15"
Updating interpolation
+++ RESPONSE: "G29 Auto Bed Leveling;Probing mesh point 1/9.;Probing mesh point 2/9.;Probing mesh point 3/9.;Probing mesh point 4/9.;Probing mesh point 5/9.;"
+++ DATA: "Probing mesh point 6/9."
+++ parseResponse:  "Probing mesh point 6/9."
+++ RESPONSE: "G29 Auto Bed Leveling;Probing mesh point 1/9.;Probing mesh point 2/9.;Probing mesh point 3/9.;Probing mesh point 4/9.;Probing mesh point 5/9.;Probing mesh point 6/9.;"
+++ DATA: "echo:busy: processing"
+++ parseResponse:  "echo:busy: processing"
+++ ECHO:  "busy" ,  1
+++ RESPONSE: "G29 Auto Bed Leveling;Probing mesh point 1/9.;Probing mesh point 2/9.;Probing mesh point 3/9.;Probing mesh point 4/9.;Probing mesh point 5/9.;Probing mesh point 6/9.;"
+++ DATA: "X:14.24 Y:35.58 Z:5.15 Count X:22759 Y:56920 Z:20607"
+++ parseResponse:  "X:14.24 Y:35.58 Z:5.15 Count X:22759 Y:56920 Z:20607"
+++ X:Y:Z:  "14.24" ,  "35.58" ,  "5.15"
+++ RESPONSE: "G29 Auto Bed Leveling;Probing mesh point 1/9.;Probing mesh point 2/9.;Probing mesh point 3/9.;Probing mesh point 4/9.;Probing mesh point 5/9.;Probing mesh point 6/9.;"
+++ DATA: "S_XYZ:7"
+++ parseResponse:  "S_XYZ:7"
+++ S_XYZ:  "7"
+++ RESPONSE: "G29 Auto Bed Leveling;Probing mesh point 1/9.;Probing mesh point 2/9.;Probing mesh point 3/9.;Probing mesh point 4/9.;Probing mesh point 5/9.;Probing mesh point 6/9.;"
+++ DATA: "echo:busy: processing"
+++ parseResponse:  "echo:busy: processing"
+++ ECHO:  "busy" ,  1
+++ RESPONSE: "G29 Auto Bed Leveling;Probing mesh point 1/9.;Probing mesh point 2/9.;Probing mesh point 3/9.;Probing mesh point 4/9.;Probing mesh point 5/9.;Probing mesh point 6/9.;"
+++ DATA: "X:0.00 Y:35.58 Z:4.47 Count X:5 Y:56920 Z:17887"
+++ parseResponse:  "X:0.00 Y:35.58 Z:4.47 Count X:5 Y:56920 Z:17887"
+++ X:Y:Z:  "0.00" ,  "35.58" ,  "4.47"
+++ RESPONSE: "G29 Auto Bed Leveling;Probing mesh point 1/9.;Probing mesh point 2/9.;Probing mesh point 3/9.;Probing mesh point 4/9.;Probing mesh point 5/9.;Probing mesh point 6/9.;"
+++ DATA: "S_XYZ:7"
+++ parseResponse:  "S_XYZ:7"
+++ S_XYZ:  "7"
+++ RESPONSE: "G29 Auto Bed Leveling;Probing mesh point 1/9.;Probing mesh point 2/9.;Probing mesh point 3/9.;Probing mesh point 4/9.;Probing mesh point 5/9.;Probing mesh point 6/9.;"
+++ DATA: "echo:busy: processing"
+++ parseResponse:  "echo:busy: processing"
+++ ECHO:  "busy" ,  1
+++ RESPONSE: "G29 Auto Bed Leveling;Probing mesh point 1/9.;Probing mesh point 2/9.;Probing mesh point 3/9.;Probing mesh point 4/9.;Probing mesh point 5/9.;Probing mesh point 6/9.;"
+++ DATA: "X:0.00 Y:35.58 Z:3.47 Count X:5 Y:56920 Z:13891"
+++ parseResponse:  "X:0.00 Y:35.58 Z:3.47 Count X:5 Y:56920 Z:13891"
+++ X:Y:Z:  "0.00" ,  "35.58" ,  "3.47"
+++ RESPONSE: "G29 Auto Bed Leveling;Probing mesh point 1/9.;Probing mesh point 2/9.;Probing mesh point 3/9.;Probing mesh point 4/9.;Probing mesh point 5/9.;Probing mesh point 6/9.;"
+++ DATA: "S_XYZ:7"
+++ parseResponse:  "S_XYZ:7"
+++ S_XYZ:  "7"
+++ RESPONSE: "G29 Auto Bed Leveling;Probing mesh point 1/9.;Probing mesh point 2/9.;Probing mesh point 3/9.;Probing mesh point 4/9.;Probing mesh point 5/9.;Probing mesh point 6/9.;"
+++ DATA: "echo:busy: processing"
+++ parseResponse:  "echo:busy: processing"
+++ ECHO:  "busy" ,  1
+++ RESPONSE: "G29 Auto Bed Leveling;Probing mesh point 1/9.;Probing mesh point 2/9.;Probing mesh point 3/9.;Probing mesh point 4/9.;Probing mesh point 5/9.;Probing mesh point 6/9.;"
+++ DATA: "X:0.00 Y:35.58 Z:2.47 Count X:5 Y:56920 Z:9895"
+++ parseResponse:  "X:0.00 Y:35.58 Z:2.47 Count X:5 Y:56920 Z:9895"
+++ X:Y:Z:  "0.00" ,  "35.58" ,  "2.47"
+++ RESPONSE: "G29 Auto Bed Leveling;Probing mesh point 1/9.;Probing mesh point 2/9.;Probing mesh point 3/9.;Probing mesh point 4/9.;Probing mesh point 5/9.;Probing mesh point 6/9.;"
+++ DATA: "S_XYZ:7"
+++ parseResponse:  "S_XYZ:7"
+++ S_XYZ:  "7"
+++ RESPONSE: "G29 Auto Bed Leveling;Probing mesh point 1/9.;Probing mesh point 2/9.;Probing mesh point 3/9.;Probing mesh point 4/9.;Probing mesh point 5/9.;Probing mesh point 6/9.;"
+++ DATA: "echo:busy: processing"
+++ parseResponse:  "echo:busy: processing"
+++ ECHO:  "busy" ,  1
+++ RESPONSE: "G29 Auto Bed Leveling;Probing mesh point 1/9.;Probing mesh point 2/9.;Probing mesh point 3/9.;Probing mesh point 4/9.;Probing mesh point 5/9.;Probing mesh point 6/9.;"
+++ DATA: "X:0.00 Y:35.58 Z:1.48 Count X:5 Y:56920 Z:5899"
+++ parseResponse:  "X:0.00 Y:35.58 Z:1.48 Count X:5 Y:56920 Z:5899"
+++ X:Y:Z:  "0.00" ,  "35.58" ,  "1.48"
+++ RESPONSE: "G29 Auto Bed Leveling;Probing mesh point 1/9.;Probing mesh point 2/9.;Probing mesh point 3/9.;Probing mesh point 4/9.;Probing mesh point 5/9.;Probing mesh point 6/9.;"
+++ DATA: "S_XYZ:7"
+++ parseResponse:  "S_XYZ:7"
+++ S_XYZ:  "7"
+++ RESPONSE: "G29 Auto Bed Leveling;Probing mesh point 1/9.;Probing mesh point 2/9.;Probing mesh point 3/9.;Probing mesh point 4/9.;Probing mesh point 5/9.;Probing mesh point 6/9.;"
+++ DATA: "echo:busy: processing"
+++ parseResponse:  "echo:busy: processing"
+++ ECHO:  "busy" ,  1
+++ RESPONSE: "G29 Auto Bed Leveling;Probing mesh point 1/9.;Probing mesh point 2/9.;Probing mesh point 3/9.;Probing mesh point 4/9.;Probing mesh point 5/9.;Probing mesh point 6/9.;"
+++ DATA: "X:0.00 Y:35.58 Z:0.48 Count X:5 Y:56920 Z:1903"
+++ parseResponse:  "X:0.00 Y:35.58 Z:0.48 Count X:5 Y:56920 Z:1903"
+++ X:Y:Z:  "0.00" ,  "35.58" ,  "0.48"
+++ RESPONSE: "G29 Auto Bed Leveling;Probing mesh point 1/9.;Probing mesh point 2/9.;Probing mesh point 3/9.;Probing mesh point 4/9.;Probing mesh point 5/9.;Probing mesh point 6/9.;"
+++ DATA: "S_XYZ:7"
+++ parseResponse:  "S_XYZ:7"
+++ S_XYZ:  "7"
+++ RESPONSE: "G29 Auto Bed Leveling;Probing mesh point 1/9.;Probing mesh point 2/9.;Probing mesh point 3/9.;Probing mesh point 4/9.;Probing mesh point 5/9.;Probing mesh point 6/9.;"
+++ DATA: "echo:busy: processing"
+++ parseResponse:  "echo:busy: processing"
+++ ECHO:  "busy" ,  1
+++ RESPONSE: "G29 Auto Bed Leveling;Probing mesh point 1/9.;Probing mesh point 2/9.;Probing mesh point 3/9.;Probing mesh point 4/9.;Probing mesh point 5/9.;Probing mesh point 6/9.;"
+++ DATA: "X:0.00 Y:35.58 Z:0.95 Count X:0 Y:56920 Z:3813"
+++ parseResponse:  "X:0.00 Y:35.58 Z:0.95 Count X:0 Y:56920 Z:3813"
+++ X:Y:Z:  "0.00" ,  "35.58" ,  "0.95"
+++ RESPONSE: "G29 Auto Bed Leveling;Probing mesh point 1/9.;Probing mesh point 2/9.;Probing mesh point 3/9.;Probing mesh point 4/9.;Probing mesh point 5/9.;Probing mesh point 6/9.;"
+++ DATA: "S_XYZ:7"
+++ parseResponse:  "S_XYZ:7"
+++ S_XYZ:  "7"
+++ RESPONSE: "G29 Auto Bed Leveling;Probing mesh point 1/9.;Probing mesh point 2/9.;Probing mesh point 3/9.;Probing mesh point 4/9.;Probing mesh point 5/9.;Probing mesh point 6/9.;"
+++ DATA: "echo:busy: processing"
+++ parseResponse:  "echo:busy: processing"
+++ ECHO:  "busy" ,  1
+++ RESPONSE: "G29 Auto Bed Leveling;Probing mesh point 1/9.;Probing mesh point 2/9.;Probing mesh point 3/9.;Probing mesh point 4/9.;Probing mesh point 5/9.;Probing mesh point 6/9.;"
+++ DATA: "X:0.00 Y:35.58 Z:2.95 Count X:0 Y:56920 Z:11797"
+++ parseResponse:  "X:0.00 Y:35.58 Z:2.95 Count X:0 Y:56920 Z:11797"
+++ X:Y:Z:  "0.00" ,  "35.58" ,  "2.95"
+++ RESPONSE: "G29 Auto Bed Leveling;Probing mesh point 1/9.;Probing mesh point 2/9.;Probing mesh point 3/9.;Probing mesh point 4/9.;Probing mesh point 5/9.;Probing mesh point 6/9.;"
+++ DATA: "S_XYZ:7"
+++ parseResponse:  "S_XYZ:7"
+++ S_XYZ:  "7"
+++ RESPONSE: "G29 Auto Bed Leveling;Probing mesh point 1/9.;Probing mesh point 2/9.;Probing mesh point 3/9.;Probing mesh point 4/9.;Probing mesh point 5/9.;Probing mesh point 6/9.;"
+++ DATA: "echo:busy: processing"
+++ parseResponse:  "echo:busy: processing"
+++ ECHO:  "busy" ,  1
+++ RESPONSE: "G29 Auto Bed Leveling;Probing mesh point 1/9.;Probing mesh point 2/9.;Probing mesh point 3/9.;Probing mesh point 4/9.;Probing mesh point 5/9.;Probing mesh point 6/9.;"
+++ DATA: "X:0.00 Y:35.58 Z:4.95 Count X:0 Y:56920 Z:19781"
+++ parseResponse:  "X:0.00 Y:35.58 Z:4.95 Count X:0 Y:56920 Z:19781"
+++ X:Y:Z:  "0.00" ,  "35.58" ,  "4.95"
+++ RESPONSE: "G29 Auto Bed Leveling;Probing mesh point 1/9.;Probing mesh point 2/9.;Probing mesh point 3/9.;Probing mesh point 4/9.;Probing mesh point 5/9.;Probing mesh point 6/9.;"
+++ DATA: "S_XYZ:7"
+++ parseResponse:  "S_XYZ:7"
+++ S_XYZ:  "7"
+++ RESPONSE: "G29 Auto Bed Leveling;Probing mesh point 1/9.;Probing mesh point 2/9.;Probing mesh point 3/9.;Probing mesh point 4/9.;Probing mesh point 5/9.;Probing mesh point 6/9.;"
+++ DATA: "Bed X: 0.00 Y: 35.58 Z: 0.01"
+++ parseResponse:  "Bed X: 0.00 Y: 35.58 Z: 0.01"
+++ Bed X:Y:Z:  "0.00" ,  "35.58" ,  "0.01"
Updating interpolation
+++ RESPONSE: "G29 Auto Bed Leveling;Probing mesh point 1/9.;Probing mesh point 2/9.;Probing mesh point 3/9.;Probing mesh point 4/9.;Probing mesh point 5/9.;Probing mesh point 6/9.;"
+++ DATA: "Probing mesh point 7/9."
+++ parseResponse:  "Probing mesh point 7/9."
+++ RESPONSE: "G29 Auto Bed Leveling;Probing mesh point 1/9.;Probing mesh point 2/9.;Probing mesh point 3/9.;Probing mesh point 4/9.;Probing mesh point 5/9.;Probing mesh point 6/9.;Probing mesh point 7/9.;"
+++ DATA: "echo:busy: processing"
+++ parseResponse:  "echo:busy: processing"
+++ ECHO:  "busy" ,  1
+++ RESPONSE: "G29 Auto Bed Leveling;Probing mesh point 1/9.;Probing mesh point 2/9.;Probing mesh point 3/9.;Probing mesh point 4/9.;Probing mesh point 5/9.;Probing mesh point 6/9.;Probing mesh point 7/9.;"
+++ DATA: "X:0.00 Y:3.83 Z:4.62 Count X:0 Y:6123 Z:18496"
+++ parseResponse:  "X:0.00 Y:3.83 Z:4.62 Count X:0 Y:6123 Z:18496"
+++ X:Y:Z:  "0.00" ,  "3.83" ,  "4.62"
+++ RESPONSE: "G29 Auto Bed Leveling;Probing mesh point 1/9.;Probing mesh point 2/9.;Probing mesh point 3/9.;Probing mesh point 4/9.;Probing mesh point 5/9.;Probing mesh point 6/9.;Probing mesh point 7/9.;"
+++ DATA: "S_XYZ:7"
+++ parseResponse:  "S_XYZ:7"
+++ S_XYZ:  "7"
+++ RESPONSE: "G29 Auto Bed Leveling;Probing mesh point 1/9.;Probing mesh point 2/9.;Probing mesh point 3/9.;Probing mesh point 4/9.;Probing mesh point 5/9.;Probing mesh point 6/9.;Probing mesh point 7/9.;"
+++ DATA: "echo:busy: processing"
+++ parseResponse:  "echo:busy: processing"
+++ ECHO:  "busy" ,  1
+++ RESPONSE: "G29 Auto Bed Leveling;Probing mesh point 1/9.;Probing mesh point 2/9.;Probing mesh point 3/9.;Probing mesh point 4/9.;Probing mesh point 5/9.;Probing mesh point 6/9.;Probing mesh point 7/9.;"
+++ DATA: "X:0.00 Y:3.83 Z:3.63 Count X:0 Y:6123 Z:14500"
+++ parseResponse:  "X:0.00 Y:3.83 Z:3.63 Count X:0 Y:6123 Z:14500"
+++ X:Y:Z:  "0.00" ,  "3.83" ,  "3.63"
+++ RESPONSE: "G29 Auto Bed Leveling;Probing mesh point 1/9.;Probing mesh point 2/9.;Probing mesh point 3/9.;Probing mesh point 4/9.;Probing mesh point 5/9.;Probing mesh point 6/9.;Probing mesh point 7/9.;"
+++ DATA: "S_XYZ:7"
+++ parseResponse:  "S_XYZ:7"
+++ S_XYZ:  "7"
+++ RESPONSE: "G29 Auto Bed Leveling;Probing mesh point 1/9.;Probing mesh point 2/9.;Probing mesh point 3/9.;Probing mesh point 4/9.;Probing mesh point 5/9.;Probing mesh point 6/9.;Probing mesh point 7/9.;"
+++ DATA: "echo:busy: processing"
+++ parseResponse:  "echo:busy: processing"
+++ ECHO:  "busy" ,  1
+++ RESPONSE: "G29 Auto Bed Leveling;Probing mesh point 1/9.;Probing mesh point 2/9.;Probing mesh point 3/9.;Probing mesh point 4/9.;Probing mesh point 5/9.;Probing mesh point 6/9.;Probing mesh point 7/9.;"
+++ DATA: "X:0.00 Y:3.83 Z:2.63 Count X:0 Y:6123 Z:10504"
+++ parseResponse:  "X:0.00 Y:3.83 Z:2.63 Count X:0 Y:6123 Z:10504"
+++ X:Y:Z:  "0.00" ,  "3.83" ,  "2.63"
+++ RESPONSE: "G29 Auto Bed Leveling;Probing mesh point 1/9.;Probing mesh point 2/9.;Probing mesh point 3/9.;Probing mesh point 4/9.;Probing mesh point 5/9.;Probing mesh point 6/9.;Probing mesh point 7/9.;"
+++ DATA: "S_XYZ:7"
+++ parseResponse:  "S_XYZ:7"
+++ S_XYZ:  "7"
+++ RESPONSE: "G29 Auto Bed Leveling;Probing mesh point 1/9.;Probing mesh point 2/9.;Probing mesh point 3/9.;Probing mesh point 4/9.;Probing mesh point 5/9.;Probing mesh point 6/9.;Probing mesh point 7/9.;"
+++ DATA: "echo:busy: processing"
+++ parseResponse:  "echo:busy: processing"
+++ ECHO:  "busy" ,  1
+++ RESPONSE: "G29 Auto Bed Leveling;Probing mesh point 1/9.;Probing mesh point 2/9.;Probing mesh point 3/9.;Probing mesh point 4/9.;Probing mesh point 5/9.;Probing mesh point 6/9.;Probing mesh point 7/9.;"
+++ DATA: "X:0.00 Y:3.83 Z:1.63 Count X:0 Y:6123 Z:6508"
+++ parseResponse:  "X:0.00 Y:3.83 Z:1.63 Count X:0 Y:6123 Z:6508"
+++ X:Y:Z:  "0.00" ,  "3.83" ,  "1.63"
+++ RESPONSE: "G29 Auto Bed Leveling;Probing mesh point 1/9.;Probing mesh point 2/9.;Probing mesh point 3/9.;Probing mesh point 4/9.;Probing mesh point 5/9.;Probing mesh point 6/9.;Probing mesh point 7/9.;"
+++ DATA: "S_XYZ:7"
+++ parseResponse:  "S_XYZ:7"
+++ S_XYZ:  "7"
+++ RESPONSE: "G29 Auto Bed Leveling;Probing mesh point 1/9.;Probing mesh point 2/9.;Probing mesh point 3/9.;Probing mesh point 4/9.;Probing mesh point 5/9.;Probing mesh point 6/9.;Probing mesh point 7/9.;"
+++ DATA: "echo:busy: processing"
+++ parseResponse:  "echo:busy: processing"
+++ ECHO:  "busy" ,  1
+++ RESPONSE: "G29 Auto Bed Leveling;Probing mesh point 1/9.;Probing mesh point 2/9.;Probing mesh point 3/9.;Probing mesh point 4/9.;Probing mesh point 5/9.;Probing mesh point 6/9.;Probing mesh point 7/9.;"
+++ DATA: "X:0.00 Y:3.83 Z:0.63 Count X:0 Y:6123 Z:2512"
+++ parseResponse:  "X:0.00 Y:3.83 Z:0.63 Count X:0 Y:6123 Z:2512"
+++ X:Y:Z:  "0.00" ,  "3.83" ,  "0.63"
+++ RESPONSE: "G29 Auto Bed Leveling;Probing mesh point 1/9.;Probing mesh point 2/9.;Probing mesh point 3/9.;Probing mesh point 4/9.;Probing mesh point 5/9.;Probing mesh point 6/9.;Probing mesh point 7/9.;"
+++ DATA: "S_XYZ:7"
+++ parseResponse:  "S_XYZ:7"
+++ S_XYZ:  "7"
+++ RESPONSE: "G29 Auto Bed Leveling;Probing mesh point 1/9.;Probing mesh point 2/9.;Probing mesh point 3/9.;Probing mesh point 4/9.;Probing mesh point 5/9.;Probing mesh point 6/9.;Probing mesh point 7/9.;"
+++ DATA: "echo:busy: processing"
+++ parseResponse:  "echo:busy: processing"
+++ ECHO:  "busy" ,  1
+++ RESPONSE: "G29 Auto Bed Leveling;Probing mesh point 1/9.;Probing mesh point 2/9.;Probing mesh point 3/9.;Probing mesh point 4/9.;Probing mesh point 5/9.;Probing mesh point 6/9.;Probing mesh point 7/9.;"
+++ DATA: "X:0.00 Y:0.00 Z:0.59 Count X:0 Y:0 Z:2379"
+++ parseResponse:  "X:0.00 Y:0.00 Z:0.59 Count X:0 Y:0 Z:2379"
+++ X:Y:Z:  "0.00" ,  "0.00" ,  "0.59"
+++ RESPONSE: "G29 Auto Bed Leveling;Probing mesh point 1/9.;Probing mesh point 2/9.;Probing mesh point 3/9.;Probing mesh point 4/9.;Probing mesh point 5/9.;Probing mesh point 6/9.;Probing mesh point 7/9.;"
+++ DATA: "S_XYZ:7"
+++ parseResponse:  "S_XYZ:7"
+++ S_XYZ:  "7"
+++ RESPONSE: "G29 Auto Bed Leveling;Probing mesh point 1/9.;Probing mesh point 2/9.;Probing mesh point 3/9.;Probing mesh point 4/9.;Probing mesh point 5/9.;Probing mesh point 6/9.;Probing mesh point 7/9.;"
+++ DATA: "echo:busy: processing"
+++ parseResponse:  "echo:busy: processing"
+++ ECHO:  "busy" ,  1
+++ RESPONSE: "G29 Auto Bed Leveling;Probing mesh point 1/9.;Probing mesh point 2/9.;Probing mesh point 3/9.;Probing mesh point 4/9.;Probing mesh point 5/9.;Probing mesh point 6/9.;Probing mesh point 7/9.;"
+++ DATA: "X:0.00 Y:0.00 Z:2.59 Count X:0 Y:0 Z:10363"
+++ parseResponse:  "X:0.00 Y:0.00 Z:2.59 Count X:0 Y:0 Z:10363"
+++ X:Y:Z:  "0.00" ,  "0.00" ,  "2.59"
+++ RESPONSE: "G29 Auto Bed Leveling;Probing mesh point 1/9.;Probing mesh point 2/9.;Probing mesh point 3/9.;Probing mesh point 4/9.;Probing mesh point 5/9.;Probing mesh point 6/9.;Probing mesh point 7/9.;"
+++ DATA: "S_XYZ:7"
+++ parseResponse:  "S_XYZ:7"
+++ S_XYZ:  "7"
+++ RESPONSE: "G29 Auto Bed Leveling;Probing mesh point 1/9.;Probing mesh point 2/9.;Probing mesh point 3/9.;Probing mesh point 4/9.;Probing mesh point 5/9.;Probing mesh point 6/9.;Probing mesh point 7/9.;"
+++ DATA: "echo:busy: processing"
+++ parseResponse:  "echo:busy: processing"
+++ ECHO:  "busy" ,  1
+++ RESPONSE: "G29 Auto Bed Leveling;Probing mesh point 1/9.;Probing mesh point 2/9.;Probing mesh point 3/9.;Probing mesh point 4/9.;Probing mesh point 5/9.;Probing mesh point 6/9.;Probing mesh point 7/9.;"
+++ DATA: "X:0.00 Y:0.00 Z:4.59 Count X:0 Y:0 Z:18347"
+++ parseResponse:  "X:0.00 Y:0.00 Z:4.59 Count X:0 Y:0 Z:18347"
+++ X:Y:Z:  "0.00" ,  "0.00" ,  "4.59"
+++ RESPONSE: "G29 Auto Bed Leveling;Probing mesh point 1/9.;Probing mesh point 2/9.;Probing mesh point 3/9.;Probing mesh point 4/9.;Probing mesh point 5/9.;Probing mesh point 6/9.;Probing mesh point 7/9.;"
+++ DATA: "S_XYZ:7"
+++ parseResponse:  "S_XYZ:7"
+++ S_XYZ:  "7"
+++ RESPONSE: "G29 Auto Bed Leveling;Probing mesh point 1/9.;Probing mesh point 2/9.;Probing mesh point 3/9.;Probing mesh point 4/9.;Probing mesh point 5/9.;Probing mesh point 6/9.;Probing mesh point 7/9.;"
+++ DATA: "Bed X: 0.00 Y: 0.00 Z: -0.01"
+++ parseResponse:  "Bed X: 0.00 Y: 0.00 Z: -0.01"
+++ Bed X:Y:Z:  "0.00" ,  "0.00" ,  "-0.01"
Updating interpolation
+++ RESPONSE: "G29 Auto Bed Leveling;Probing mesh point 1/9.;Probing mesh point 2/9.;Probing mesh point 3/9.;Probing mesh point 4/9.;Probing mesh point 5/9.;Probing mesh point 6/9.;Probing mesh point 7/9.;"
+++ DATA: "Probing mesh point 8/9."
+++ parseResponse:  "Probing mesh point 8/9."
+++ RESPONSE: "G29 Auto Bed Leveling;Probing mesh point 1/9.;Probing mesh point 2/9.;Probing mesh point 3/9.;Probing mesh point 4/9.;Probing mesh point 5/9.;Probing mesh point 6/9.;Probing mesh point 7/9.;Probing mesh point 8/9.;"
+++ DATA: "echo:busy: processing"
+++ parseResponse:  "echo:busy: processing"
+++ ECHO:  "busy" ,  1
+++ RESPONSE: "G29 Auto Bed Leveling;Probing mesh point 1/9.;Probing mesh point 2/9.;Probing mesh point 3/9.;Probing mesh point 4/9.;Probing mesh point 5/9.;Probing mesh point 6/9.;Probing mesh point 7/9.;Probing mesh point 8/9.;"
+++ DATA: "X:37.16 Y:0.00 Z:4.93 Count X:59456 Y:0 Z:19704"
+++ parseResponse:  "X:37.16 Y:0.00 Z:4.93 Count X:59456 Y:0 Z:19704"
+++ X:Y:Z:  "37.16" ,  "0.00" ,  "4.93"
+++ RESPONSE: "G29 Auto Bed Leveling;Probing mesh point 1/9.;Probing mesh point 2/9.;Probing mesh point 3/9.;Probing mesh point 4/9.;Probing mesh point 5/9.;Probing mesh point 6/9.;Probing mesh point 7/9.;Probing mesh point 8/9.;"
+++ DATA: "S_XYZ:7"
+++ parseResponse:  "S_XYZ:7"
+++ S_XYZ:  "7"
+++ RESPONSE: "G29 Auto Bed Leveling;Probing mesh point 1/9.;Probing mesh point 2/9.;Probing mesh point 3/9.;Probing mesh point 4/9.;Probing mesh point 5/9.;Probing mesh point 6/9.;Probing mesh point 7/9.;Probing mesh point 8/9.;"
+++ DATA: "echo:busy: processing"
+++ parseResponse:  "echo:busy: processing"
+++ ECHO:  "busy" ,  1
+++ RESPONSE: "G29 Auto Bed Leveling;Probing mesh point 1/9.;Probing mesh point 2/9.;Probing mesh point 3/9.;Probing mesh point 4/9.;Probing mesh point 5/9.;Probing mesh point 6/9.;Probing mesh point 7/9.;Probing mesh point 8/9.;"
+++ DATA: "X:37.16 Y:0.00 Z:3.93 Count X:59456 Y:0 Z:15708"
+++ parseResponse:  "X:37.16 Y:0.00 Z:3.93 Count X:59456 Y:0 Z:15708"
+++ X:Y:Z:  "37.16" ,  "0.00" ,  "3.93"
+++ RESPONSE: "G29 Auto Bed Leveling;Probing mesh point 1/9.;Probing mesh point 2/9.;Probing mesh point 3/9.;Probing mesh point 4/9.;Probing mesh point 5/9.;Probing mesh point 6/9.;Probing mesh point 7/9.;Probing mesh point 8/9.;"
+++ DATA: "S_XYZ:7"
+++ parseResponse:  "S_XYZ:7"
+++ S_XYZ:  "7"
+++ RESPONSE: "G29 Auto Bed Leveling;Probing mesh point 1/9.;Probing mesh point 2/9.;Probing mesh point 3/9.;Probing mesh point 4/9.;Probing mesh point 5/9.;Probing mesh point 6/9.;Probing mesh point 7/9.;Probing mesh point 8/9.;"
+++ DATA: "echo:busy: processing"
+++ parseResponse:  "echo:busy: processing"
+++ ECHO:  "busy" ,  1
+++ RESPONSE: "G29 Auto Bed Leveling;Probing mesh point 1/9.;Probing mesh point 2/9.;Probing mesh point 3/9.;Probing mesh point 4/9.;Probing mesh point 5/9.;Probing mesh point 6/9.;Probing mesh point 7/9.;Probing mesh point 8/9.;"
+++ DATA: "X:37.16 Y:0.00 Z:2.93 Count X:59456 Y:0 Z:11712"
+++ parseResponse:  "X:37.16 Y:0.00 Z:2.93 Count X:59456 Y:0 Z:11712"
+++ X:Y:Z:  "37.16" ,  "0.00" ,  "2.93"
+++ RESPONSE: "G29 Auto Bed Leveling;Probing mesh point 1/9.;Probing mesh point 2/9.;Probing mesh point 3/9.;Probing mesh point 4/9.;Probing mesh point 5/9.;Probing mesh point 6/9.;Probing mesh point 7/9.;Probing mesh point 8/9.;"
+++ DATA: "S_XYZ:7"
+++ parseResponse:  "S_XYZ:7"
+++ S_XYZ:  "7"
+++ RESPONSE: "G29 Auto Bed Leveling;Probing mesh point 1/9.;Probing mesh point 2/9.;Probing mesh point 3/9.;Probing mesh point 4/9.;Probing mesh point 5/9.;Probing mesh point 6/9.;Probing mesh point 7/9.;Probing mesh point 8/9.;"
+++ DATA: "echo:busy: processing"
+++ parseResponse:  "echo:busy: processing"
+++ ECHO:  "busy" ,  1
+++ RESPONSE: "G29 Auto Bed Leveling;Probing mesh point 1/9.;Probing mesh point 2/9.;Probing mesh point 3/9.;Probing mesh point 4/9.;Probing mesh point 5/9.;Probing mesh point 6/9.;Probing mesh point 7/9.;Probing mesh point 8/9.;"
+++ DATA: "X:37.16 Y:0.00 Z:1.93 Count X:59456 Y:0 Z:7716"
+++ parseResponse:  "X:37.16 Y:0.00 Z:1.93 Count X:59456 Y:0 Z:7716"
+++ X:Y:Z:  "37.16" ,  "0.00" ,  "1.93"
+++ RESPONSE: "G29 Auto Bed Leveling;Probing mesh point 1/9.;Probing mesh point 2/9.;Probing mesh point 3/9.;Probing mesh point 4/9.;Probing mesh point 5/9.;Probing mesh point 6/9.;Probing mesh point 7/9.;Probing mesh point 8/9.;"
+++ DATA: "S_XYZ:7"
+++ parseResponse:  "S_XYZ:7"
+++ S_XYZ:  "7"
+++ RESPONSE: "G29 Auto Bed Leveling;Probing mesh point 1/9.;Probing mesh point 2/9.;Probing mesh point 3/9.;Probing mesh point 4/9.;Probing mesh point 5/9.;Probing mesh point 6/9.;Probing mesh point 7/9.;Probing mesh point 8/9.;"
+++ DATA: "echo:busy: processing"
+++ parseResponse:  "echo:busy: processing"
+++ ECHO:  "busy" ,  1
+++ RESPONSE: "G29 Auto Bed Leveling;Probing mesh point 1/9.;Probing mesh point 2/9.;Probing mesh point 3/9.;Probing mesh point 4/9.;Probing mesh point 5/9.;Probing mesh point 6/9.;Probing mesh point 7/9.;Probing mesh point 8/9.;"
+++ DATA: "X:37.16 Y:0.00 Z:0.93 Count X:59456 Y:0 Z:3720"
+++ parseResponse:  "X:37.16 Y:0.00 Z:0.93 Count X:59456 Y:0 Z:3720"
+++ X:Y:Z:  "37.16" ,  "0.00" ,  "0.93"
+++ RESPONSE: "G29 Auto Bed Leveling;Probing mesh point 1/9.;Probing mesh point 2/9.;Probing mesh point 3/9.;Probing mesh point 4/9.;Probing mesh point 5/9.;Probing mesh point 6/9.;Probing mesh point 7/9.;Probing mesh point 8/9.;"
+++ DATA: "S_XYZ:7"
+++ parseResponse:  "S_XYZ:7"
+++ S_XYZ:  "7"
+++ RESPONSE: "G29 Auto Bed Leveling;Probing mesh point 1/9.;Probing mesh point 2/9.;Probing mesh point 3/9.;Probing mesh point 4/9.;Probing mesh point 5/9.;Probing mesh point 6/9.;Probing mesh point 7/9.;Probing mesh point 8/9.;"
+++ DATA: "echo:busy: processing"
+++ parseResponse:  "echo:busy: processing"
+++ ECHO:  "busy" ,  1
+++ RESPONSE: "G29 Auto Bed Leveling;Probing mesh point 1/9.;Probing mesh point 2/9.;Probing mesh point 3/9.;Probing mesh point 4/9.;Probing mesh point 5/9.;Probing mesh point 6/9.;Probing mesh point 7/9.;Probing mesh point 8/9.;"
+++ DATA: "X:37.16 Y:0.00 Z:0.59 Count X:59456 Y:0 Z:2342"
+++ parseResponse:  "X:37.16 Y:0.00 Z:0.59 Count X:59456 Y:0 Z:2342"
+++ X:Y:Z:  "37.16" ,  "0.00" ,  "0.59"
+++ RESPONSE: "G29 Auto Bed Leveling;Probing mesh point 1/9.;Probing mesh point 2/9.;Probing mesh point 3/9.;Probing mesh point 4/9.;Probing mesh point 5/9.;Probing mesh point 6/9.;Probing mesh point 7/9.;Probing mesh point 8/9.;"
+++ DATA: "S_XYZ:7"
+++ parseResponse:  "S_XYZ:7"
+++ S_XYZ:  "7"
+++ RESPONSE: "G29 Auto Bed Leveling;Probing mesh point 1/9.;Probing mesh point 2/9.;Probing mesh point 3/9.;Probing mesh point 4/9.;Probing mesh point 5/9.;Probing mesh point 6/9.;Probing mesh point 7/9.;Probing mesh point 8/9.;"
+++ DATA: "echo:busy: processing"
+++ parseResponse:  "echo:busy: processing"
+++ ECHO:  "busy" ,  1
+++ RESPONSE: "G29 Auto Bed Leveling;Probing mesh point 1/9.;Probing mesh point 2/9.;Probing mesh point 3/9.;Probing mesh point 4/9.;Probing mesh point 5/9.;Probing mesh point 6/9.;Probing mesh point 7/9.;Probing mesh point 8/9.;"
+++ DATA: "X:37.16 Y:0.00 Z:2.58 Count X:59456 Y:0 Z:10326"
+++ parseResponse:  "X:37.16 Y:0.00 Z:2.58 Count X:59456 Y:0 Z:10326"
+++ X:Y:Z:  "37.16" ,  "0.00" ,  "2.58"
+++ RESPONSE: "G29 Auto Bed Leveling;Probing mesh point 1/9.;Probing mesh point 2/9.;Probing mesh point 3/9.;Probing mesh point 4/9.;Probing mesh point 5/9.;Probing mesh point 6/9.;Probing mesh point 7/9.;Probing mesh point 8/9.;"
+++ DATA: "S_XYZ:7"
+++ parseResponse:  "S_XYZ:7"
+++ S_XYZ:  "7"
+++ RESPONSE: "G29 Auto Bed Leveling;Probing mesh point 1/9.;Probing mesh point 2/9.;Probing mesh point 3/9.;Probing mesh point 4/9.;Probing mesh point 5/9.;Probing mesh point 6/9.;Probing mesh point 7/9.;Probing mesh point 8/9.;"
+++ DATA: "echo:busy: processing"
+++ parseResponse:  "echo:busy: processing"
+++ ECHO:  "busy" ,  1
+++ RESPONSE: "G29 Auto Bed Leveling;Probing mesh point 1/9.;Probing mesh point 2/9.;Probing mesh point 3/9.;Probing mesh point 4/9.;Probing mesh point 5/9.;Probing mesh point 6/9.;Probing mesh point 7/9.;Probing mesh point 8/9.;"
+++ DATA: "X:37.16 Y:0.00 Z:4.58 Count X:59456 Y:0 Z:18310"
+++ parseResponse:  "X:37.16 Y:0.00 Z:4.58 Count X:59456 Y:0 Z:18310"
+++ X:Y:Z:  "37.16" ,  "0.00" ,  "4.58"
+++ RESPONSE: "G29 Auto Bed Leveling;Probing mesh point 1/9.;Probing mesh point 2/9.;Probing mesh point 3/9.;Probing mesh point 4/9.;Probing mesh point 5/9.;Probing mesh point 6/9.;Probing mesh point 7/9.;Probing mesh point 8/9.;"
+++ DATA: "S_XYZ:7"
+++ parseResponse:  "S_XYZ:7"
+++ S_XYZ:  "7"
+++ RESPONSE: "G29 Auto Bed Leveling;Probing mesh point 1/9.;Probing mesh point 2/9.;Probing mesh point 3/9.;Probing mesh point 4/9.;Probing mesh point 5/9.;Probing mesh point 6/9.;Probing mesh point 7/9.;Probing mesh point 8/9.;"
+++ DATA: "Bed X: 37.16 Y: 0.00 Z: 0.19"
+++ parseResponse:  "Bed X: 37.16 Y: 0.00 Z: 0.19"
+++ Bed X:Y:Z:  "37.16" ,  "0.00" ,  "0.19"
Updating interpolation
+++ RESPONSE: "G29 Auto Bed Leveling;Probing mesh point 1/9.;Probing mesh point 2/9.;Probing mesh point 3/9.;Probing mesh point 4/9.;Probing mesh point 5/9.;Probing mesh point 6/9.;Probing mesh point 7/9.;Probing mesh point 8/9.;"
+++ DATA: "Probing mesh point 9/9."
+++ parseResponse:  "Probing mesh point 9/9."
+++ RESPONSE: "G29 Auto Bed Leveling;Probing mesh point 1/9.;Probing mesh point 2/9.;Probing mesh point 3/9.;Probing mesh point 4/9.;Probing mesh point 5/9.;Probing mesh point 6/9.;Probing mesh point 7/9.;Probing mesh point 8/9.;Probing mesh point 9/9.;"
+++ DATA: "echo:busy: processing"
+++ parseResponse:  "echo:busy: processing"
+++ ECHO:  "busy" ,  1
+++ RESPONSE: "G29 Auto Bed Leveling;Probing mesh point 1/9.;Probing mesh point 2/9.;Probing mesh point 3/9.;Probing mesh point 4/9.;Probing mesh point 5/9.;Probing mesh point 6/9.;Probing mesh point 7/9.;Probing mesh point 8/9.;Probing mesh point 9/9.;"
+++ DATA: "X:74.32 Y:0.00 Z:5.19 Count X:118912 Y:0 Z:20745"
+++ parseResponse:  "X:74.32 Y:0.00 Z:5.19 Count X:118912 Y:0 Z:20745"
+++ X:Y:Z:  "74.32" ,  "0.00" ,  "5.19"
+++ RESPONSE: "G29 Auto Bed Leveling;Probing mesh point 1/9.;Probing mesh point 2/9.;Probing mesh point 3/9.;Probing mesh point 4/9.;Probing mesh point 5/9.;Probing mesh point 6/9.;Probing mesh point 7/9.;Probing mesh point 8/9.;Probing mesh point 9/9.;"
+++ DATA: "S_XYZ:7"
+++ parseResponse:  "S_XYZ:7"
+++ S_XYZ:  "7"
+++ RESPONSE: "G29 Auto Bed Leveling;Probing mesh point 1/9.;Probing mesh point 2/9.;Probing mesh point 3/9.;Probing mesh point 4/9.;Probing mesh point 5/9.;Probing mesh point 6/9.;Probing mesh point 7/9.;Probing mesh point 8/9.;Probing mesh point 9/9.;"
+++ DATA: "echo:busy: processing"
+++ parseResponse:  "echo:busy: processing"
+++ ECHO:  "busy" ,  1
+++ RESPONSE: "G29 Auto Bed Leveling;Probing mesh point 1/9.;Probing mesh point 2/9.;Probing mesh point 3/9.;Probing mesh point 4/9.;Probing mesh point 5/9.;Probing mesh point 6/9.;Probing mesh point 7/9.;Probing mesh point 8/9.;Probing mesh point 9/9.;"
+++ DATA: "X:74.32 Y:0.00 Z:4.23 Count X:118912 Y:0 Z:16917"
+++ parseResponse:  "X:74.32 Y:0.00 Z:4.23 Count X:118912 Y:0 Z:16917"
+++ X:Y:Z:  "74.32" ,  "0.00" ,  "4.23"
+++ RESPONSE: "G29 Auto Bed Leveling;Probing mesh point 1/9.;Probing mesh point 2/9.;Probing mesh point 3/9.;Probing mesh point 4/9.;Probing mesh point 5/9.;Probing mesh point 6/9.;Probing mesh point 7/9.;Probing mesh point 8/9.;Probing mesh point 9/9.;"
+++ DATA: "S_XYZ:7"
+++ parseResponse:  "S_XYZ:7"
+++ S_XYZ:  "7"
+++ RESPONSE: "G29 Auto Bed Leveling;Probing mesh point 1/9.;Probing mesh point 2/9.;Probing mesh point 3/9.;Probing mesh point 4/9.;Probing mesh point 5/9.;Probing mesh point 6/9.;Probing mesh point 7/9.;Probing mesh point 8/9.;Probing mesh point 9/9.;"
+++ DATA: "echo:busy: processing"
+++ parseResponse:  "echo:busy: processing"
+++ ECHO:  "busy" ,  1
+++ RESPONSE: "G29 Auto Bed Leveling;Probing mesh point 1/9.;Probing mesh point 2/9.;Probing mesh point 3/9.;Probing mesh point 4/9.;Probing mesh point 5/9.;Probing mesh point 6/9.;Probing mesh point 7/9.;Probing mesh point 8/9.;Probing mesh point 9/9.;"
+++ DATA: "X:74.32 Y:0.00 Z:3.23 Count X:118912 Y:0 Z:12921"
+++ parseResponse:  "X:74.32 Y:0.00 Z:3.23 Count X:118912 Y:0 Z:12921"
+++ X:Y:Z:  "74.32" ,  "0.00" ,  "3.23"
+++ RESPONSE: "G29 Auto Bed Leveling;Probing mesh point 1/9.;Probing mesh point 2/9.;Probing mesh point 3/9.;Probing mesh point 4/9.;Probing mesh point 5/9.;Probing mesh point 6/9.;Probing mesh point 7/9.;Probing mesh point 8/9.;Probing mesh point 9/9.;"
+++ DATA: "S_XYZ:7"
+++ parseResponse:  "S_XYZ:7"
+++ S_XYZ:  "7"
+++ RESPONSE: "G29 Auto Bed Leveling;Probing mesh point 1/9.;Probing mesh point 2/9.;Probing mesh point 3/9.;Probing mesh point 4/9.;Probing mesh point 5/9.;Probing mesh point 6/9.;Probing mesh point 7/9.;Probing mesh point 8/9.;Probing mesh point 9/9.;"
+++ DATA: "echo:busy: processing"
+++ parseResponse:  "echo:busy: processing"
+++ ECHO:  "busy" ,  1
+++ RESPONSE: "G29 Auto Bed Leveling;Probing mesh point 1/9.;Probing mesh point 2/9.;Probing mesh point 3/9.;Probing mesh point 4/9.;Probing mesh point 5/9.;Probing mesh point 6/9.;Probing mesh point 7/9.;Probing mesh point 8/9.;Probing mesh point 9/9.;"
+++ DATA: "X:74.32 Y:0.00 Z:2.23 Count X:118912 Y:0 Z:8925"
+++ parseResponse:  "X:74.32 Y:0.00 Z:2.23 Count X:118912 Y:0 Z:8925"
+++ X:Y:Z:  "74.32" ,  "0.00" ,  "2.23"
+++ RESPONSE: "G29 Auto Bed Leveling;Probing mesh point 1/9.;Probing mesh point 2/9.;Probing mesh point 3/9.;Probing mesh point 4/9.;Probing mesh point 5/9.;Probing mesh point 6/9.;Probing mesh point 7/9.;Probing mesh point 8/9.;Probing mesh point 9/9.;"
+++ DATA: "S_XYZ:7"
+++ parseResponse:  "S_XYZ:7"
+++ S_XYZ:  "7"
+++ RESPONSE: "G29 Auto Bed Leveling;Probing mesh point 1/9.;Probing mesh point 2/9.;Probing mesh point 3/9.;Probing mesh point 4/9.;Probing mesh point 5/9.;Probing mesh point 6/9.;Probing mesh point 7/9.;Probing mesh point 8/9.;Probing mesh point 9/9.;"
+++ DATA: "echo:busy: processing"
+++ parseResponse:  "echo:busy: processing"
+++ ECHO:  "busy" ,  1
+++ RESPONSE: "G29 Auto Bed Leveling;Probing mesh point 1/9.;Probing mesh point 2/9.;Probing mesh point 3/9.;Probing mesh point 4/9.;Probing mesh point 5/9.;Probing mesh point 6/9.;Probing mesh point 7/9.;Probing mesh point 8/9.;Probing mesh point 9/9.;"
+++ DATA: "X:74.32 Y:0.00 Z:1.23 Count X:118912 Y:0 Z:4929"
+++ parseResponse:  "X:74.32 Y:0.00 Z:1.23 Count X:118912 Y:0 Z:4929"
+++ X:Y:Z:  "74.32" ,  "0.00" ,  "1.23"
+++ RESPONSE: "G29 Auto Bed Leveling;Probing mesh point 1/9.;Probing mesh point 2/9.;Probing mesh point 3/9.;Probing mesh point 4/9.;Probing mesh point 5/9.;Probing mesh point 6/9.;Probing mesh point 7/9.;Probing mesh point 8/9.;Probing mesh point 9/9.;"
+++ DATA: "S_XYZ:7"
+++ parseResponse:  "S_XYZ:7"
+++ S_XYZ:  "7"
+++ RESPONSE: "G29 Auto Bed Leveling;Probing mesh point 1/9.;Probing mesh point 2/9.;Probing mesh point 3/9.;Probing mesh point 4/9.;Probing mesh point 5/9.;Probing mesh point 6/9.;Probing mesh point 7/9.;Probing mesh point 8/9.;Probing mesh point 9/9.;"
+++ DATA: "echo:busy: processing"
+++ parseResponse:  "echo:busy: processing"
+++ ECHO:  "busy" ,  1
+++ RESPONSE: "G29 Auto Bed Leveling;Probing mesh point 1/9.;Probing mesh point 2/9.;Probing mesh point 3/9.;Probing mesh point 4/9.;Probing mesh point 5/9.;Probing mesh point 6/9.;Probing mesh point 7/9.;Probing mesh point 8/9.;Probing mesh point 9/9.;"
+++ DATA: "X:74.32 Y:0.00 Z:0.28 Count X:118912 Y:0 Z:1108"
+++ parseResponse:  "X:74.32 Y:0.00 Z:0.28 Count X:118912 Y:0 Z:1108"
+++ X:Y:Z:  "74.32" ,  "0.00" ,  "0.28"
+++ RESPONSE: "G29 Auto Bed Leveling;Probing mesh point 1/9.;Probing mesh point 2/9.;Probing mesh point 3/9.;Probing mesh point 4/9.;Probing mesh point 5/9.;Probing mesh point 6/9.;Probing mesh point 7/9.;Probing mesh point 8/9.;Probing mesh point 9/9.;"
+++ DATA: "S_XYZ:7"
+++ parseResponse:  "S_XYZ:7"
+++ S_XYZ:  "7"
+++ RESPONSE: "G29 Auto Bed Leveling;Probing mesh point 1/9.;Probing mesh point 2/9.;Probing mesh point 3/9.;Probing mesh point 4/9.;Probing mesh point 5/9.;Probing mesh point 6/9.;Probing mesh point 7/9.;Probing mesh point 8/9.;Probing mesh point 9/9.;"
+++ DATA: "echo:busy: processing"
+++ parseResponse:  "echo:busy: processing"
+++ ECHO:  "busy" ,  1
+++ RESPONSE: "G29 Auto Bed Leveling;Probing mesh point 1/9.;Probing mesh point 2/9.;Probing mesh point 3/9.;Probing mesh point 4/9.;Probing mesh point 5/9.;Probing mesh point 6/9.;Probing mesh point 7/9.;Probing mesh point 8/9.;Probing mesh point 9/9.;"
+++ DATA: "X:74.32 Y:0.00 Z:2.24 Count X:118912 Y:0 Z:8980"
+++ parseResponse:  "X:74.32 Y:0.00 Z:2.24 Count X:118912 Y:0 Z:8980"
+++ X:Y:Z:  "74.32" ,  "0.00" ,  "2.24"
+++ RESPONSE: "G29 Auto Bed Leveling;Probing mesh point 1/9.;Probing mesh point 2/9.;Probing mesh point 3/9.;Probing mesh point 4/9.;Probing mesh point 5/9.;Probing mesh point 6/9.;Probing mesh point 7/9.;Probing mesh point 8/9.;Probing mesh point 9/9.;"
+++ DATA: "S_XYZ:7"
+++ parseResponse:  "S_XYZ:7"
+++ S_XYZ:  "7"
+++ RESPONSE: "G29 Auto Bed Leveling;Probing mesh point 1/9.;Probing mesh point 2/9.;Probing mesh point 3/9.;Probing mesh point 4/9.;Probing mesh point 5/9.;Probing mesh point 6/9.;Probing mesh point 7/9.;Probing mesh point 8/9.;Probing mesh point 9/9.;"
+++ DATA: "echo:busy: processing"
+++ parseResponse:  "echo:busy: processing"
+++ ECHO:  "busy" ,  1
+++ RESPONSE: "G29 Auto Bed Leveling;Probing mesh point 1/9.;Probing mesh point 2/9.;Probing mesh point 3/9.;Probing mesh point 4/9.;Probing mesh point 5/9.;Probing mesh point 6/9.;Probing mesh point 7/9.;Probing mesh point 8/9.;Probing mesh point 9/9.;"
+++ DATA: "X:74.32 Y:0.00 Z:4.24 Count X:118912 Y:0 Z:16964"
+++ parseResponse:  "X:74.32 Y:0.00 Z:4.24 Count X:118912 Y:0 Z:16964"
+++ X:Y:Z:  "74.32" ,  "0.00" ,  "4.24"
+++ RESPONSE: "G29 Auto Bed Leveling;Probing mesh point 1/9.;Probing mesh point 2/9.;Probing mesh point 3/9.;Probing mesh point 4/9.;Probing mesh point 5/9.;Probing mesh point 6/9.;Probing mesh point 7/9.;Probing mesh point 8/9.;Probing mesh point 9/9.;"
+++ DATA: "S_XYZ:7"
+++ parseResponse:  "S_XYZ:7"
+++ S_XYZ:  "7"
+++ RESPONSE: "G29 Auto Bed Leveling;Probing mesh point 1/9.;Probing mesh point 2/9.;Probing mesh point 3/9.;Probing mesh point 4/9.;Probing mesh point 5/9.;Probing mesh point 6/9.;Probing mesh point 7/9.;Probing mesh point 8/9.;Probing mesh point 9/9.;"
+++ DATA: "Bed X: 74.32 Y: 0.00 Z: 0.28"
+++ parseResponse:  "Bed X: 74.32 Y: 0.00 Z: 0.28"
+++ Bed X:Y:Z:  "74.32" ,  "0.00" ,  "0.28"
Updating interpolation
+++ RESPONSE: "G29 Auto Bed Leveling;Probing mesh point 1/9.;Probing mesh point 2/9.;Probing mesh point 3/9.;Probing mesh point 4/9.;Probing mesh point 5/9.;Probing mesh point 6/9.;Probing mesh point 7/9.;Probing mesh point 8/9.;Probing mesh point 9/9.;"
+++ DATA: "Eqn coefficients: a: 0.00284132 b: -0.00118646 d: 0.04956943"
+++ parseResponse:  "Eqn coefficients: a: 0.00284132 b: -0.00118646 d: 0.04956943"
+++ RESPONSE: "G29 Auto Bed Leveling;Probing mesh point 1/9.;Probing mesh point 2/9.;Probing mesh point 3/9.;Probing mesh point 4/9.;Probing mesh point 5/9.;Probing mesh point 6/9.;Probing mesh point 7/9.;Probing mesh point 8/9.;Probing mesh point 9/9.;Eqn coefficients: a: 0.00284132 b: -0.00118646 d: 0.04956943;"
+++ DATA: "Mean of sampled points: 0.11294445"
+++ parseResponse:  "Mean of sampled points: 0.11294445"
+++ RESPONSE: "G29 Auto Bed Leveling;Probing mesh point 1/9.;Probing mesh point 2/9.;Probing mesh point 3/9.;Probing mesh point 4/9.;Probing mesh point 5/9.;Probing mesh point 6/9.;Probing mesh point 7/9.;Probing mesh point 8/9.;Probing mesh point 9/9.;Eqn coefficients: a: 0.00284132 b: -0.00118646 d: 0.04956943;Mean of sampled points: 0.11294445;"
+++ DATA: ""
+++ DATA: "Bed Height Topography:"
+++ parseResponse:  "Bed Height Topography:"
+++ RESPONSE: "G29 Auto Bed Leveling;Probing mesh point 1/9.;Probing mesh point 2/9.;Probing mesh point 3/9.;Probing mesh point 4/9.;Probing mesh point 5/9.;Probing mesh point 6/9.;Probing mesh point 7/9.;Probing mesh point 8/9.;Probing mesh point 9/9.;Eqn coefficients: a: 0.00284132 b: -0.00118646 d: 0.04956943;Mean of sampled points: 0.11294445;Bed Height Topography:;"
+++ DATA: "+--- BACK --+"
+++ parseResponse:  "+--- BACK --+"
+++ RESPONSE: "G29 Auto Bed Leveling;Probing mesh point 1/9.;Probing mesh point 2/9.;Probing mesh point 3/9.;Probing mesh point 4/9.;Probing mesh point 5/9.;Probing mesh point 6/9.;Probing mesh point 7/9.;Probing mesh point 8/9.;Probing mesh point 9/9.;Eqn coefficients: a: 0.00284132 b: -0.00118646 d: 0.04956943;Mean of sampled points: 0.11294445;Bed Height Topography:;+--- BACK --+;"
+++ DATA: "|           |"
+++ parseResponse:  "|           |"
+++ RESPONSE: "G29 Auto Bed Leveling;Probing mesh point 1/9.;Probing mesh point 2/9.;Probing mesh point 3/9.;Probing mesh point 4/9.;Probing mesh point 5/9.;Probing mesh point 6/9.;Probing mesh point 7/9.;Probing mesh point 8/9.;Probing mesh point 9/9.;Eqn coefficients: a: 0.00284132 b: -0.00118646 d: 0.04956943;Mean of sampled points: 0.11294445;Bed Height Topography:;+--- BACK --+;|           |;"
+++ DATA: "L |    (+)    | R"
+++ parseResponse:  "L |    (+)    | R"
+++ RESPONSE: "G29 Auto Bed Leveling;Probing mesh point 1/9.;Probing mesh point 2/9.;Probing mesh point 3/9.;Probing mesh point 4/9.;Probing mesh point 5/9.;Probing mesh point 6/9.;Probing mesh point 7/9.;Probing mesh point 8/9.;Probing mesh point 9/9.;Eqn coefficients: a: 0.00284132 b: -0.00118646 d: 0.04956943;Mean of sampled points: 0.11294445;Bed Height Topography:;+--- BACK --+;|           |;L |    (+)    | R;"
+++ DATA: "E |           | I"
+++ parseResponse:  "E |           | I"
+++ RESPONSE: "G29 Auto Bed Leveling;Probing mesh point 1/9.;Probing mesh point 2/9.;Probing mesh point 3/9.;Probing mesh point 4/9.;Probing mesh point 5/9.;Probing mesh point 6/9.;Probing mesh point 7/9.;Probing mesh point 8/9.;Probing mesh point 9/9.;Eqn coefficients: a: 0.00284132 b: -0.00118646 d: 0.04956943;Mean of sampled points: 0.11294445;Bed Height Topography:;+--- BACK --+;|           |;L |    (+)    | R;E |           | I;"
+++ DATA: "F | (-) N (+) | G"
+++ parseResponse:  "F | (-) N (+) | G"
+++ RESPONSE: "G29 Auto Bed Leveling;Probing mesh point 1/9.;Probing mesh point 2/9.;Probing mesh point 3/9.;Probing mesh point 4/9.;Probing mesh point 5/9.;Probing mesh point 6/9.;Probing mesh point 7/9.;Probing mesh point 8/9.;Probing mesh point 9/9.;Eqn coefficients: a: 0.00284132 b: -0.00118646 d: 0.04956943;Mean of sampled points: 0.11294445;Bed Height Topography:;+--- BACK --+;|           |;L |    (+)    | R;E |           | I;F | (-) N (+) | G;"
+++ DATA: "T |           | H"
+++ parseResponse:  "T |           | H"
+++ RESPONSE: "G29 Auto Bed Leveling;Probing mesh point 1/9.;Probing mesh point 2/9.;Probing mesh point 3/9.;Probing mesh point 4/9.;Probing mesh point 5/9.;Probing mesh point 6/9.;Probing mesh point 7/9.;Probing mesh point 8/9.;Probing mesh point 9/9.;Eqn coefficients: a: 0.00284132 b: -0.00118646 d: 0.04956943;Mean of sampled points: 0.11294445;Bed Height Topography:;+--- BACK --+;|           |;L |    (+)    | R;E |           | I;F | (-) N (+) | G;T |           | H;"
+++ DATA: "|    (-)    | T"
+++ parseResponse:  "|    (-)    | T"
+++ RESPONSE: "G29 Auto Bed Leveling;Probing mesh point 1/9.;Probing mesh point 2/9.;Probing mesh point 3/9.;Probing mesh point 4/9.;Probing mesh point 5/9.;Probing mesh point 6/9.;Probing mesh point 7/9.;Probing mesh point 8/9.;Probing mesh point 9/9.;Eqn coefficients: a: 0.00284132 b: -0.00118646 d: 0.04956943;Mean of sampled points: 0.11294445;Bed Height Topography:;+--- BACK --+;|           |;L |    (+)    | R;E |           | I;F | (-) N (+) | G;T |           | H;|    (-)    | T;"
+++ DATA: "|           |"
+++ parseResponse:  "|           |"
+++ RESPONSE: "G29 Auto Bed Leveling;Probing mesh point 1/9.;Probing mesh point 2/9.;Probing mesh point 3/9.;Probing mesh point 4/9.;Probing mesh point 5/9.;Probing mesh point 6/9.;Probing mesh point 7/9.;Probing mesh point 8/9.;Probing mesh point 9/9.;Eqn coefficients: a: 0.00284132 b: -0.00118646 d: 0.04956943;Mean of sampled points: 0.11294445;Bed Height Topography:;+--- BACK --+;|           |;L |    (+)    | R;E |           | I;F | (-) N (+) | G;T |           | H;|    (-)    | T;|           |;"
+++ DATA: "O-- FRONT --+"
+++ parseResponse:  "O-- FRONT --+"
+++ RESPONSE: "G29 Auto Bed Leveling;Probing mesh point 1/9.;Probing mesh point 2/9.;Probing mesh point 3/9.;Probing mesh point 4/9.;Probing mesh point 5/9.;Probing mesh point 6/9.;Probing mesh point 7/9.;Probing mesh point 8/9.;Probing mesh point 9/9.;Eqn coefficients: a: 0.00284132 b: -0.00118646 d: 0.04956943;Mean of sampled points: 0.11294445;Bed Height Topography:;+--- BACK --+;|           |;L |    (+)    | R;E |           | I;F | (-) N (+) | G;T |           | H;|    (-)    | T;|           |;O-- FRONT --+;"
+++ DATA: "(0,0)"
+++ parseResponse:  "(0,0)"
+++ RESPONSE: "G29 Auto Bed Leveling;Probing mesh point 1/9.;Probing mesh point 2/9.;Probing mesh point 3/9.;Probing mesh point 4/9.;Probing mesh point 5/9.;Probing mesh point 6/9.;Probing mesh point 7/9.;Probing mesh point 8/9.;Probing mesh point 9/9.;Eqn coefficients: a: 0.00284132 b: -0.00118646 d: 0.04956943;Mean of sampled points: 0.11294445;Bed Height Topography:;+--- BACK --+;|           |;L |    (+)    | R;E |           | I;F | (-) N (+) | G;T |           | H;|    (-)    | T;|           |;O-- FRONT --+;(0,0);"
+++ DATA: "-0.12494 +0.07331 +0.16406"
+++ parseResponse:  "-0.12494 +0.07331 +0.16406"
+++ RESPONSE: "G29 Auto Bed Leveling;Probing mesh point 1/9.;Probing mesh point 2/9.;Probing mesh point 3/9.;Probing mesh point 4/9.;Probing mesh point 5/9.;Probing mesh point 6/9.;Probing mesh point 7/9.;Probing mesh point 8/9.;Probing mesh point 9/9.;Eqn coefficients: a: 0.00284132 b: -0.00118646 d: 0.04956943;Mean of sampled points: 0.11294445;Bed Height Topography:;+--- BACK --+;|           |;L |    (+)    | R;E |           | I;F | (-) N (+) | G;T |           | H;|    (-)    | T;|           |;O-- FRONT --+;(0,0);-0.12494 +0.07331 +0.16406;"
+++ DATA: "-0.10669 +0.03881 +0.09631"
+++ parseResponse:  "-0.10669 +0.03881 +0.09631"
+++ RESPONSE: "G29 Auto Bed Leveling;Probing mesh point 1/9.;Probing mesh point 2/9.;Probing mesh point 3/9.;Probing mesh point 4/9.;Probing mesh point 5/9.;Probing mesh point 6/9.;Probing mesh point 7/9.;Probing mesh point 8/9.;Probing mesh point 9/9.;Eqn coefficients: a: 0.00284132 b: -0.00118646 d: 0.04956943;Mean of sampled points: 0.11294445;Bed Height Topography:;+--- BACK --+;|           |;L |    (+)    | R;E |           | I;F | (-) N (+) | G;T |           | H;|    (-)    | T;|           |;O-- FRONT --+;(0,0);-0.12494 +0.07331 +0.16406;-0.10669 +0.03881 +0.09631;"
+++ DATA: "-0.13169 -0.01894 +0.00981"
+++ parseResponse:  "-0.13169 -0.01894 +0.00981"
+++ RESPONSE: "G29 Auto Bed Leveling;Probing mesh point 1/9.;Probing mesh point 2/9.;Probing mesh point 3/9.;Probing mesh point 4/9.;Probing mesh point 5/9.;Probing mesh point 6/9.;Probing mesh point 7/9.;Probing mesh point 8/9.;Probing mesh point 9/9.;Eqn coefficients: a: 0.00284132 b: -0.00118646 d: 0.04956943;Mean of sampled points: 0.11294445;Bed Height Topography:;+--- BACK --+;|           |;L |    (+)    | R;E |           | I;F | (-) N (+) | G;T |           | H;|    (-)    | T;|           |;O-- FRONT --+;(0,0);-0.12494 +0.07331 +0.16406;-0.10669 +0.03881 +0.09631;-0.13169 -0.01894 +0.00981;"
+++ DATA: ""
+++ DATA: ""
+++ DATA: ""
+++ DATA: "Bed Level Correction Matrix:"
+++ parseResponse:  "Bed Level Correction Matrix:"
+++ RESPONSE: "G29 Auto Bed Leveling;Probing mesh point 1/9.;Probing mesh point 2/9.;Probing mesh point 3/9.;Probing mesh point 4/9.;Probing mesh point 5/9.;Probing mesh point 6/9.;Probing mesh point 7/9.;Probing mesh point 8/9.;Probing mesh point 9/9.;Eqn coefficients: a: 0.00284132 b: -0.00118646 d: 0.04956943;Mean of sampled points: 0.11294445;Bed Height Topography:;+--- BACK --+;|           |;L |    (+)    | R;E |           | I;F | (-) N (+) | G;T |           | H;|    (-)    | T;|           |;O-- FRONT --+;(0,0);-0.12494 +0.07331 +0.16406;-0.10669 +0.03881 +0.09631;-0.13169 -0.01894 +0.00981;Bed Level Correction Matrix:;"
+++ DATA: "+0.999996 +0.000000 +0.000000"
+++ parseResponse:  "+0.999996 +0.000000 +0.000000"
+++ RESPONSE: "G29 Auto Bed Leveling;Probing mesh point 1/9.;Probing mesh point 2/9.;Probing mesh point 3/9.;Probing mesh point 4/9.;Probing mesh point 5/9.;Probing mesh point 6/9.;Probing mesh point 7/9.;Probing mesh point 8/9.;Probing mesh point 9/9.;Eqn coefficients: a: 0.00284132 b: -0.00118646 d: 0.04956943;Mean of sampled points: 0.11294445;Bed Height Topography:;+--- BACK --+;|           |;L |    (+)    | R;E |           | I;F | (-) N (+) | G;T |           | H;|    (-)    | T;|           |;O-- FRONT --+;(0,0);-0.12494 +0.07331 +0.16406;-0.10669 +0.03881 +0.09631;-0.13169 -0.01894 +0.00981;Bed Level Correction Matrix:;+0.999996 +0.000000 +0.000000;"
+++ DATA: "+0.000000 +0.000000 +0.000000"
+++ parseResponse:  "+0.000000 +0.000000 +0.000000"
+++ RESPONSE: "G29 Auto Bed Leveling;Probing mesh point 1/9.;Probing mesh point 2/9.;Probing mesh point 3/9.;Probing mesh point 4/9.;Probing mesh point 5/9.;Probing mesh point 6/9.;Probing mesh point 7/9.;Probing mesh point 8/9.;Probing mesh point 9/9.;Eqn coefficients: a: 0.00284132 b: -0.00118646 d: 0.04956943;Mean of sampled points: 0.11294445;Bed Height Topography:;+--- BACK --+;|           |;L |    (+)    | R;E |           | I;F | (-) N (+) | G;T |           | H;|    (-)    | T;|           |;O-- FRONT --+;(0,0);-0.12494 +0.07331 +0.16406;-0.10669 +0.03881 +0.09631;-0.13169 -0.01894 +0.00981;Bed Level Correction Matrix:;+0.999996 +0.000000 +0.000000;+0.000000 +0.000000 +0.000000;"
+++ DATA: "+0.000000 +0.000000 +0.002841"
+++ parseResponse:  "+0.000000 +0.000000 +0.002841"
+++ RESPONSE: "G29 Auto Bed Leveling;Probing mesh point 1/9.;Probing mesh point 2/9.;Probing mesh point 3/9.;Probing mesh point 4/9.;Probing mesh point 5/9.;Probing mesh point 6/9.;Probing mesh point 7/9.;Probing mesh point 8/9.;Probing mesh point 9/9.;Eqn coefficients: a: 0.00284132 b: -0.00118646 d: 0.04956943;Mean of sampled points: 0.11294445;Bed Height Topography:;+--- BACK --+;|           |;L |    (+)    | R;E |           | I;F | (-) N (+) | G;T |           | H;|    (-)    | T;|           |;O-- FRONT --+;(0,0);-0.12494 +0.07331 +0.16406;-0.10669 +0.03881 +0.09631;-0.13169 -0.01894 +0.00981;Bed Level Correction Matrix:;+0.999996 +0.000000 +0.000000;+0.000000 +0.000000 +0.000000;+0.000000 +0.000000 +0.002841;"
+++ DATA: "X:74.32 Y:5.00 Z:5.00 Count X:118911 Y:8000 Z:57"
+++ parseResponse:  "X:74.32 Y:5.00 Z:5.00 Count X:118911 Y:8000 Z:57"
+++ X:Y:Z:  "74.32" ,  "5.00" ,  "5.00"
+++ RESPONSE: "G29 Auto Bed Leveling;Probing mesh point 1/9.;Probing mesh point 2/9.;Probing mesh point 3/9.;Probing mesh point 4/9.;Probing mesh point 5/9.;Probing mesh point 6/9.;Probing mesh point 7/9.;Probing mesh point 8/9.;Probing mesh point 9/9.;Eqn coefficients: a: 0.00284132 b: -0.00118646 d: 0.04956943;Mean of sampled points: 0.11294445;Bed Height Topography:;+--- BACK --+;|           |;L |    (+)    | R;E |           | I;F | (-) N (+) | G;T |           | H;|    (-)    | T;|           |;O-- FRONT --+;(0,0);-0.12494 +0.07331 +0.16406;-0.10669 +0.03881 +0.09631;-0.13169 -0.01894 +0.00981;Bed Level Correction Matrix:;+0.999996 +0.000000 +0.000000;+0.000000 +0.000000 +0.000000;+0.000000 +0.000000 +0.002841;"
+++ DATA: "S_XYZ:3"
+++ parseResponse:  "S_XYZ:3"
+++ S_XYZ:  "3"
+++ RESPONSE: "G29 Auto Bed Leveling;Probing mesh point 1/9.;Probing mesh point 2/9.;Probing mesh point 3/9.;Probing mesh point 4/9.;Probing mesh point 5/9.;Probing mesh point 6/9.;Probing mesh point 7/9.;Probing mesh point 8/9.;Probing mesh point 9/9.;Eqn coefficients: a: 0.00284132 b: -0.00118646 d: 0.04956943;Mean of sampled points: 0.11294445;Bed Height Topography:;+--- BACK --+;|           |;L |    (+)    | R;E |           | I;F | (-) N (+) | G;T |           | H;|    (-)    | T;|           |;O-- FRONT --+;(0,0);-0.12494 +0.07331 +0.16406;-0.10669 +0.03881 +0.09631;-0.13169 -0.01894 +0.00981;Bed Level Correction Matrix:;+0.999996 +0.000000 +0.000000;+0.000000 +0.000000 +0.000000;+0.000000 +0.000000 +0.002841;"
+++ DATA: "ok"
+++ COMMAND: "G29 X3 Y3 L0.000 R74.320 F71.150 B0.000 V3" , ca.tableIndex: 1
CandleConnection::write() : "M11"
CandleConnection::write() : "P000"
CandleConnection::write() : "R000"
+++ command: "G0 Z3"
CandleConnection::write() : "G0 Z3\r"
+++ DATA: "echo:Unknown command: \"M11P000R000G0 Z3\""
+++ parseResponse:  "echo:Unknown command: \"M11P000R000G0 Z3\""
+++ ECHO:  "Unknown command" ,  1
+++ RESPONSE: ""
+++ DATA: "ok"
+++ COMMAND: "G0 Z3" , ca.tableIndex: -1
+++ command: "G0 Z3"
CandleConnection::write() : "G0 Z3\r"
+++ DATA: "S_XYZ:5"
+++ parseResponse:  "S_XYZ:5"
+++ S_XYZ:  "5"
+++ RESPONSE: ""
+++ DATA: "S_XYZ:5"
+++ parseResponse:  "S_XYZ:5"
+++ S_XYZ:  "5"
+++ RESPONSE: ""
+++ DATA: "ok"
+++ COMMAND: "G0 Z3" , ca.tableIndex: -1
+++ command: "R000"
CandleConnection::write() : "R000\r"
+++ DATA: "S_XYZ:5"
+++ parseResponse:  "S_XYZ:5"
+++ S_XYZ:  "5"
+++ RESPONSE: ""
+++ DATA: "ok"
+++ COMMAND: "R000" , ca.tableIndex: -1
+++ command: "G0 Z3"
CandleConnection::write() : "G0 Z3\r"
+++ DATA: "S_XYZ:5"
+++ parseResponse:  "S_XYZ:5"
+++ S_XYZ:  "5"
+++ RESPONSE: ""
+++ DATA: "S_XYZ:5"
+++ parseResponse:  "S_XYZ:5"
+++ S_XYZ:  "5"
+++ RESPONSE: ""
+++ DATA: "ok"
+++ COMMAND: "G0 Z3" , ca.tableIndex: -1
CandleConnection::write() : "M11"
+++ command: "G0 Z3"
CandleConnection::write() : "G0 Z3\r"
+++ DATA: "echo:Unknown command: \"M11G0 Z3\""
+++ parseResponse:  "echo:Unknown command: \"M11G0 Z3\""
+++ ECHO:  "Unknown command" ,  1
+++ RESPONSE: ""
+++ DATA: "ok"
+++ COMMAND: "G0 Z3" , ca.tableIndex: -1
+++ command: "M11"
CandleConnection::write() : "M11\r"
+++ DATA: "echo:Unknown command: \"M11\""
+++ parseResponse:  "echo:Unknown command: \"M11\""
+++ ECHO:  "Unknown command" ,  1
+++ RESPONSE: ""
+++ DATA: "ok"
+++ COMMAND: "M11" , ca.tableIndex: -1
+++ command: "G0 Z3"
CandleConnection::write() : "G0 Z3\r"
+++ DATA: "S_XYZ:5"
+++ parseResponse:  "S_XYZ:5"
+++ S_XYZ:  "5"
+++ RESPONSE: ""
+++ DATA: "S_XYZ:5"
+++ parseResponse:  "S_XYZ:5"
+++ S_XYZ:  "5"
+++ RESPONSE: ""
+++ DATA: "ok"
+++ COMMAND: "G0 Z3" , ca.tableIndex: -1
+++ on_pbConnect_clicked
+++ on_pbConnect_clicked
CandleConnection::openPort(), type: 2
CandleConnection::openTcpIp() connecting to: "192.168.1.231" : 8888
CandleConnection::openTcpIp() connection state: QAbstractSocket::ConnectedState
+++ on_pbConnect_clicked
Press <RETURN> to close this window...



