locale: "en"
style "Windows"
style "Fusion"
QObject::connect: No such slot frmMain::updateHeightMapInterpolationDrawer() in ../src/frmmain.cpp:167
QObject::connect:  (receiver name: 'frmMain')
shader program created
preparing vectors GcodeDrawer(0x556255ff41f0)
lines count 0
preparing vectors GcodeDrawer(0x556255ff6570)
lines count 0
+++ on_pbConnect_clicked
CandleConnection::openPort(), type: 2
CandleConnection::openTcpIp() connecting to: "192.168.1.231" : 8888
CandleConnection::openTcpIp() connection state: QAbstractSocket::ConnectedState
+++ command: "G28 X Y"
CandleConnection::write() : "G28 X Y\r"
+++ DATA: "S_XYZ:9"
+++ parseResponse:  "S_XYZ:9"
+++ S_XYZ:  "9"
+++ RESPONSE: ""
+++ DATA: "echo:busy: processing"
+++ parseResponse:  "echo:busy: processing"
+++ ECHO:  "busy" ,  1
+++ RESPONSE: ""
+++ DATA: "X:0.05 Y:71.39 Z:2.88 Count X:77 Y:114226 Z:11536"
+++ parseResponse:  "X:0.05 Y:71.39 Z:2.88 Count X:77 Y:114226 Z:11536"
+++ X:Y:Z:  "0.05" ,  "71.39" ,  "2.88"
+++ RESPONSE: ""
+++ DATA: "S_XYZ:9"
+++ parseResponse:  "S_XYZ:9"
+++ S_XYZ:  "9"
+++ RESPONSE: ""
+++ DATA: "echo:busy: processing"
+++ parseResponse:  "echo:busy: processing"
+++ ECHO:  "busy" ,  1
+++ RESPONSE: ""
+++ DATA: "X:0.05 Y:71.39 Z:4.88 Count X:77 Y:114226 Z:19520"
+++ parseResponse:  "X:0.05 Y:71.39 Z:4.88 Count X:77 Y:114226 Z:19520"
+++ X:Y:Z:  "0.05" ,  "71.39" ,  "4.88"
+++ RESPONSE: ""
+++ DATA: "S_XYZ:9"
+++ parseResponse:  "S_XYZ:9"
+++ S_XYZ:  "9"
+++ RESPONSE: ""
+++ DATA: "echo:busy: processing"
+++ parseResponse:  "echo:busy: processing"
+++ ECHO:  "busy" ,  1
+++ RESPONSE: ""
+++ DATA: "X:0.00 Y:-20.35 Z:5.00 Count X:0 Y:-32587 Z:20000"
+++ parseResponse:  "X:0.00 Y:-20.35 Z:5.00 Count X:0 Y:-32587 Z:20000"
+++ X:Y:Z:  "0.00" ,  "-20.35" ,  "5.00"
+++ RESPONSE: ""
+++ DATA: "S_XYZ:9"
+++ parseResponse:  "S_XYZ:9"
+++ S_XYZ:  "9"
+++ RESPONSE: ""
+++ DATA: "echo:busy: processing"
+++ parseResponse:  "echo:busy: processing"
+++ ECHO:  "busy" ,  1
+++ RESPONSE: ""
+++ DATA: "X:0.00 Y:-3.88 Z:5.00 Count X:0 Y:-6211 Z:20000"
+++ parseResponse:  "X:0.00 Y:-3.88 Z:5.00 Count X:0 Y:-6211 Z:20000"
+++ X:Y:Z:  "0.00" ,  "-3.88" ,  "5.00"
+++ RESPONSE: ""
+++ DATA: "S_XYZ:9"
+++ parseResponse:  "S_XYZ:9"
+++ S_XYZ:  "9"
+++ RESPONSE: ""
+++ DATA: "X:0.00 Y:0.00 Z:5.00 Count X:0 Y:0 Z:20000"
+++ parseResponse:  "X:0.00 Y:0.00 Z:5.00 Count X:0 Y:0 Z:20000"
+++ X:Y:Z:  "0.00" ,  "0.00" ,  "5.00"
+++ RESPONSE: ""
+++ DATA: "S_XYZ:3"
+++ parseResponse:  "S_XYZ:3"
+++ S_XYZ:  "3"
+++ RESPONSE: ""
+++ DATA: "ok"
+++ COMMAND: "G28 X Y" , ca.tableIndex: -1
reseting gp QVector3D(nan, nan, nan)
Prepared to load: 1
model filled: 2
view parser filled: 0
preparing vectors GcodeDrawer(0x556255ff41f0)
lines count 106
updating parser: GCodeTableModel(0x7ffe95390240) GcodeDrawer(0x556255ff6570)
reseting gp QVector3D(nan, nan, nan)
Update parser time:  19
changes: false false
updating heightmap grid drawer
Updating interpolation
generating probe program
updating parser: GCodeTableModel(0x7ffe95390240) GcodeDrawer(0x556255ff6570)
reseting gp QVector3D(nan, nan, nan)
Update parser time:  4
updating border drawer
updating heightmap grid drawer
Updating interpolation
generating probe program
updating parser: GCodeTableModel(0x7ffe95390240) GcodeDrawer(0x556255ff6570)
reseting gp QVector3D(nan, nan, nan)
Update parser time:  3
preparing vectors GcodeDrawer(0x556255ff6570)
lines count 6
updating heightmap grid drawer
Updating interpolation
generating probe program
updating parser: GCodeTableModel(0x7ffe95390240) GcodeDrawer(0x556255ff6570)
reseting gp QVector3D(nan, nan, nan)
Update parser time:  5
preparing vectors GcodeDrawer(0x556255ff6570)
lines count 8
updating heightmap grid drawer
Updating interpolation
generating probe program
updating parser: GCodeTableModel(0x7ffe95390240) GcodeDrawer(0x556255ff6570)
reseting gp QVector3D(nan, nan, nan)
Update parser time:  6
preparing vectors GcodeDrawer(0x556255ff6570)
lines count 11
Updating interpolation
Updating interpolation
updating heightmap grid drawer
Updating interpolation
generating probe program
updating parser: GCodeTableModel(0x7ffe95390240) GcodeDrawer(0x556255ff6570)
reseting gp QVector3D(nan, nan, nan)
Update parser time:  6
+++ frmMain::on_cmdFileSend_clicked - before sendNextFileCommands
+++ command: "G21G90F10G0Z1"
CandleConnection::write() : "G21G90F10G0Z1\r"
+++ command: "G0X0Y0"
CandleConnection::write() : "G0X0Y0\r"
+++ command: "G30"
CandleConnection::write() : "G30\r"
+++ command: "G0X0.000Y0.000"
CandleConnection::write() : "G0X0.000Y0.000\r"
+++ command: "G30"
CandleConnection::write() : "G30\r"
+++ command: "G0X37.160Y0.000"
CandleConnection::write() : "G0X37.160Y0.000\r"
+++ command: "G30"
CandleConnection::write() : "G30\r"
+++ command: "G0X74.320Y0.000"
CandleConnection::write() : "G0X74.320Y0.000\r"
+++ command: "G30"
CandleConnection::write() : "G30\r"
+++ command: "G0X74.320Y35.575"
CandleConnection::write() : "G0X74.320Y35.575\r"
+++ command: "G30"
CandleConnection::write() : "G30\r"
+++ command: "G0X37.160Y35.575"
CandleConnection::write() : "G0X37.160Y35.575\r"
+++ command: "G30"
CandleConnection::write() : "G30\r"
preparing vectors GcodeDrawer(0x556255ff6570)
lines count 11
+++ DATA: "ok"
+++ COMMAND: "G21G90F10G0Z1" , ca.tableIndex: 0
tool missed: 0 0 0
+++ DATA: "S_XYZ:5"
+++ parseResponse:  "S_XYZ:5"
+++ S_XYZ:  "5"
+++ RESPONSE: ""
+++ DATA: "S_XYZ:5"
+++ parseResponse:  "S_XYZ:5"
+++ S_XYZ:  "5"
+++ RESPONSE: ""
+++ DATA: "ok"
+++ COMMAND: "G0X0Y0" , ca.tableIndex: 1
tool missed: 1 1 1
+++ command: "G0X0.000Y35.575"
CandleConnection::write() : "G0X0.000Y35.575\r"
+++ command: "G30"
CandleConnection::write() : "G30\r"
+++ DATA: "echo:busy: processing"
+++ parseResponse:  "echo:busy: processing"
+++ ECHO:  "busy" ,  1
+++ RESPONSE: ""
+++ DATA: "X:0.00 Y:0.00 Z:6.89 Count X:0 Y:0 Z:27540"
+++ parseResponse:  "X:0.00 Y:0.00 Z:6.89 Count X:0 Y:0 Z:27540"
+++ X:Y:Z:  "0.00" ,  "0.00" ,  "6.89"
+++ RESPONSE: ""
+++ DATA: "S_XYZ:5"
+++ parseResponse:  "S_XYZ:5"
+++ S_XYZ:  "5"
+++ RESPONSE: ""
+++ DATA: "echo:busy: processing"
+++ parseResponse:  "echo:busy: processing"
+++ ECHO:  "busy" ,  1
+++ RESPONSE: ""
+++ DATA: "X:0.00 Y:0.00 Z:8.88 Count X:0 Y:0 Z:35524"
+++ parseResponse:  "X:0.00 Y:0.00 Z:8.88 Count X:0 Y:0 Z:35524"
+++ X:Y:Z:  "0.00" ,  "0.00" ,  "8.88"
+++ RESPONSE: ""
+++ DATA: "S_XYZ:5"
+++ parseResponse:  "S_XYZ:5"
+++ S_XYZ:  "5"
+++ RESPONSE: ""
+++ DATA: "echo:busy: processing"
+++ parseResponse:  "echo:busy: processing"
+++ ECHO:  "busy" ,  1
+++ RESPONSE: ""
+++ DATA: "X:0.00 Y:0.00 Z:9.62 Count X:0 Y:0 Z:38468"
+++ parseResponse:  "X:0.00 Y:0.00 Z:9.62 Count X:0 Y:0 Z:38468"
+++ X:Y:Z:  "0.00" ,  "0.00" ,  "9.62"
+++ RESPONSE: ""
+++ DATA: "S_XYZ:5"
+++ parseResponse:  "S_XYZ:5"
+++ S_XYZ:  "5"
+++ RESPONSE: ""
+++ DATA: "echo:busy: processing"
+++ parseResponse:  "echo:busy: processing"
+++ ECHO:  "busy" ,  1
+++ RESPONSE: ""
+++ DATA: "X:0.00 Y:0.00 Z:8.62 Count X:0 Y:0 Z:34472"
+++ parseResponse:  "X:0.00 Y:0.00 Z:8.62 Count X:0 Y:0 Z:34472"
+++ X:Y:Z:  "0.00" ,  "0.00" ,  "8.62"
+++ RESPONSE: ""
+++ DATA: "S_XYZ:5"
+++ parseResponse:  "S_XYZ:5"
+++ S_XYZ:  "5"
+++ RESPONSE: ""
+++ DATA: "echo:busy: processing"
+++ parseResponse:  "echo:busy: processing"
+++ ECHO:  "busy" ,  1
+++ RESPONSE: ""
+++ DATA: "X:0.00 Y:0.00 Z:7.62 Count X:0 Y:0 Z:30476"
+++ parseResponse:  "X:0.00 Y:0.00 Z:7.62 Count X:0 Y:0 Z:30476"
+++ X:Y:Z:  "0.00" ,  "0.00" ,  "7.62"
+++ RESPONSE: ""
+++ DATA: "S_XYZ:5"
+++ parseResponse:  "S_XYZ:5"
+++ S_XYZ:  "5"
+++ RESPONSE: ""
+++ DATA: "echo:busy: processing"
+++ parseResponse:  "echo:busy: processing"
+++ ECHO:  "busy" ,  1
+++ RESPONSE: ""
+++ DATA: "X:0.00 Y:0.00 Z:6.62 Count X:0 Y:0 Z:26480"
+++ parseResponse:  "X:0.00 Y:0.00 Z:6.62 Count X:0 Y:0 Z:26480"
+++ X:Y:Z:  "0.00" ,  "0.00" ,  "6.62"
+++ RESPONSE: ""
+++ DATA: "S_XYZ:5"
+++ parseResponse:  "S_XYZ:5"
+++ S_XYZ:  "5"
+++ RESPONSE: ""
+++ DATA: "echo:busy: processing"
+++ parseResponse:  "echo:busy: processing"
+++ ECHO:  "busy" ,  1
+++ RESPONSE: ""
+++ DATA: "X:0.00 Y:0.00 Z:5.62 Count X:0 Y:0 Z:22484"
+++ parseResponse:  "X:0.00 Y:0.00 Z:5.62 Count X:0 Y:0 Z:22484"
+++ X:Y:Z:  "0.00" ,  "0.00" ,  "5.62"
+++ RESPONSE: ""
+++ DATA: "S_XYZ:5"
+++ parseResponse:  "S_XYZ:5"
+++ S_XYZ:  "5"
+++ RESPONSE: ""
+++ DATA: "echo:busy: processing"
+++ parseResponse:  "echo:busy: processing"
+++ ECHO:  "busy" ,  1
+++ RESPONSE: ""
+++ DATA: "X:0.00 Y:0.00 Z:4.62 Count X:0 Y:0 Z:18488"
+++ parseResponse:  "X:0.00 Y:0.00 Z:4.62 Count X:0 Y:0 Z:18488"
+++ X:Y:Z:  "0.00" ,  "0.00" ,  "4.62"
+++ RESPONSE: ""
+++ DATA: "S_XYZ:5"
+++ parseResponse:  "S_XYZ:5"
+++ S_XYZ:  "5"
+++ RESPONSE: ""
+++ DATA: "echo:busy: processing"
+++ parseResponse:  "echo:busy: processing"
+++ ECHO:  "busy" ,  1
+++ RESPONSE: ""
+++ DATA: "X:0.00 Y:0.00 Z:3.62 Count X:0 Y:0 Z:14492"
+++ parseResponse:  "X:0.00 Y:0.00 Z:3.62 Count X:0 Y:0 Z:14492"
+++ X:Y:Z:  "0.00" ,  "0.00" ,  "3.62"
+++ RESPONSE: ""
+++ DATA: "S_XYZ:5"
+++ parseResponse:  "S_XYZ:5"
+++ S_XYZ:  "5"
+++ RESPONSE: ""
+++ DATA: "echo:busy: processing"
+++ parseResponse:  "echo:busy: processing"
+++ ECHO:  "busy" ,  1
+++ RESPONSE: ""
+++ DATA: "X:0.00 Y:0.00 Z:2.62 Count X:0 Y:0 Z:10496"
+++ parseResponse:  "X:0.00 Y:0.00 Z:2.62 Count X:0 Y:0 Z:10496"
+++ X:Y:Z:  "0.00" ,  "0.00" ,  "2.62"
+++ RESPONSE: ""
+++ DATA: "S_XYZ:5"
+++ parseResponse:  "S_XYZ:5"
+++ S_XYZ:  "5"
+++ RESPONSE: ""
+++ DATA: "echo:busy: processing"
+++ parseResponse:  "echo:busy: processing"
+++ ECHO:  "busy" ,  1
+++ RESPONSE: ""
+++ DATA: "X:0.00 Y:0.00 Z:1.63 Count X:0 Y:0 Z:6500"
+++ parseResponse:  "X:0.00 Y:0.00 Z:1.63 Count X:0 Y:0 Z:6500"
+++ X:Y:Z:  "0.00" ,  "0.00" ,  "1.63"
+++ RESPONSE: ""
+++ DATA: "S_XYZ:5"
+++ parseResponse:  "S_XYZ:5"
+++ S_XYZ:  "5"
+++ RESPONSE: ""
+++ DATA: "echo:busy: processing"
+++ parseResponse:  "echo:busy: processing"
+++ ECHO:  "busy" ,  1
+++ RESPONSE: ""
+++ DATA: "X:0.00 Y:0.00 Z:0.63 Count X:0 Y:0 Z:2504"
+++ parseResponse:  "X:0.00 Y:0.00 Z:0.63 Count X:0 Y:0 Z:2504"
+++ X:Y:Z:  "0.00" ,  "0.00" ,  "0.63"
+++ RESPONSE: ""
+++ DATA: "S_XYZ:5"
+++ parseResponse:  "S_XYZ:5"
+++ S_XYZ:  "5"
+++ RESPONSE: ""
+++ DATA: "Bed X: 0.00 Y: 0.00 Z: -0.02"
+++ parseResponse:  "Bed X: 0.00 Y: 0.00 Z: -0.02"
+++ RESPONSE: "Bed X: 0.00 Y: 0.00 Z: -0.02;"
+++ DATA: "X:0.00 Y:0.00 Z:-0.02 Count X:0 Y:0 Z:-68"
+++ parseResponse:  "X:0.00 Y:0.00 Z:-0.02 Count X:0 Y:0 Z:-68"
+++ X:Y:Z:  "0.00" ,  "0.00" ,  "-0.02"
+++ RESPONSE: "Bed X: 0.00 Y: 0.00 Z: -0.02;"
+++ DATA: "ok"
+++ COMMAND: "G30" , ca.tableIndex: 2
+++ DATA: "S_XYZ:5"
+++ parseResponse:  "S_XYZ:5"
+++ S_XYZ:  "5"
+++ RESPONSE: ""
+++ DATA: "S_XYZ:5"
+++ parseResponse:  "S_XYZ:5"
+++ S_XYZ:  "5"
+++ RESPONSE: ""
+++ DATA: "ok"
+++ COMMAND: "G0X0.000Y0.000" , ca.tableIndex: 3
+++ command: "G0X0.000Y71.150"
CandleConnection::write() : "G0X0.000Y71.150\r"
+++ command: "G30"
CandleConnection::write() : "G30\r"
+++ DATA: "echo:busy: processing"
+++ parseResponse:  "echo:busy: processing"
+++ ECHO:  "busy" ,  1
+++ RESPONSE: ""
+++ DATA: "X:0.00 Y:0.00 Z:1.87 Count X:0 Y:0 Z:7471"
+++ parseResponse:  "X:0.00 Y:0.00 Z:1.87 Count X:0 Y:0 Z:7471"
+++ X:Y:Z:  "0.00" ,  "0.00" ,  "1.87"
+++ RESPONSE: ""
+++ DATA: "S_XYZ:5"
+++ parseResponse:  "S_XYZ:5"
+++ S_XYZ:  "5"
+++ RESPONSE: ""
+++ DATA: "echo:busy: processing"
+++ parseResponse:  "echo:busy: processing"
+++ ECHO:  "busy" ,  1
+++ RESPONSE: ""
+++ DATA: "X:0.00 Y:0.00 Z:3.86 Count X:0 Y:0 Z:15455"
+++ parseResponse:  "X:0.00 Y:0.00 Z:3.86 Count X:0 Y:0 Z:15455"
+++ X:Y:Z:  "0.00" ,  "0.00" ,  "3.86"
+++ RESPONSE: ""
+++ DATA: "S_XYZ:5"
+++ parseResponse:  "S_XYZ:5"
+++ S_XYZ:  "5"
+++ RESPONSE: ""
+++ DATA: "echo:busy: processing"
+++ parseResponse:  "echo:busy: processing"
+++ ECHO:  "busy" ,  1
+++ RESPONSE: ""
+++ DATA: "X:0.00 Y:0.00 Z:5.86 Count X:0 Y:0 Z:23439"
+++ parseResponse:  "X:0.00 Y:0.00 Z:5.86 Count X:0 Y:0 Z:23439"
+++ X:Y:Z:  "0.00" ,  "0.00" ,  "5.86"
+++ RESPONSE: ""
+++ DATA: "S_XYZ:5"
+++ parseResponse:  "S_XYZ:5"
+++ S_XYZ:  "5"
+++ RESPONSE: ""
+++ DATA: "echo:busy: processing"
+++ parseResponse:  "echo:busy: processing"
+++ ECHO:  "busy" ,  1
+++ RESPONSE: ""
+++ DATA: "X:0.00 Y:0.00 Z:7.86 Count X:0 Y:0 Z:31423"
+++ parseResponse:  "X:0.00 Y:0.00 Z:7.86 Count X:0 Y:0 Z:31423"
+++ X:Y:Z:  "0.00" ,  "0.00" ,  "7.86"
+++ RESPONSE: ""
+++ DATA: "S_XYZ:5"
+++ parseResponse:  "S_XYZ:5"
+++ S_XYZ:  "5"
+++ RESPONSE: ""
+++ DATA: "echo:busy: processing"
+++ parseResponse:  "echo:busy: processing"
+++ ECHO:  "busy" ,  1
+++ RESPONSE: ""
+++ DATA: "X:0.00 Y:0.00 Z:9.85 Count X:0 Y:0 Z:39407"
+++ parseResponse:  "X:0.00 Y:0.00 Z:9.85 Count X:0 Y:0 Z:39407"
+++ X:Y:Z:  "0.00" ,  "0.00" ,  "9.85"
+++ RESPONSE: ""
+++ DATA: "S_XYZ:5"
+++ parseResponse:  "S_XYZ:5"
+++ S_XYZ:  "5"
+++ RESPONSE: ""
+++ DATA: "echo:busy: processing"
+++ parseResponse:  "echo:busy: processing"
+++ ECHO:  "busy" ,  1
+++ RESPONSE: ""
+++ DATA: "X:0.00 Y:0.00 Z:9.13 Count X:0 Y:0 Z:36525"
+++ parseResponse:  "X:0.00 Y:0.00 Z:9.13 Count X:0 Y:0 Z:36525"
+++ X:Y:Z:  "0.00" ,  "0.00" ,  "9.13"
+++ RESPONSE: ""
+++ DATA: "S_XYZ:5"
+++ parseResponse:  "S_XYZ:5"
+++ S_XYZ:  "5"
+++ RESPONSE: ""
+++ DATA: "echo:busy: processing"
+++ parseResponse:  "echo:busy: processing"
+++ ECHO:  "busy" ,  1
+++ RESPONSE: ""
+++ DATA: "X:0.00 Y:0.00 Z:8.13 Count X:0 Y:0 Z:32529"
+++ parseResponse:  "X:0.00 Y:0.00 Z:8.13 Count X:0 Y:0 Z:32529"
+++ X:Y:Z:  "0.00" ,  "0.00" ,  "8.13"
+++ RESPONSE: ""
+++ DATA: "S_XYZ:5"
+++ parseResponse:  "S_XYZ:5"
+++ S_XYZ:  "5"
+++ RESPONSE: ""
+++ DATA: "echo:busy: processing"
+++ parseResponse:  "echo:busy: processing"
+++ ECHO:  "busy" ,  1
+++ RESPONSE: ""
+++ DATA: "X:0.00 Y:0.00 Z:7.13 Count X:0 Y:0 Z:28533"
+++ parseResponse:  "X:0.00 Y:0.00 Z:7.13 Count X:0 Y:0 Z:28533"
+++ X:Y:Z:  "0.00" ,  "0.00" ,  "7.13"
+++ RESPONSE: ""
+++ DATA: "S_XYZ:5"
+++ parseResponse:  "S_XYZ:5"
+++ S_XYZ:  "5"
+++ RESPONSE: ""
+++ DATA: "echo:busy: processing"
+++ parseResponse:  "echo:busy: processing"
+++ ECHO:  "busy" ,  1
+++ RESPONSE: ""
+++ DATA: "X:0.00 Y:0.00 Z:6.13 Count X:0 Y:0 Z:24537"
+++ parseResponse:  "X:0.00 Y:0.00 Z:6.13 Count X:0 Y:0 Z:24537"
+++ X:Y:Z:  "0.00" ,  "0.00" ,  "6.13"
+++ RESPONSE: ""
+++ DATA: "S_XYZ:5"
+++ parseResponse:  "S_XYZ:5"
+++ S_XYZ:  "5"
+++ RESPONSE: ""
+++ DATA: "echo:busy: processing"
+++ parseResponse:  "echo:busy: processing"
+++ ECHO:  "busy" ,  1
+++ RESPONSE: ""
+++ DATA: "X:0.00 Y:0.00 Z:5.14 Count X:0 Y:0 Z:20541"
+++ parseResponse:  "X:0.00 Y:0.00 Z:5.14 Count X:0 Y:0 Z:20541"
+++ X:Y:Z:  "0.00" ,  "0.00" ,  "5.14"
+++ RESPONSE: ""
+++ DATA: "S_XYZ:5"
+++ parseResponse:  "S_XYZ:5"
+++ S_XYZ:  "5"
+++ RESPONSE: ""
+++ DATA: "echo:busy: processing"
+++ parseResponse:  "echo:busy: processing"
+++ ECHO:  "busy" ,  1
+++ RESPONSE: ""
+++ DATA: "X:0.00 Y:0.00 Z:4.14 Count X:0 Y:0 Z:16545"
+++ parseResponse:  "X:0.00 Y:0.00 Z:4.14 Count X:0 Y:0 Z:16545"
+++ X:Y:Z:  "0.00" ,  "0.00" ,  "4.14"
+++ RESPONSE: ""
+++ DATA: "S_XYZ:5"
+++ parseResponse:  "S_XYZ:5"
+++ S_XYZ:  "5"
+++ RESPONSE: ""
+++ DATA: "echo:busy: processing"
+++ parseResponse:  "echo:busy: processing"
+++ ECHO:  "busy" ,  1
+++ RESPONSE: ""
+++ DATA: "X:0.00 Y:0.00 Z:3.14 Count X:0 Y:0 Z:12549"
+++ parseResponse:  "X:0.00 Y:0.00 Z:3.14 Count X:0 Y:0 Z:12549"
+++ X:Y:Z:  "0.00" ,  "0.00" ,  "3.14"
+++ RESPONSE: ""
+++ DATA: "S_XYZ:5"
+++ parseResponse:  "S_XYZ:5"
+++ S_XYZ:  "5"
+++ RESPONSE: ""
+++ DATA: "echo:busy: processing"
+++ parseResponse:  "echo:busy: processing"
+++ ECHO:  "busy" ,  1
+++ RESPONSE: ""
+++ DATA: "X:0.00 Y:0.00 Z:2.14 Count X:0 Y:0 Z:8553"
+++ parseResponse:  "X:0.00 Y:0.00 Z:2.14 Count X:0 Y:0 Z:8553"
+++ X:Y:Z:  "0.00" ,  "0.00" ,  "2.14"
+++ RESPONSE: ""
+++ DATA: "S_XYZ:5"
+++ parseResponse:  "S_XYZ:5"
+++ S_XYZ:  "5"
+++ RESPONSE: ""
+++ DATA: "echo:busy: processing"
+++ parseResponse:  "echo:busy: processing"
+++ ECHO:  "busy" ,  1
+++ RESPONSE: ""
+++ DATA: "X:0.00 Y:0.00 Z:1.14 Count X:0 Y:0 Z:4557"
+++ parseResponse:  "X:0.00 Y:0.00 Z:1.14 Count X:0 Y:0 Z:4557"
+++ X:Y:Z:  "0.00" ,  "0.00" ,  "1.14"
+++ RESPONSE: ""
+++ DATA: "S_XYZ:5"
+++ parseResponse:  "S_XYZ:5"
+++ S_XYZ:  "5"
+++ RESPONSE: ""
+++ DATA: "echo:busy: processing"
+++ parseResponse:  "echo:busy: processing"
+++ ECHO:  "busy" ,  1
+++ RESPONSE: ""
+++ DATA: "X:0.00 Y:0.00 Z:0.14 Count X:0 Y:0 Z:561"
+++ parseResponse:  "X:0.00 Y:0.00 Z:0.14 Count X:0 Y:0 Z:561"
+++ X:Y:Z:  "0.00" ,  "0.00" ,  "0.14"
+++ RESPONSE: ""
+++ DATA: "S_XYZ:5"
+++ parseResponse:  "S_XYZ:5"
+++ S_XYZ:  "5"
+++ RESPONSE: ""
+++ DATA: "Bed X: 0.00 Y: 0.00 Z: -0.02"
+++ parseResponse:  "Bed X: 0.00 Y: 0.00 Z: -0.02"
+++ RESPONSE: "Bed X: 0.00 Y: 0.00 Z: -0.02;"
+++ DATA: "X:0.00 Y:0.00 Z:-0.02 Count X:0 Y:0 Z:-71"
+++ parseResponse:  "X:0.00 Y:0.00 Z:-0.02 Count X:0 Y:0 Z:-71"
+++ X:Y:Z:  "0.00" ,  "0.00" ,  "-0.02"
+++ RESPONSE: "Bed X: 0.00 Y: 0.00 Z: -0.02;"
+++ DATA: "ok"
+++ COMMAND: "G30" , ca.tableIndex: 4
tool missed: 4 2 4
+++ DATA: "S_XYZ:5"
+++ parseResponse:  "S_XYZ:5"
+++ S_XYZ:  "5"
+++ RESPONSE: ""
+++ DATA: "S_XYZ:5"
+++ parseResponse:  "S_XYZ:5"
+++ S_XYZ:  "5"
+++ RESPONSE: ""
+++ DATA: "ok"
+++ COMMAND: "G0X37.160Y0.000" , ca.tableIndex: 5
tool missed: 5 3 5
+++ command: "G0X37.160Y71.150"
CandleConnection::write() : "G0X37.160Y71.150\r"
+++ command: "G30"
CandleConnection::write() : "G30\r"
+++ DATA: "echo:busy: processing"
+++ parseResponse:  "echo:busy: processing"
+++ ECHO:  "busy" ,  1
+++ RESPONSE: ""
+++ DATA: "X:37.16 Y:0.00 Z:0.01 Count X:59456 Y:0 Z:43"
+++ parseResponse:  "X:37.16 Y:0.00 Z:0.01 Count X:59456 Y:0 Z:43"
+++ X:Y:Z:  "37.16" ,  "0.00" ,  "0.01"
+++ RESPONSE: ""
+++ DATA: "S_XYZ:5"
+++ parseResponse:  "S_XYZ:5"
+++ S_XYZ:  "5"
+++ RESPONSE: ""
+++ DATA: "echo:busy: processing"
+++ parseResponse:  "echo:busy: processing"
+++ ECHO:  "busy" ,  1
+++ RESPONSE: ""
+++ DATA: "X:37.16 Y:0.00 Z:2.01 Count X:59456 Y:0 Z:8027"
+++ parseResponse:  "X:37.16 Y:0.00 Z:2.01 Count X:59456 Y:0 Z:8027"
+++ X:Y:Z:  "37.16" ,  "0.00" ,  "2.01"
+++ RESPONSE: ""
+++ DATA: "S_XYZ:5"
+++ parseResponse:  "S_XYZ:5"
+++ S_XYZ:  "5"
+++ RESPONSE: ""
+++ DATA: "echo:busy: processing"
+++ parseResponse:  "echo:busy: processing"
+++ ECHO:  "busy" ,  1
+++ RESPONSE: ""
+++ DATA: "X:37.16 Y:0.00 Z:4.00 Count X:59456 Y:0 Z:16011"
+++ parseResponse:  "X:37.16 Y:0.00 Z:4.00 Count X:59456 Y:0 Z:16011"
+++ X:Y:Z:  "37.16" ,  "0.00" ,  "4.00"
+++ RESPONSE: ""
+++ DATA: "S_XYZ:5"
+++ parseResponse:  "S_XYZ:5"
+++ S_XYZ:  "5"
+++ RESPONSE: ""
+++ DATA: "echo:busy: processing"
+++ parseResponse:  "echo:busy: processing"
+++ ECHO:  "busy" ,  1
+++ RESPONSE: ""
+++ DATA: "X:37.16 Y:0.00 Z:6.00 Count X:59456 Y:0 Z:23995"
+++ parseResponse:  "X:37.16 Y:0.00 Z:6.00 Count X:59456 Y:0 Z:23995"
+++ X:Y:Z:  "37.16" ,  "0.00" ,  "6.00"
+++ RESPONSE: ""
+++ DATA: "S_XYZ:5"
+++ parseResponse:  "S_XYZ:5"
+++ S_XYZ:  "5"
+++ RESPONSE: ""
+++ DATA: "echo:busy: processing"
+++ parseResponse:  "echo:busy: processing"
+++ ECHO:  "busy" ,  1
+++ RESPONSE: ""
+++ DATA: "X:37.16 Y:0.00 Z:7.99 Count X:59456 Y:0 Z:31979"
+++ parseResponse:  "X:37.16 Y:0.00 Z:7.99 Count X:59456 Y:0 Z:31979"
+++ X:Y:Z:  "37.16" ,  "0.00" ,  "7.99"
+++ RESPONSE: ""
+++ DATA: "S_XYZ:5"
+++ parseResponse:  "S_XYZ:5"
+++ S_XYZ:  "5"
+++ RESPONSE: ""
+++ DATA: "echo:busy: processing"
+++ parseResponse:  "echo:busy: processing"
+++ ECHO:  "busy" ,  1
+++ RESPONSE: ""
+++ DATA: "X:37.16 Y:0.00 Z:9.99 Count X:59456 Y:0 Z:39963"
+++ parseResponse:  "X:37.16 Y:0.00 Z:9.99 Count X:59456 Y:0 Z:39963"
+++ X:Y:Z:  "37.16" ,  "0.00" ,  "9.99"
+++ RESPONSE: ""
+++ DATA: "S_XYZ:5"
+++ parseResponse:  "S_XYZ:5"
+++ S_XYZ:  "5"
+++ RESPONSE: ""
+++ DATA: "echo:busy: processing"
+++ parseResponse:  "echo:busy: processing"
+++ ECHO:  "busy" ,  1
+++ RESPONSE: ""
+++ DATA: "X:37.16 Y:0.00 Z:9.06 Count X:59456 Y:0 Z:36246"
+++ parseResponse:  "X:37.16 Y:0.00 Z:9.06 Count X:59456 Y:0 Z:36246"
+++ X:Y:Z:  "37.16" ,  "0.00" ,  "9.06"
+++ RESPONSE: ""
+++ DATA: "S_XYZ:5"
+++ parseResponse:  "S_XYZ:5"
+++ S_XYZ:  "5"
+++ RESPONSE: ""
+++ DATA: "echo:busy: processing"
+++ parseResponse:  "echo:busy: processing"
+++ ECHO:  "busy" ,  1
+++ RESPONSE: ""
+++ DATA: "X:37.16 Y:0.00 Z:8.06 Count X:59456 Y:0 Z:32250"
+++ parseResponse:  "X:37.16 Y:0.00 Z:8.06 Count X:59456 Y:0 Z:32250"
+++ X:Y:Z:  "37.16" ,  "0.00" ,  "8.06"
+++ RESPONSE: ""
+++ DATA: "S_XYZ:5"
+++ parseResponse:  "S_XYZ:5"
+++ S_XYZ:  "5"
+++ RESPONSE: ""
+++ DATA: "echo:busy: processing"
+++ parseResponse:  "echo:busy: processing"
+++ ECHO:  "busy" ,  1
+++ RESPONSE: ""
+++ DATA: "X:37.16 Y:0.00 Z:7.06 Count X:59456 Y:0 Z:28254"
+++ parseResponse:  "X:37.16 Y:0.00 Z:7.06 Count X:59456 Y:0 Z:28254"
+++ X:Y:Z:  "37.16" ,  "0.00" ,  "7.06"
+++ RESPONSE: ""
+++ DATA: "S_XYZ:5"
+++ parseResponse:  "S_XYZ:5"
+++ S_XYZ:  "5"
+++ RESPONSE: ""
+++ DATA: "echo:busy: processing"
+++ parseResponse:  "echo:busy: processing"
+++ ECHO:  "busy" ,  1
+++ RESPONSE: ""
+++ DATA: "X:37.16 Y:0.00 Z:6.06 Count X:59456 Y:0 Z:24258"
+++ parseResponse:  "X:37.16 Y:0.00 Z:6.06 Count X:59456 Y:0 Z:24258"
+++ X:Y:Z:  "37.16" ,  "0.00" ,  "6.06"
+++ RESPONSE: ""
+++ DATA: "S_XYZ:5"
+++ parseResponse:  "S_XYZ:5"
+++ S_XYZ:  "5"
+++ RESPONSE: ""
+++ DATA: "echo:busy: processing"
+++ parseResponse:  "echo:busy: processing"
+++ ECHO:  "busy" ,  1
+++ RESPONSE: ""
+++ DATA: "X:37.16 Y:0.00 Z:5.07 Count X:59456 Y:0 Z:20262"
+++ parseResponse:  "X:37.16 Y:0.00 Z:5.07 Count X:59456 Y:0 Z:20262"
+++ X:Y:Z:  "37.16" ,  "0.00" ,  "5.07"
+++ RESPONSE: ""
+++ DATA: "S_XYZ:5"
+++ parseResponse:  "S_XYZ:5"
+++ S_XYZ:  "5"
+++ RESPONSE: ""
+++ DATA: "echo:busy: processing"
+++ parseResponse:  "echo:busy: processing"
+++ ECHO:  "busy" ,  1
+++ RESPONSE: ""
+++ DATA: "X:37.16 Y:0.00 Z:4.07 Count X:59456 Y:0 Z:16266"
+++ parseResponse:  "X:37.16 Y:0.00 Z:4.07 Count X:59456 Y:0 Z:16266"
+++ X:Y:Z:  "37.16" ,  "0.00" ,  "4.07"
+++ RESPONSE: ""
+++ DATA: "S_XYZ:5"
+++ parseResponse:  "S_XYZ:5"
+++ S_XYZ:  "5"
+++ RESPONSE: ""
+++ DATA: "echo:busy: processing"
+++ parseResponse:  "echo:busy: processing"
+++ ECHO:  "busy" ,  1
+++ RESPONSE: ""
+++ DATA: "X:37.16 Y:0.00 Z:3.07 Count X:59456 Y:0 Z:12270"
+++ parseResponse:  "X:37.16 Y:0.00 Z:3.07 Count X:59456 Y:0 Z:12270"
+++ X:Y:Z:  "37.16" ,  "0.00" ,  "3.07"
+++ RESPONSE: ""
+++ DATA: "S_XYZ:5"
+++ parseResponse:  "S_XYZ:5"
+++ S_XYZ:  "5"
+++ RESPONSE: ""
+++ DATA: "echo:busy: processing"
+++ parseResponse:  "echo:busy: processing"
+++ ECHO:  "busy" ,  1
+++ RESPONSE: ""
+++ DATA: "X:37.16 Y:0.00 Z:2.07 Count X:59456 Y:0 Z:8274"
+++ parseResponse:  "X:37.16 Y:0.00 Z:2.07 Count X:59456 Y:0 Z:8274"
+++ X:Y:Z:  "37.16" ,  "0.00" ,  "2.07"
+++ RESPONSE: ""
+++ DATA: "S_XYZ:5"
+++ parseResponse:  "S_XYZ:5"
+++ S_XYZ:  "5"
+++ RESPONSE: ""
+++ DATA: "echo:busy: processing"
+++ parseResponse:  "echo:busy: processing"
+++ ECHO:  "busy" ,  1
+++ RESPONSE: ""
+++ DATA: "X:37.16 Y:0.00 Z:1.07 Count X:59456 Y:0 Z:4276"
+++ parseResponse:  "X:37.16 Y:0.00 Z:1.07 Count X:59456 Y:0 Z:4276"
+++ X:Y:Z:  "37.16" ,  "0.00" ,  "1.07"
+++ RESPONSE: ""
+++ DATA: "S_XYZ:5"
+++ parseResponse:  "S_XYZ:5"
+++ S_XYZ:  "5"
+++ RESPONSE: ""
+++ DATA: "Bed X: 37.16 Y: 0.00 Z: 0.18"
+++ parseResponse:  "Bed X: 37.16 Y: 0.00 Z: 0.18"
+++ RESPONSE: "Bed X: 37.16 Y: 0.00 Z: 0.18;"
+++ DATA: "X:37.16 Y:0.00 Z:0.18 Count X:59456 Y:0 Z:715"
+++ parseResponse:  "X:37.16 Y:0.00 Z:0.18 Count X:59456 Y:0 Z:715"
+++ X:Y:Z:  "37.16" ,  "0.00" ,  "0.18"
+++ RESPONSE: "Bed X: 37.16 Y: 0.00 Z: 0.18;"
+++ DATA: "ok"
+++ COMMAND: "G30" , ca.tableIndex: 6
tool missed: 6 3 6
+++ DATA: "S_XYZ:5"
+++ parseResponse:  "S_XYZ:5"
+++ S_XYZ:  "5"
+++ RESPONSE: ""
+++ DATA: "S_XYZ:5"
+++ parseResponse:  "S_XYZ:5"
+++ S_XYZ:  "5"
+++ RESPONSE: ""
+++ DATA: "ok"
+++ COMMAND: "G0X74.320Y0.000" , ca.tableIndex: 7
tool missed: 7 4 7
+++ command: "G0X74.320Y71.150"
CandleConnection::write() : "G0X74.320Y71.150\r"
+++ DATA: "echo:busy: processing"
+++ parseResponse:  "echo:busy: processing"
+++ ECHO:  "busy" ,  1
+++ RESPONSE: ""
+++ DATA: "X:74.32 Y:0.00 Z:0.21 Count X:118912 Y:0 Z:831"
+++ parseResponse:  "X:74.32 Y:0.00 Z:0.21 Count X:118912 Y:0 Z:831"
+++ X:Y:Z:  "74.32" ,  "0.00" ,  "0.21"
+++ RESPONSE: ""
+++ DATA: "S_XYZ:5"
+++ parseResponse:  "S_XYZ:5"
+++ S_XYZ:  "5"
+++ RESPONSE: ""
+++ on_pbConnect_clicked
Press <RETURN> to close this window...



